<?xml version="1.0" encoding="UTF-8" standalone="no"?>
<!DOCTYPE log SYSTEM "logger.dtd">
<log>
<record>
  <date>2019-09-13T21:10:55</date>
  <millis>1568389255384</millis>
  <sequence>0</sequence>
  <level>START</level>
  <class>com.kms.katalon.core.logging.XmlKeywordLogger</class>
  <method>startSuite</method>
  <thread>1</thread>
  <message>Start Test Suite : Test Suites/VirtualShowSuites/DashboardSuite</message>
  <nestedLevel>0</nestedLevel>
  <property name="name">DashboardSuite</property>
  <property name="description"></property>
  <property name="id">Test Suites/VirtualShowSuites/DashboardSuite</property>
</record>
<record>
  <date>2019-09-13T21:10:55</date>
  <millis>1568389255399</millis>
  <sequence>1</sequence>
  <level>RUN_DATA</level>
  <class>com.kms.katalon.core.logging.XmlKeywordLogger</class>
  <method>logMessage</method>
  <thread>1</thread>
  <message>hostName = user - Nivedita</message>
  <nestedLevel>0</nestedLevel>
  <property name="hostName">user - Nivedita</property>
</record>
<record>
  <date>2019-09-13T21:10:55</date>
  <millis>1568389255401</millis>
  <sequence>2</sequence>
  <level>RUN_DATA</level>
  <class>com.kms.katalon.core.logging.XmlKeywordLogger</class>
  <method>logMessage</method>
  <thread>1</thread>
  <message>os = Windows 8.1 64bit</message>
  <nestedLevel>0</nestedLevel>
  <property name="os">Windows 8.1 64bit</property>
</record>
<record>
  <date>2019-09-13T21:10:55</date>
  <millis>1568389255402</millis>
  <sequence>3</sequence>
  <level>RUN_DATA</level>
  <class>com.kms.katalon.core.logging.XmlKeywordLogger</class>
  <method>logMessage</method>
  <thread>1</thread>
  <message>hostAddress = 192.168.43.31</message>
  <nestedLevel>0</nestedLevel>
  <property name="hostAddress">192.168.43.31</property>
</record>
<record>
  <date>2019-09-13T21:10:55</date>
  <millis>1568389255403</millis>
  <sequence>4</sequence>
  <level>RUN_DATA</level>
  <class>com.kms.katalon.core.logging.XmlKeywordLogger</class>
  <method>logMessage</method>
  <thread>1</thread>
  <message>katalonVersion = 6.1.1.1</message>
  <nestedLevel>0</nestedLevel>
  <property name="katalonVersion">6.1.1.1</property>
</record>
<record>
  <date>2019-09-13T21:10:55</date>
  <millis>1568389255666</millis>
  <sequence>5</sequence>
  <level>START</level>
  <class>com.kms.katalon.core.logging.XmlKeywordLogger</class>
  <method>startTest</method>
  <thread>1</thread>
  <message>Start Test Case : Test Cases/VirtualShow/BODTY</message>
  <nestedLevel>1</nestedLevel>
  <property name="name">Test Cases/VirtualShow/BODTY</property>
  <property name="description"></property>
  <property name="id">Test Cases/VirtualShow/BODTY</property>
  <property name="source">C:\\Users\\user\\Documents\\testautomation\\KatalonProjects\\Test Cases\\VirtualShow\\BODTY.tc</property>
  <property name="isOptional">false</property>
</record>
<record>
  <date>2019-09-13T21:10:55</date>
  <millis>1568389255954</millis>
  <sequence>7</sequence>
  <level>START</level>
  <class>com.kms.katalon.core.logging.XmlKeywordLogger</class>
  <method>startKeyword</method>
  <thread>1</thread>
  <message>Start listener action : sampleBeforeTestCase</message>
  <nestedLevel>1</nestedLevel>
</record>
<record>
  <date>2019-09-13T21:10:55</date>
  <millis>1568389255978</millis>
  <sequence>9</sequence>
  <level>START</level>
  <class>com.kms.katalon.core.logging.XmlKeywordLogger</class>
  <method>startKeyword</method>
  <thread>1</thread>
  <message>Start action : println(testCaseContext.getTestCaseId())</message>
  <nestedLevel>1</nestedLevel>
  <property name="startLine">32</property>
  <property name="stepIndex">1</property>
</record>
<record>
  <date>2019-09-13T21:10:56</date>
  <millis>1568389256000</millis>
  <sequence>10</sequence>
  <level>END</level>
  <class>com.kms.katalon.core.logging.XmlKeywordLogger</class>
  <method>endKeyword</method>
  <thread>1</thread>
  <message>End action : println(testCaseContext.getTestCaseId())</message>
  <nestedLevel>1</nestedLevel>
</record>
<record>
  <date>2019-09-13T21:10:56</date>
  <millis>1568389256001</millis>
  <sequence>11</sequence>
  <level>START</level>
  <class>com.kms.katalon.core.logging.XmlKeywordLogger</class>
  <method>startKeyword</method>
  <thread>1</thread>
  <message>Start action : println(testCaseContext.getTestCaseVariables())</message>
  <nestedLevel>1</nestedLevel>
  <property name="startLine">33</property>
  <property name="stepIndex">2</property>
</record>
<record>
  <date>2019-09-13T21:10:56</date>
  <millis>1568389256002</millis>
  <sequence>13</sequence>
  <level>END</level>
  <class>com.kms.katalon.core.logging.XmlKeywordLogger</class>
  <method>endKeyword</method>
  <thread>1</thread>
  <message>End action : println(testCaseContext.getTestCaseVariables())</message>
  <nestedLevel>1</nestedLevel>
</record>
<record>
  <date>2019-09-13T21:10:56</date>
  <millis>1568389256002</millis>
  <sequence>14</sequence>
  <level>END</level>
  <class>com.kms.katalon.core.logging.XmlKeywordLogger</class>
  <method>endKeyword</method>
  <thread>1</thread>
  <message>End listener action : sampleBeforeTestCase</message>
  <nestedLevel>1</nestedLevel>
</record>
<record>
  <date>2019-09-13T21:10:56</date>
  <millis>1568389256994</millis>
  <sequence>15</sequence>
  <level>START</level>
  <class>com.kms.katalon.core.logging.XmlKeywordLogger</class>
  <method>startKeyword</method>
  <thread>1</thread>
  <message>Start action : dataFile = \&amp;quot;virtualShowData\&amp;quot;</message>
  <nestedLevel>1</nestedLevel>
  <property name="startLine">27</property>
  <property name="stepIndex">1</property>
</record>
<record>
  <date>2019-09-13T21:10:56</date>
  <millis>1568389256995</millis>
  <sequence>16</sequence>
  <level>END</level>
  <class>com.kms.katalon.core.logging.XmlKeywordLogger</class>
  <method>endKeyword</method>
  <thread>1</thread>
  <message>End action : dataFile = \&amp;quot;virtualShowData\&amp;quot;</message>
  <nestedLevel>1</nestedLevel>
</record>
<record>
  <date>2019-09-13T21:10:56</date>
  <millis>1568389256996</millis>
  <sequence>17</sequence>
  <level>START</level>
  <class>com.kms.katalon.core.logging.XmlKeywordLogger</class>
  <method>startKeyword</method>
  <thread>1</thread>
  <message>Start action : guest1 = findTestData(dataFile).getValue(\&amp;quot;guest1\&amp;quot;, 1)</message>
  <nestedLevel>1</nestedLevel>
  <property name="startLine">29</property>
  <property name="stepIndex">2</property>
</record>
<record>
  <date>2019-09-13T21:10:57</date>
  <millis>1568389257953</millis>
  <sequence>22</sequence>
  <level>END</level>
  <class>com.kms.katalon.core.logging.XmlKeywordLogger</class>
  <method>endKeyword</method>
  <thread>1</thread>
  <message>End action : guest1 = findTestData(dataFile).getValue(\&amp;quot;guest1\&amp;quot;, 1)</message>
  <nestedLevel>1</nestedLevel>
</record>
<record>
  <date>2019-09-13T21:10:57</date>
  <millis>1568389257954</millis>
  <sequence>23</sequence>
  <level>START</level>
  <class>com.kms.katalon.core.logging.XmlKeywordLogger</class>
  <method>startKeyword</method>
  <thread>1</thread>
  <message>Start action : guest2 = findTestData(dataFile).getValue(\&amp;quot;guest2\&amp;quot;, 1)</message>
  <nestedLevel>1</nestedLevel>
  <property name="startLine">31</property>
  <property name="stepIndex">3</property>
</record>
<record>
  <date>2019-09-13T21:10:58</date>
  <millis>1568389258037</millis>
  <sequence>28</sequence>
  <level>END</level>
  <class>com.kms.katalon.core.logging.XmlKeywordLogger</class>
  <method>endKeyword</method>
  <thread>1</thread>
  <message>End action : guest2 = findTestData(dataFile).getValue(\&amp;quot;guest2\&amp;quot;, 1)</message>
  <nestedLevel>1</nestedLevel>
</record>
<record>
  <date>2019-09-13T21:10:58</date>
  <millis>1568389258038</millis>
  <sequence>29</sequence>
  <level>START</level>
  <class>com.kms.katalon.core.logging.XmlKeywordLogger</class>
  <method>startKeyword</method>
  <thread>1</thread>
  <message>Start action : hostess = findTestData(dataFile).getValue(\&amp;quot;hostess\&amp;quot;, 1)</message>
  <nestedLevel>1</nestedLevel>
  <property name="startLine">33</property>
  <property name="stepIndex">4</property>
</record>
<record>
  <date>2019-09-13T21:10:58</date>
  <millis>1568389258156</millis>
  <sequence>34</sequence>
  <level>END</level>
  <class>com.kms.katalon.core.logging.XmlKeywordLogger</class>
  <method>endKeyword</method>
  <thread>1</thread>
  <message>End action : hostess = findTestData(dataFile).getValue(\&amp;quot;hostess\&amp;quot;, 1)</message>
  <nestedLevel>1</nestedLevel>
</record>
<record>
  <date>2019-09-13T21:10:58</date>
  <millis>1568389258156</millis>
  <sequence>35</sequence>
  <level>START</level>
  <class>com.kms.katalon.core.logging.XmlKeywordLogger</class>
  <method>startKeyword</method>
  <thread>1</thread>
  <message>Start action : cohostess = findTestData(dataFile).getValue(\&amp;quot;cohostess\&amp;quot;, 1)</message>
  <nestedLevel>1</nestedLevel>
  <property name="startLine">35</property>
  <property name="stepIndex">5</property>
</record>
<record>
  <date>2019-09-13T21:10:58</date>
  <millis>1568389258215</millis>
  <sequence>40</sequence>
  <level>END</level>
  <class>com.kms.katalon.core.logging.XmlKeywordLogger</class>
  <method>endKeyword</method>
  <thread>1</thread>
  <message>End action : cohostess = findTestData(dataFile).getValue(\&amp;quot;cohostess\&amp;quot;, 1)</message>
  <nestedLevel>1</nestedLevel>
</record>
<record>
  <date>2019-09-13T21:10:58</date>
  <millis>1568389258216</millis>
  <sequence>41</sequence>
  <level>START</level>
  <class>com.kms.katalon.core.logging.XmlKeywordLogger</class>
  <method>startKeyword</method>
  <thread>1</thread>
  <message>Start action : dfMM = new java.text.SimpleDateFormat(MM)</message>
  <nestedLevel>1</nestedLevel>
  <property name="startLine">38</property>
  <property name="stepIndex">6</property>
</record>
<record>
  <date>2019-09-13T21:10:58</date>
  <millis>1568389258230</millis>
  <sequence>42</sequence>
  <level>END</level>
  <class>com.kms.katalon.core.logging.XmlKeywordLogger</class>
  <method>endKeyword</method>
  <thread>1</thread>
  <message>End action : dfMM = new java.text.SimpleDateFormat(MM)</message>
  <nestedLevel>1</nestedLevel>
</record>
<record>
  <date>2019-09-13T21:10:58</date>
  <millis>1568389258232</millis>
  <sequence>43</sequence>
  <level>START</level>
  <class>com.kms.katalon.core.logging.XmlKeywordLogger</class>
  <method>startKeyword</method>
  <thread>1</thread>
  <message>Start action : dfDD = new java.text.SimpleDateFormat(dd)</message>
  <nestedLevel>1</nestedLevel>
  <property name="startLine">40</property>
  <property name="stepIndex">7</property>
</record>
<record>
  <date>2019-09-13T21:10:58</date>
  <millis>1568389258233</millis>
  <sequence>44</sequence>
  <level>END</level>
  <class>com.kms.katalon.core.logging.XmlKeywordLogger</class>
  <method>endKeyword</method>
  <thread>1</thread>
  <message>End action : dfDD = new java.text.SimpleDateFormat(dd)</message>
  <nestedLevel>1</nestedLevel>
</record>
<record>
  <date>2019-09-13T21:10:58</date>
  <millis>1568389258236</millis>
  <sequence>45</sequence>
  <level>START</level>
  <class>com.kms.katalon.core.logging.XmlKeywordLogger</class>
  <method>startKeyword</method>
  <thread>1</thread>
  <message>Start action : dfYYYY = new java.text.SimpleDateFormat(yyyy)</message>
  <nestedLevel>1</nestedLevel>
  <property name="startLine">42</property>
  <property name="stepIndex">8</property>
</record>
<record>
  <date>2019-09-13T21:10:58</date>
  <millis>1568389258240</millis>
  <sequence>46</sequence>
  <level>END</level>
  <class>com.kms.katalon.core.logging.XmlKeywordLogger</class>
  <method>endKeyword</method>
  <thread>1</thread>
  <message>End action : dfYYYY = new java.text.SimpleDateFormat(yyyy)</message>
  <nestedLevel>1</nestedLevel>
</record>
<record>
  <date>2019-09-13T21:10:58</date>
  <millis>1568389258242</millis>
  <sequence>47</sequence>
  <level>START</level>
  <class>com.kms.katalon.core.logging.XmlKeywordLogger</class>
  <method>startKeyword</method>
  <thread>1</thread>
  <message>Start action : today = getInstance().getTime()</message>
  <nestedLevel>1</nestedLevel>
  <property name="startLine">44</property>
  <property name="stepIndex">9</property>
</record>
<record>
  <date>2019-09-13T21:10:58</date>
  <millis>1568389258264</millis>
  <sequence>48</sequence>
  <level>END</level>
  <class>com.kms.katalon.core.logging.XmlKeywordLogger</class>
  <method>endKeyword</method>
  <thread>1</thread>
  <message>End action : today = getInstance().getTime()</message>
  <nestedLevel>1</nestedLevel>
</record>
<record>
  <date>2019-09-13T21:10:58</date>
  <millis>1568389258265</millis>
  <sequence>49</sequence>
  <level>START</level>
  <class>com.kms.katalon.core.logging.XmlKeywordLogger</class>
  <method>startKeyword</method>
  <thread>1</thread>
  <message>Start action : c = Calendar.getInstance()</message>
  <nestedLevel>1</nestedLevel>
  <property name="startLine">46</property>
  <property name="stepIndex">10</property>
</record>
<record>
  <date>2019-09-13T21:10:58</date>
  <millis>1568389258266</millis>
  <sequence>50</sequence>
  <level>END</level>
  <class>com.kms.katalon.core.logging.XmlKeywordLogger</class>
  <method>endKeyword</method>
  <thread>1</thread>
  <message>End action : c = Calendar.getInstance()</message>
  <nestedLevel>1</nestedLevel>
</record>
<record>
  <date>2019-09-13T21:10:58</date>
  <millis>1568389258266</millis>
  <sequence>51</sequence>
  <level>START</level>
  <class>com.kms.katalon.core.logging.XmlKeywordLogger</class>
  <method>startKeyword</method>
  <thread>1</thread>
  <message>Start action : c.setTime(today)</message>
  <nestedLevel>1</nestedLevel>
  <property name="startLine">48</property>
  <property name="stepIndex">11</property>
</record>
<record>
  <date>2019-09-13T21:10:58</date>
  <millis>1568389258270</millis>
  <sequence>52</sequence>
  <level>END</level>
  <class>com.kms.katalon.core.logging.XmlKeywordLogger</class>
  <method>endKeyword</method>
  <thread>1</thread>
  <message>End action : c.setTime(today)</message>
  <nestedLevel>1</nestedLevel>
</record>
<record>
  <date>2019-09-13T21:10:58</date>
  <millis>1568389258271</millis>
  <sequence>53</sequence>
  <level>START</level>
  <class>com.kms.katalon.core.logging.XmlKeywordLogger</class>
  <method>startKeyword</method>
  <thread>1</thread>
  <message>Start action : c.add(DATE, 2)</message>
  <nestedLevel>1</nestedLevel>
  <property name="startLine">50</property>
  <property name="stepIndex">12</property>
</record>
<record>
  <date>2019-09-13T21:10:58</date>
  <millis>1568389258273</millis>
  <sequence>54</sequence>
  <level>END</level>
  <class>com.kms.katalon.core.logging.XmlKeywordLogger</class>
  <method>endKeyword</method>
  <thread>1</thread>
  <message>End action : c.add(DATE, 2)</message>
  <nestedLevel>1</nestedLevel>
</record>
<record>
  <date>2019-09-13T21:10:58</date>
  <millis>1568389258274</millis>
  <sequence>55</sequence>
  <level>START</level>
  <class>com.kms.katalon.core.logging.XmlKeywordLogger</class>
  <method>startKeyword</method>
  <thread>1</thread>
  <message>Start action : newShowDate = c.getTime()</message>
  <nestedLevel>1</nestedLevel>
  <property name="startLine">52</property>
  <property name="stepIndex">13</property>
</record>
<record>
  <date>2019-09-13T21:10:58</date>
  <millis>1568389258278</millis>
  <sequence>56</sequence>
  <level>END</level>
  <class>com.kms.katalon.core.logging.XmlKeywordLogger</class>
  <method>endKeyword</method>
  <thread>1</thread>
  <message>End action : newShowDate = c.getTime()</message>
  <nestedLevel>1</nestedLevel>
</record>
<record>
  <date>2019-09-13T21:10:58</date>
  <millis>1568389258279</millis>
  <sequence>57</sequence>
  <level>START</level>
  <class>com.kms.katalon.core.logging.XmlKeywordLogger</class>
  <method>startKeyword</method>
  <thread>1</thread>
  <message>Start action : vsyear = dfYYYY.format(newShowDate)</message>
  <nestedLevel>1</nestedLevel>
  <property name="startLine">55</property>
  <property name="stepIndex">14</property>
</record>
<record>
  <date>2019-09-13T21:10:58</date>
  <millis>1568389258285</millis>
  <sequence>58</sequence>
  <level>END</level>
  <class>com.kms.katalon.core.logging.XmlKeywordLogger</class>
  <method>endKeyword</method>
  <thread>1</thread>
  <message>End action : vsyear = dfYYYY.format(newShowDate)</message>
  <nestedLevel>1</nestedLevel>
</record>
<record>
  <date>2019-09-13T21:10:58</date>
  <millis>1568389258285</millis>
  <sequence>59</sequence>
  <level>START</level>
  <class>com.kms.katalon.core.logging.XmlKeywordLogger</class>
  <method>startKeyword</method>
  <thread>1</thread>
  <message>Start action : vsmonth = dfMM.format(newShowDate)</message>
  <nestedLevel>1</nestedLevel>
  <property name="startLine">57</property>
  <property name="stepIndex">15</property>
</record>
<record>
  <date>2019-09-13T21:10:58</date>
  <millis>1568389258288</millis>
  <sequence>60</sequence>
  <level>END</level>
  <class>com.kms.katalon.core.logging.XmlKeywordLogger</class>
  <method>endKeyword</method>
  <thread>1</thread>
  <message>End action : vsmonth = dfMM.format(newShowDate)</message>
  <nestedLevel>1</nestedLevel>
</record>
<record>
  <date>2019-09-13T21:10:58</date>
  <millis>1568389258289</millis>
  <sequence>61</sequence>
  <level>START</level>
  <class>com.kms.katalon.core.logging.XmlKeywordLogger</class>
  <method>startKeyword</method>
  <thread>1</thread>
  <message>Start action : vsday = dfDD.format(newShowDate)</message>
  <nestedLevel>1</nestedLevel>
  <property name="startLine">59</property>
  <property name="stepIndex">16</property>
</record>
<record>
  <date>2019-09-13T21:10:58</date>
  <millis>1568389258291</millis>
  <sequence>62</sequence>
  <level>END</level>
  <class>com.kms.katalon.core.logging.XmlKeywordLogger</class>
  <method>endKeyword</method>
  <thread>1</thread>
  <message>End action : vsday = dfDD.format(newShowDate)</message>
  <nestedLevel>1</nestedLevel>
</record>
<record>
  <date>2019-09-13T21:10:58</date>
  <millis>1568389258291</millis>
  <sequence>63</sequence>
  <level>START</level>
  <class>com.kms.katalon.core.logging.XmlKeywordLogger</class>
  <method>startKeyword</method>
  <thread>1</thread>
  <message>Start action : println(UtilityMethods.concat(\&amp;quot;from DTY: \&amp;quot;, vsday, \&amp;quot; \&amp;quot;, vsmonth, \&amp;quot; \&amp;quot;, vsyear))</message>
  <nestedLevel>1</nestedLevel>
  <property name="startLine">60</property>
  <property name="stepIndex">17</property>
</record>
<record>
  <date>2019-09-13T21:10:58</date>
  <millis>1568389258314</millis>
  <sequence>64</sequence>
  <level>END</level>
  <class>com.kms.katalon.core.logging.XmlKeywordLogger</class>
  <method>endKeyword</method>
  <thread>1</thread>
  <message>End action : println(UtilityMethods.concat(\&amp;quot;from DTY: \&amp;quot;, vsday, \&amp;quot; \&amp;quot;, vsmonth, \&amp;quot; \&amp;quot;, vsyear))</message>
  <nestedLevel>1</nestedLevel>
</record>
<record>
  <date>2019-09-13T21:10:58</date>
  <millis>1568389258317</millis>
  <sequence>65</sequence>
  <level>START</level>
  <class>com.kms.katalon.core.logging.XmlKeywordLogger</class>
  <method>startKeyword</method>
  <thread>1</thread>
  <message>Start action : callTestCase(findTestCase(\&amp;quot;VirtualShow/createAPhysicalShow\&amp;quot;), [\&amp;quot;BOURL\&amp;quot;:\&amp;quot;\&amp;quot;, \&amp;quot;BOuser\&amp;quot;:\&amp;quot;\&amp;quot;, \&amp;quot;BOpass\&amp;quot;:\&amp;quot;\&amp;quot;, \&amp;quot;hostess\&amp;quot;:\&amp;quot;\&amp;quot;, \&amp;quot;cohostess\&amp;quot;:\&amp;quot;\&amp;quot;, \&amp;quot;vsday\&amp;quot;:vsday, \&amp;quot;vsmonth\&amp;quot;:vsmonth, \&amp;quot;vsyear\&amp;quot;:vsyear], STOP_ON_FAILURE)</message>
  <nestedLevel>1</nestedLevel>
  <property name="startLine">63</property>
  <property name="stepIndex">18</property>
</record>
<record>
  <date>2019-09-13T21:10:58</date>
  <millis>1568389258558</millis>
  <sequence>68</sequence>
  <level>START</level>
  <class>com.kms.katalon.core.logging.XmlKeywordLogger</class>
  <method>startTest</method>
  <thread>1</thread>
  <message>Start Test Case : Test Cases/VirtualShow/createAPhysicalShow</message>
  <nestedLevel>2</nestedLevel>
  <property name="name">Test Cases/VirtualShow/createAPhysicalShow</property>
  <property name="description"></property>
  <property name="id">Test Cases/VirtualShow/createAPhysicalShow</property>
  <property name="source">C:\\Users\\user\\Documents\\testautomation\\KatalonProjects\\Test Cases\\VirtualShow\\createAPhysicalShow.tc</property>
  <property name="isOptional">false</property>
</record>
<record>
  <date>2019-09-13T21:10:58</date>
  <millis>1568389258599</millis>
  <sequence>70</sequence>
  <level>INFO</level>
  <class>com.kms.katalon.core.logging.XmlKeywordLogger</class>
  <method>logMessage</method>
  <thread>1</thread>
  <message>BOURL = </message>
  <nestedLevel>2</nestedLevel>
</record>
<record>
  <date>2019-09-13T21:10:58</date>
  <millis>1568389258600</millis>
  <sequence>71</sequence>
  <level>INFO</level>
  <class>com.kms.katalon.core.logging.XmlKeywordLogger</class>
  <method>logMessage</method>
  <thread>1</thread>
  <message>BOuser = </message>
  <nestedLevel>2</nestedLevel>
</record>
<record>
  <date>2019-09-13T21:10:58</date>
  <millis>1568389258600</millis>
  <sequence>72</sequence>
  <level>INFO</level>
  <class>com.kms.katalon.core.logging.XmlKeywordLogger</class>
  <method>logMessage</method>
  <thread>1</thread>
  <message>BOpass = </message>
  <nestedLevel>2</nestedLevel>
</record>
<record>
  <date>2019-09-13T21:10:58</date>
  <millis>1568389258601</millis>
  <sequence>73</sequence>
  <level>INFO</level>
  <class>com.kms.katalon.core.logging.XmlKeywordLogger</class>
  <method>logMessage</method>
  <thread>1</thread>
  <message>hostess = </message>
  <nestedLevel>2</nestedLevel>
</record>
<record>
  <date>2019-09-13T21:10:58</date>
  <millis>1568389258601</millis>
  <sequence>74</sequence>
  <level>INFO</level>
  <class>com.kms.katalon.core.logging.XmlKeywordLogger</class>
  <method>logMessage</method>
  <thread>1</thread>
  <message>cohostess = </message>
  <nestedLevel>2</nestedLevel>
</record>
<record>
  <date>2019-09-13T21:10:58</date>
  <millis>1568389258602</millis>
  <sequence>75</sequence>
  <level>INFO</level>
  <class>com.kms.katalon.core.logging.XmlKeywordLogger</class>
  <method>logMessage</method>
  <thread>1</thread>
  <message>vsday = 15</message>
  <nestedLevel>2</nestedLevel>
</record>
<record>
  <date>2019-09-13T21:10:58</date>
  <millis>1568389258603</millis>
  <sequence>76</sequence>
  <level>INFO</level>
  <class>com.kms.katalon.core.logging.XmlKeywordLogger</class>
  <method>logMessage</method>
  <thread>1</thread>
  <message>vsmonth = 09</message>
  <nestedLevel>2</nestedLevel>
</record>
<record>
  <date>2019-09-13T21:10:58</date>
  <millis>1568389258603</millis>
  <sequence>77</sequence>
  <level>INFO</level>
  <class>com.kms.katalon.core.logging.XmlKeywordLogger</class>
  <method>logMessage</method>
  <thread>1</thread>
  <message>vsyear = 2019</message>
  <nestedLevel>2</nestedLevel>
</record>
<record>
  <date>2019-09-13T21:10:59</date>
  <millis>1568389259009</millis>
  <sequence>78</sequence>
  <level>START</level>
  <class>com.kms.katalon.core.logging.XmlKeywordLogger</class>
  <method>startKeyword</method>
  <thread>1</thread>
  <message>Start action : dataFile = \&amp;quot;virtualShowData\&amp;quot;</message>
  <nestedLevel>1</nestedLevel>
  <property name="startLine">21</property>
  <property name="stepIndex">1</property>
</record>
<record>
  <date>2019-09-13T21:10:59</date>
  <millis>1568389259011</millis>
  <sequence>79</sequence>
  <level>END</level>
  <class>com.kms.katalon.core.logging.XmlKeywordLogger</class>
  <method>endKeyword</method>
  <thread>1</thread>
  <message>End action : dataFile = \&amp;quot;virtualShowData\&amp;quot;</message>
  <nestedLevel>1</nestedLevel>
</record>
<record>
  <date>2019-09-13T21:10:59</date>
  <millis>1568389259012</millis>
  <sequence>80</sequence>
  <level>START</level>
  <class>com.kms.katalon.core.logging.XmlKeywordLogger</class>
  <method>startKeyword</method>
  <thread>1</thread>
  <message>Start action : stylist = findTestData(dataFile).getValue(\&amp;quot;stylist\&amp;quot;, 1)</message>
  <nestedLevel>1</nestedLevel>
  <property name="startLine">23</property>
  <property name="stepIndex">2</property>
</record>
<record>
  <date>2019-09-13T21:10:59</date>
  <millis>1568389259100</millis>
  <sequence>85</sequence>
  <level>END</level>
  <class>com.kms.katalon.core.logging.XmlKeywordLogger</class>
  <method>endKeyword</method>
  <thread>1</thread>
  <message>End action : stylist = findTestData(dataFile).getValue(\&amp;quot;stylist\&amp;quot;, 1)</message>
  <nestedLevel>1</nestedLevel>
</record>
<record>
  <date>2019-09-13T21:10:59</date>
  <millis>1568389259102</millis>
  <sequence>86</sequence>
  <level>START</level>
  <class>com.kms.katalon.core.logging.XmlKeywordLogger</class>
  <method>startKeyword</method>
  <thread>1</thread>
  <message>Start action : hostess = findTestData(dataFile).getValue(\&amp;quot;hostess\&amp;quot;, 1)</message>
  <nestedLevel>1</nestedLevel>
  <property name="startLine">25</property>
  <property name="stepIndex">3</property>
</record>
<record>
  <date>2019-09-13T21:10:59</date>
  <millis>1568389259177</millis>
  <sequence>91</sequence>
  <level>END</level>
  <class>com.kms.katalon.core.logging.XmlKeywordLogger</class>
  <method>endKeyword</method>
  <thread>1</thread>
  <message>End action : hostess = findTestData(dataFile).getValue(\&amp;quot;hostess\&amp;quot;, 1)</message>
  <nestedLevel>1</nestedLevel>
</record>
<record>
  <date>2019-09-13T21:10:59</date>
  <millis>1568389259178</millis>
  <sequence>92</sequence>
  <level>START</level>
  <class>com.kms.katalon.core.logging.XmlKeywordLogger</class>
  <method>startKeyword</method>
  <thread>1</thread>
  <message>Start action : cohostess = findTestData(dataFile).getValue(\&amp;quot;cohostess\&amp;quot;, 1)</message>
  <nestedLevel>1</nestedLevel>
  <property name="startLine">27</property>
  <property name="stepIndex">4</property>
</record>
<record>
  <date>2019-09-13T21:10:59</date>
  <millis>1568389259242</millis>
  <sequence>97</sequence>
  <level>END</level>
  <class>com.kms.katalon.core.logging.XmlKeywordLogger</class>
  <method>endKeyword</method>
  <thread>1</thread>
  <message>End action : cohostess = findTestData(dataFile).getValue(\&amp;quot;cohostess\&amp;quot;, 1)</message>
  <nestedLevel>1</nestedLevel>
</record>
<record>
  <date>2019-09-13T21:10:59</date>
  <millis>1568389259242</millis>
  <sequence>98</sequence>
  <level>START</level>
  <class>com.kms.katalon.core.logging.XmlKeywordLogger</class>
  <method>startKeyword</method>
  <thread>1</thread>
  <message>Start action : guest1 = findTestData(dataFile).getValue(\&amp;quot;guest1\&amp;quot;, 1)</message>
  <nestedLevel>1</nestedLevel>
  <property name="startLine">29</property>
  <property name="stepIndex">5</property>
</record>
<record>
  <date>2019-09-13T21:10:59</date>
  <millis>1568389259309</millis>
  <sequence>103</sequence>
  <level>END</level>
  <class>com.kms.katalon.core.logging.XmlKeywordLogger</class>
  <method>endKeyword</method>
  <thread>1</thread>
  <message>End action : guest1 = findTestData(dataFile).getValue(\&amp;quot;guest1\&amp;quot;, 1)</message>
  <nestedLevel>1</nestedLevel>
</record>
<record>
  <date>2019-09-13T21:10:59</date>
  <millis>1568389259309</millis>
  <sequence>104</sequence>
  <level>START</level>
  <class>com.kms.katalon.core.logging.XmlKeywordLogger</class>
  <method>startKeyword</method>
  <thread>1</thread>
  <message>Start action : guest2 = findTestData(dataFile).getValue(\&amp;quot;guest2\&amp;quot;, 1)</message>
  <nestedLevel>1</nestedLevel>
  <property name="startLine">31</property>
  <property name="stepIndex">6</property>
</record>
<record>
  <date>2019-09-13T21:10:59</date>
  <millis>1568389259365</millis>
  <sequence>109</sequence>
  <level>END</level>
  <class>com.kms.katalon.core.logging.XmlKeywordLogger</class>
  <method>endKeyword</method>
  <thread>1</thread>
  <message>End action : guest2 = findTestData(dataFile).getValue(\&amp;quot;guest2\&amp;quot;, 1)</message>
  <nestedLevel>1</nestedLevel>
</record>
<record>
  <date>2019-09-13T21:10:59</date>
  <millis>1568389259366</millis>
  <sequence>110</sequence>
  <level>START</level>
  <class>com.kms.katalon.core.logging.XmlKeywordLogger</class>
  <method>startKeyword</method>
  <thread>1</thread>
  <message>Start action : verifyGuestCount = findTestData(dataFile).getValue(\&amp;quot;verifyGuestCount\&amp;quot;, 1)</message>
  <nestedLevel>1</nestedLevel>
  <property name="startLine">33</property>
  <property name="stepIndex">7</property>
</record>
<record>
  <date>2019-09-13T21:10:59</date>
  <millis>1568389259471</millis>
  <sequence>115</sequence>
  <level>END</level>
  <class>com.kms.katalon.core.logging.XmlKeywordLogger</class>
  <method>endKeyword</method>
  <thread>1</thread>
  <message>End action : verifyGuestCount = findTestData(dataFile).getValue(\&amp;quot;verifyGuestCount\&amp;quot;, 1)</message>
  <nestedLevel>1</nestedLevel>
</record>
<record>
  <date>2019-09-13T21:10:59</date>
  <millis>1568389259471</millis>
  <sequence>116</sequence>
  <level>START</level>
  <class>com.kms.katalon.core.logging.XmlKeywordLogger</class>
  <method>startKeyword</method>
  <thread>1</thread>
  <message>Start action : RSTestEnvt = findTestData(\&amp;quot;envtData\&amp;quot;).getValue(\&amp;quot;RSTestEnvt\&amp;quot;, 1)</message>
  <nestedLevel>1</nestedLevel>
  <property name="startLine">35</property>
  <property name="stepIndex">8</property>
</record>
<record>
  <date>2019-09-13T21:10:59</date>
  <millis>1568389259540</millis>
  <sequence>121</sequence>
  <level>END</level>
  <class>com.kms.katalon.core.logging.XmlKeywordLogger</class>
  <method>endKeyword</method>
  <thread>1</thread>
  <message>End action : RSTestEnvt = findTestData(\&amp;quot;envtData\&amp;quot;).getValue(\&amp;quot;RSTestEnvt\&amp;quot;, 1)</message>
  <nestedLevel>1</nestedLevel>
</record>
<record>
  <date>2019-09-13T21:10:59</date>
  <millis>1568389259540</millis>
  <sequence>122</sequence>
  <level>START</level>
  <class>com.kms.katalon.core.logging.XmlKeywordLogger</class>
  <method>startKeyword</method>
  <thread>1</thread>
  <message>Start action : openBrowser(\&amp;quot;\&amp;quot;)</message>
  <nestedLevel>1</nestedLevel>
  <property name="startLine">38</property>
  <property name="stepIndex">9</property>
</record>
<record>
  <date>2019-09-13T21:10:59</date>
  <millis>1568389259765</millis>
  <sequence>124</sequence>
  <level>INFO</level>
  <class>com.kms.katalon.core.logging.XmlKeywordLogger</class>
  <method>logMessage</method>
  <thread>1</thread>
  <message>Starting &amp;apos;Chrome&amp;apos; driver</message>
  <nestedLevel>2</nestedLevel>
</record>
<record>
  <date>2019-09-13T21:10:59</date>
  <millis>1568389259782</millis>
  <sequence>125</sequence>
  <level>INFO</level>
  <class>com.kms.katalon.core.logging.XmlKeywordLogger</class>
  <method>logMessage</method>
  <thread>1</thread>
  <message>User set preference: [&amp;apos;args&amp;apos;, &amp;apos;[--use-fake-ui-for-media-stream, --start-maximized]&amp;apos;]</message>
  <nestedLevel>2</nestedLevel>
</record>
<record>
  <date>2019-09-13T21:10:59</date>
  <millis>1568389259812</millis>
  <sequence>126</sequence>
  <level>INFO</level>
  <class>com.kms.katalon.core.logging.XmlKeywordLogger</class>
  <method>logMessage</method>
  <thread>1</thread>
  <message>Action delay is set to 0 seconds</message>
  <nestedLevel>2</nestedLevel>
</record>
<record>
  <date>2019-09-13T21:11:02</date>
  <millis>1568389262805</millis>
  <sequence>128</sequence>
  <level>RUN_DATA</level>
  <class>com.kms.katalon.core.logging.XmlKeywordLogger</class>
  <method>logMessage</method>
  <thread>1</thread>
  <message>sessionId = b5b0dc6ef215f035627cb9c6e90ce3fc</message>
  <nestedLevel>2</nestedLevel>
  <property name="sessionId">b5b0dc6ef215f035627cb9c6e90ce3fc</property>
</record>
<record>
  <date>2019-09-13T21:11:02</date>
  <millis>1568389262840</millis>
  <sequence>129</sequence>
  <level>RUN_DATA</level>
  <class>com.kms.katalon.core.logging.XmlKeywordLogger</class>
  <method>logMessage</method>
  <thread>1</thread>
  <message>browser = Chrome 76.0.3809.132</message>
  <nestedLevel>2</nestedLevel>
  <property name="browser">Chrome 76.0.3809.132</property>
</record>
<record>
  <date>2019-09-13T21:11:02</date>
  <millis>1568389262841</millis>
  <sequence>130</sequence>
  <level>RUN_DATA</level>
  <class>com.kms.katalon.core.logging.XmlKeywordLogger</class>
  <method>logMessage</method>
  <thread>1</thread>
  <message>platform = Windows 8.1</message>
  <nestedLevel>2</nestedLevel>
  <property name="platform">Windows 8.1</property>
</record>
<record>
  <date>2019-09-13T21:11:02</date>
  <millis>1568389262848</millis>
  <sequence>131</sequence>
  <level>RUN_DATA</level>
  <class>com.kms.katalon.core.logging.XmlKeywordLogger</class>
  <method>logMessage</method>
  <thread>1</thread>
  <message>seleniumVersion = 3.7.1</message>
  <nestedLevel>2</nestedLevel>
  <property name="seleniumVersion">3.7.1</property>
</record>
<record>
  <date>2019-09-13T21:11:02</date>
  <millis>1568389262850</millis>
  <sequence>132</sequence>
  <level>RUN_DATA</level>
  <class>com.kms.katalon.core.logging.XmlKeywordLogger</class>
  <method>logMessage</method>
  <thread>1</thread>
  <message>proxyInformation = ProxyInformation{proxyOption=NO_PROXY, proxyServerType=HTTP, password=, proxyServerAddress=, proxyServerPort=0}</message>
  <nestedLevel>2</nestedLevel>
  <property name="proxyInformation">ProxyInformation{proxyOption=NO_PROXY, proxyServerType=HTTP, password=, proxyServerAddress=, proxyServerPort=0}</property>
</record>
<record>
  <date>2019-09-13T21:11:02</date>
  <millis>1568389262851</millis>
  <sequence>133</sequence>
  <level>PASSED</level>
  <class>com.kms.katalon.core.logging.XmlKeywordLogger</class>
  <method>logMessage</method>
  <thread>1</thread>
  <message>Browser is opened with url: &amp;apos;&amp;apos;</message>
  <nestedLevel>2</nestedLevel>
</record>
<record>
  <date>2019-09-13T21:11:02</date>
  <millis>1568389262851</millis>
  <sequence>134</sequence>
  <level>END</level>
  <class>com.kms.katalon.core.logging.XmlKeywordLogger</class>
  <method>endKeyword</method>
  <thread>1</thread>
  <message>End action : openBrowser(\&amp;quot;\&amp;quot;)</message>
  <nestedLevel>1</nestedLevel>
</record>
<record>
  <date>2019-09-13T21:11:02</date>
  <millis>1568389262852</millis>
  <sequence>135</sequence>
  <level>START</level>
  <class>com.kms.katalon.core.logging.XmlKeywordLogger</class>
  <method>startKeyword</method>
  <thread>1</thread>
  <message>Start action : callTestCase(findTestCase(\&amp;quot;TestCaseUtilities/backOfficeLogin\&amp;quot;), [\&amp;quot;BOURL\&amp;quot;:\&amp;quot;\&amp;quot;, \&amp;quot;BOuser\&amp;quot;:\&amp;quot;\&amp;quot;, \&amp;quot;BOpass\&amp;quot;:\&amp;quot;\&amp;quot;], CONTINUE_ON_FAILURE)</message>
  <nestedLevel>1</nestedLevel>
  <property name="startLine">42</property>
  <property name="stepIndex">10</property>
</record>
<record>
  <date>2019-09-13T21:11:02</date>
  <millis>1568389262916</millis>
  <sequence>138</sequence>
  <level>START</level>
  <class>com.kms.katalon.core.logging.XmlKeywordLogger</class>
  <method>startTest</method>
  <thread>1</thread>
  <message>Start Test Case : Test Cases/TestCaseUtilities/backOfficeLogin</message>
  <nestedLevel>3</nestedLevel>
  <property name="name">Test Cases/TestCaseUtilities/backOfficeLogin</property>
  <property name="description"></property>
  <property name="id">Test Cases/TestCaseUtilities/backOfficeLogin</property>
  <property name="source">C:\\Users\\user\\Documents\\testautomation\\KatalonProjects\\Test Cases\\TestCaseUtilities\\backOfficeLogin.tc</property>
  <property name="isOptional">false</property>
</record>
<record>
  <date>2019-09-13T21:11:02</date>
  <millis>1568389262936</millis>
  <sequence>140</sequence>
  <level>INFO</level>
  <class>com.kms.katalon.core.logging.XmlKeywordLogger</class>
  <method>logMessage</method>
  <thread>1</thread>
  <message>BOURL = </message>
  <nestedLevel>3</nestedLevel>
</record>
<record>
  <date>2019-09-13T21:11:02</date>
  <millis>1568389262937</millis>
  <sequence>141</sequence>
  <level>INFO</level>
  <class>com.kms.katalon.core.logging.XmlKeywordLogger</class>
  <method>logMessage</method>
  <thread>1</thread>
  <message>BOuser = </message>
  <nestedLevel>3</nestedLevel>
</record>
<record>
  <date>2019-09-13T21:11:02</date>
  <millis>1568389262951</millis>
  <sequence>142</sequence>
  <level>INFO</level>
  <class>com.kms.katalon.core.logging.XmlKeywordLogger</class>
  <method>logMessage</method>
  <thread>1</thread>
  <message>BOpass = </message>
  <nestedLevel>3</nestedLevel>
</record>
<record>
  <date>2019-09-13T21:11:03</date>
  <millis>1568389263238</millis>
  <sequence>143</sequence>
  <level>START</level>
  <class>com.kms.katalon.core.logging.XmlKeywordLogger</class>
  <method>startKeyword</method>
  <thread>1</thread>
  <message>Start action : BOURL = findTestData(\&amp;quot;envtData\&amp;quot;).getValue(\&amp;quot;BOURL\&amp;quot;, 1)</message>
  <nestedLevel>1</nestedLevel>
  <property name="startLine">14</property>
  <property name="stepIndex">1</property>
</record>
<record>
  <date>2019-09-13T21:11:03</date>
  <millis>1568389263290</millis>
  <sequence>148</sequence>
  <level>END</level>
  <class>com.kms.katalon.core.logging.XmlKeywordLogger</class>
  <method>endKeyword</method>
  <thread>1</thread>
  <message>End action : BOURL = findTestData(\&amp;quot;envtData\&amp;quot;).getValue(\&amp;quot;BOURL\&amp;quot;, 1)</message>
  <nestedLevel>1</nestedLevel>
</record>
<record>
  <date>2019-09-13T21:11:03</date>
  <millis>1568389263290</millis>
  <sequence>149</sequence>
  <level>START</level>
  <class>com.kms.katalon.core.logging.XmlKeywordLogger</class>
  <method>startKeyword</method>
  <thread>1</thread>
  <message>Start action : BOuser = findTestData(\&amp;quot;credData\&amp;quot;).getValue(\&amp;quot;BOuser\&amp;quot;, 1)</message>
  <nestedLevel>1</nestedLevel>
  <property name="startLine">15</property>
  <property name="stepIndex">2</property>
</record>
<record>
  <date>2019-09-13T21:11:03</date>
  <millis>1568389263337</millis>
  <sequence>154</sequence>
  <level>END</level>
  <class>com.kms.katalon.core.logging.XmlKeywordLogger</class>
  <method>endKeyword</method>
  <thread>1</thread>
  <message>End action : BOuser = findTestData(\&amp;quot;credData\&amp;quot;).getValue(\&amp;quot;BOuser\&amp;quot;, 1)</message>
  <nestedLevel>1</nestedLevel>
</record>
<record>
  <date>2019-09-13T21:11:03</date>
  <millis>1568389263337</millis>
  <sequence>155</sequence>
  <level>START</level>
  <class>com.kms.katalon.core.logging.XmlKeywordLogger</class>
  <method>startKeyword</method>
  <thread>1</thread>
  <message>Start action : BOpass = findTestData(\&amp;quot;credData\&amp;quot;).getValue(\&amp;quot;BOpass\&amp;quot;, 1)</message>
  <nestedLevel>1</nestedLevel>
  <property name="startLine">16</property>
  <property name="stepIndex">3</property>
</record>
<record>
  <date>2019-09-13T21:11:03</date>
  <millis>1568389263373</millis>
  <sequence>160</sequence>
  <level>END</level>
  <class>com.kms.katalon.core.logging.XmlKeywordLogger</class>
  <method>endKeyword</method>
  <thread>1</thread>
  <message>End action : BOpass = findTestData(\&amp;quot;credData\&amp;quot;).getValue(\&amp;quot;BOpass\&amp;quot;, 1)</message>
  <nestedLevel>1</nestedLevel>
</record>
<record>
  <date>2019-09-13T21:11:03</date>
  <millis>1568389263374</millis>
  <sequence>161</sequence>
  <level>START</level>
  <class>com.kms.katalon.core.logging.XmlKeywordLogger</class>
  <method>startKeyword</method>
  <thread>1</thread>
  <message>Start action : openBrowser(\&amp;quot;\&amp;quot;)</message>
  <nestedLevel>1</nestedLevel>
  <property name="startLine">18</property>
  <property name="stepIndex">4</property>
</record>
<record>
  <date>2019-09-13T21:11:03</date>
  <millis>1568389263380</millis>
  <sequence>163</sequence>
  <level>WARNING</level>
  <class>com.kms.katalon.core.logging.XmlKeywordLogger</class>
  <method>logMessage</method>
  <thread>1</thread>
  <message>A browser is already opened. Closing browser and opening a new one</message>
  <nestedLevel>3</nestedLevel>
</record>
<record>
  <date>2019-09-13T21:11:04</date>
  <millis>1568389264105</millis>
  <sequence>164</sequence>
  <level>INFO</level>
  <class>com.kms.katalon.core.logging.XmlKeywordLogger</class>
  <method>logMessage</method>
  <thread>1</thread>
  <message>Starting &amp;apos;Chrome&amp;apos; driver</message>
  <nestedLevel>3</nestedLevel>
</record>
<record>
  <date>2019-09-13T21:11:04</date>
  <millis>1568389264106</millis>
  <sequence>165</sequence>
  <level>INFO</level>
  <class>com.kms.katalon.core.logging.XmlKeywordLogger</class>
  <method>logMessage</method>
  <thread>1</thread>
  <message>User set preference: [&amp;apos;args&amp;apos;, &amp;apos;[--use-fake-ui-for-media-stream, --start-maximized]&amp;apos;]</message>
  <nestedLevel>3</nestedLevel>
</record>
<record>
  <date>2019-09-13T21:11:06</date>
  <millis>1568389266209</millis>
  <sequence>167</sequence>
  <level>RUN_DATA</level>
  <class>com.kms.katalon.core.logging.XmlKeywordLogger</class>
  <method>logMessage</method>
  <thread>1</thread>
  <message>sessionId = 73d70e8394593bfdfbdbff789b51eed1</message>
  <nestedLevel>3</nestedLevel>
  <property name="sessionId">73d70e8394593bfdfbdbff789b51eed1</property>
</record>
<record>
  <date>2019-09-13T21:11:06</date>
  <millis>1568389266422</millis>
  <sequence>168</sequence>
  <level>RUN_DATA</level>
  <class>com.kms.katalon.core.logging.XmlKeywordLogger</class>
  <method>logMessage</method>
  <thread>1</thread>
  <message>browser = Chrome 76.0.3809.132</message>
  <nestedLevel>3</nestedLevel>
  <property name="browser">Chrome 76.0.3809.132</property>
</record>
<record>
  <date>2019-09-13T21:11:06</date>
  <millis>1568389266425</millis>
  <sequence>169</sequence>
  <level>RUN_DATA</level>
  <class>com.kms.katalon.core.logging.XmlKeywordLogger</class>
  <method>logMessage</method>
  <thread>1</thread>
  <message>platform = Windows 8.1</message>
  <nestedLevel>3</nestedLevel>
  <property name="platform">Windows 8.1</property>
</record>
<record>
  <date>2019-09-13T21:11:06</date>
  <millis>1568389266425</millis>
  <sequence>170</sequence>
  <level>RUN_DATA</level>
  <class>com.kms.katalon.core.logging.XmlKeywordLogger</class>
  <method>logMessage</method>
  <thread>1</thread>
  <message>seleniumVersion = 3.7.1</message>
  <nestedLevel>3</nestedLevel>
  <property name="seleniumVersion">3.7.1</property>
</record>
<record>
  <date>2019-09-13T21:11:06</date>
  <millis>1568389266425</millis>
  <sequence>171</sequence>
  <level>RUN_DATA</level>
  <class>com.kms.katalon.core.logging.XmlKeywordLogger</class>
  <method>logMessage</method>
  <thread>1</thread>
  <message>proxyInformation = ProxyInformation{proxyOption=NO_PROXY, proxyServerType=HTTP, password=, proxyServerAddress=, proxyServerPort=0}</message>
  <nestedLevel>3</nestedLevel>
  <property name="proxyInformation">ProxyInformation{proxyOption=NO_PROXY, proxyServerType=HTTP, password=, proxyServerAddress=, proxyServerPort=0}</property>
</record>
<record>
  <date>2019-09-13T21:11:06</date>
  <millis>1568389266425</millis>
  <sequence>172</sequence>
  <level>PASSED</level>
  <class>com.kms.katalon.core.logging.XmlKeywordLogger</class>
  <method>logMessage</method>
  <thread>1</thread>
  <message>Browser is opened with url: &amp;apos;&amp;apos;</message>
  <nestedLevel>3</nestedLevel>
</record>
<record>
  <date>2019-09-13T21:11:06</date>
  <millis>1568389266425</millis>
  <sequence>173</sequence>
  <level>END</level>
  <class>com.kms.katalon.core.logging.XmlKeywordLogger</class>
  <method>endKeyword</method>
  <thread>1</thread>
  <message>End action : openBrowser(\&amp;quot;\&amp;quot;)</message>
  <nestedLevel>1</nestedLevel>
</record>
<record>
  <date>2019-09-13T21:11:06</date>
  <millis>1568389266425</millis>
  <sequence>174</sequence>
  <level>START</level>
  <class>com.kms.katalon.core.logging.XmlKeywordLogger</class>
  <method>startKeyword</method>
  <thread>1</thread>
  <message>Start action : navigateToUrl(BOURL)</message>
  <nestedLevel>1</nestedLevel>
  <property name="startLine">22</property>
  <property name="stepIndex">5</property>
</record>
<record>
  <date>2019-09-13T21:11:14</date>
  <millis>1568389274956</millis>
  <sequence>177</sequence>
  <level>PASSED</level>
  <class>com.kms.katalon.core.logging.XmlKeywordLogger</class>
  <method>logMessage</method>
  <thread>1</thread>
  <message>Navigate to &amp;apos;https://test18.cliotest.com/backoffice/control/main&amp;apos; successfully</message>
  <nestedLevel>3</nestedLevel>
</record>
<record>
  <date>2019-09-13T21:11:14</date>
  <millis>1568389274958</millis>
  <sequence>178</sequence>
  <level>END</level>
  <class>com.kms.katalon.core.logging.XmlKeywordLogger</class>
  <method>endKeyword</method>
  <thread>1</thread>
  <message>End action : navigateToUrl(BOURL)</message>
  <nestedLevel>1</nestedLevel>
</record>
<record>
  <date>2019-09-13T21:11:14</date>
  <millis>1568389274959</millis>
  <sequence>179</sequence>
  <level>START</level>
  <class>com.kms.katalon.core.logging.XmlKeywordLogger</class>
  <method>startKeyword</method>
  <thread>1</thread>
  <message>Start action : logOut = findWebElements(findTestObject(\&amp;quot;Object Repository/Page_cabi Home/log_out\&amp;quot;), 1)</message>
  <nestedLevel>1</nestedLevel>
  <property name="startLine">24</property>
  <property name="stepIndex">6</property>
</record>
<record>
  <date>2019-09-13T21:11:16</date>
  <millis>1568389276046</millis>
  <sequence>183</sequence>
  <level>INFO</level>
  <class>com.kms.katalon.core.logging.XmlKeywordLogger</class>
  <method>logMessage</method>
  <thread>1</thread>
  <message>Unable to find the element located by &amp;apos;By.xpath: //a[contains(text(),&amp;apos;Log Out&amp;apos;)]&amp;apos;. Please recheck the objects properties to make sure the desired element is located. </message>
  <nestedLevel>3</nestedLevel>
</record>
<record>
  <date>2019-09-13T21:11:16</date>
  <millis>1568389276048</millis>
  <sequence>184</sequence>
  <level>END</level>
  <class>com.kms.katalon.core.logging.XmlKeywordLogger</class>
  <method>endKeyword</method>
  <thread>1</thread>
  <message>End action : logOut = findWebElements(findTestObject(\&amp;quot;Object Repository/Page_cabi Home/log_out\&amp;quot;), 1)</message>
  <nestedLevel>1</nestedLevel>
</record>
<record>
  <date>2019-09-13T21:11:16</date>
  <millis>1568389276048</millis>
  <sequence>185</sequence>
  <level>START</level>
  <class>com.kms.katalon.core.logging.XmlKeywordLogger</class>
  <method>startKeyword</method>
  <thread>1</thread>
  <message>Start action : if (logOut.size() == 0)</message>
  <nestedLevel>1</nestedLevel>
  <property name="startLine">27</property>
  <property name="stepIndex">7</property>
</record>
<record>
  <date>2019-09-13T21:11:16</date>
  <millis>1568389276052</millis>
  <sequence>186</sequence>
  <level>START</level>
  <class>com.kms.katalon.core.logging.XmlKeywordLogger</class>
  <method>startKeyword</method>
  <thread>1</thread>
  <message>Start action : setText(findTestObject(\&amp;quot;Page_cabi/input_Welcome to_USERNAME\&amp;quot;), BOuser)</message>
  <nestedLevel>2</nestedLevel>
  <property name="startLine">31</property>
  <property name="stepIndex">1</property>
</record>
<record>
  <date>2019-09-13T21:11:16</date>
  <millis>1568389276235</millis>
  <sequence>195</sequence>
  <level>PASSED</level>
  <class>com.kms.katalon.core.logging.XmlKeywordLogger</class>
  <method>logMessage</method>
  <thread>1</thread>
  <message>Text &amp;apos;400000002&amp;apos; is set on object &amp;apos;Object Repository/Page_cabi/input_Welcome to_USERNAME&amp;apos;</message>
  <nestedLevel>3</nestedLevel>
</record>
<record>
  <date>2019-09-13T21:11:16</date>
  <millis>1568389276236</millis>
  <sequence>196</sequence>
  <level>END</level>
  <class>com.kms.katalon.core.logging.XmlKeywordLogger</class>
  <method>endKeyword</method>
  <thread>1</thread>
  <message>End action : setText(findTestObject(\&amp;quot;Page_cabi/input_Welcome to_USERNAME\&amp;quot;), BOuser)</message>
  <nestedLevel>2</nestedLevel>
</record>
<record>
  <date>2019-09-13T21:11:16</date>
  <millis>1568389276236</millis>
  <sequence>197</sequence>
  <level>START</level>
  <class>com.kms.katalon.core.logging.XmlKeywordLogger</class>
  <method>startKeyword</method>
  <thread>1</thread>
  <message>Start action : setText(findTestObject(\&amp;quot;Object Repository/Page_cabi/input_Welcome to_PASSWORD\&amp;quot;), BOpass)</message>
  <nestedLevel>2</nestedLevel>
  <property name="startLine">33</property>
  <property name="stepIndex">2</property>
</record>
<record>
  <date>2019-09-13T21:11:16</date>
  <millis>1568389276359</millis>
  <sequence>206</sequence>
  <level>PASSED</level>
  <class>com.kms.katalon.core.logging.XmlKeywordLogger</class>
  <method>logMessage</method>
  <thread>1</thread>
  <message>Text &amp;apos;blackdress19&amp;apos; is set on object &amp;apos;Object Repository/Page_cabi/input_Welcome to_PASSWORD&amp;apos;</message>
  <nestedLevel>3</nestedLevel>
</record>
<record>
  <date>2019-09-13T21:11:16</date>
  <millis>1568389276360</millis>
  <sequence>207</sequence>
  <level>END</level>
  <class>com.kms.katalon.core.logging.XmlKeywordLogger</class>
  <method>endKeyword</method>
  <thread>1</thread>
  <message>End action : setText(findTestObject(\&amp;quot;Object Repository/Page_cabi/input_Welcome to_PASSWORD\&amp;quot;), BOpass)</message>
  <nestedLevel>2</nestedLevel>
</record>
<record>
  <date>2019-09-13T21:11:16</date>
  <millis>1568389276360</millis>
  <sequence>208</sequence>
  <level>START</level>
  <class>com.kms.katalon.core.logging.XmlKeywordLogger</class>
  <method>startKeyword</method>
  <thread>1</thread>
  <message>Start action : click(findTestObject(\&amp;quot;Object Repository/Page_cabi/input_Welcome to_consultantLogin\&amp;quot;))</message>
  <nestedLevel>2</nestedLevel>
  <property name="startLine">35</property>
  <property name="stepIndex">3</property>
</record>
<record>
  <date>2019-09-13T21:11:25</date>
  <millis>1568389285964</millis>
  <sequence>215</sequence>
  <level>PASSED</level>
  <class>com.kms.katalon.core.logging.XmlKeywordLogger</class>
  <method>logMessage</method>
  <thread>1</thread>
  <message>Object: &amp;apos;Object Repository/Page_cabi/input_Welcome to_consultantLogin&amp;apos; is clicked on</message>
  <nestedLevel>3</nestedLevel>
</record>
<record>
  <date>2019-09-13T21:11:25</date>
  <millis>1568389285964</millis>
  <sequence>216</sequence>
  <level>END</level>
  <class>com.kms.katalon.core.logging.XmlKeywordLogger</class>
  <method>endKeyword</method>
  <thread>1</thread>
  <message>End action : click(findTestObject(\&amp;quot;Object Repository/Page_cabi/input_Welcome to_consultantLogin\&amp;quot;))</message>
  <nestedLevel>2</nestedLevel>
</record>
<record>
  <date>2019-09-13T21:11:25</date>
  <millis>1568389285965</millis>
  <sequence>217</sequence>
  <level>END</level>
  <class>com.kms.katalon.core.logging.XmlKeywordLogger</class>
  <method>endKeyword</method>
  <thread>1</thread>
  <message>End action : if (logOut.size() == 0)</message>
  <nestedLevel>1</nestedLevel>
</record>
<record>
  <date>2019-09-13T21:11:25</date>
  <millis>1568389285965</millis>
  <sequence>218</sequence>
  <level>START</level>
  <class>com.kms.katalon.core.logging.XmlKeywordLogger</class>
  <method>startKeyword</method>
  <thread>1</thread>
  <message>Start action : delay(3)</message>
  <nestedLevel>1</nestedLevel>
  <property name="startLine">41</property>
  <property name="stepIndex">8</property>
</record>
<record>
  <date>2019-09-13T21:11:28</date>
  <millis>1568389288983</millis>
  <sequence>220</sequence>
  <level>PASSED</level>
  <class>com.kms.katalon.core.logging.XmlKeywordLogger</class>
  <method>logMessage</method>
  <thread>1</thread>
  <message>Delayed 3 second(s)</message>
  <nestedLevel>3</nestedLevel>
</record>
<record>
  <date>2019-09-13T21:11:28</date>
  <millis>1568389288984</millis>
  <sequence>221</sequence>
  <level>END</level>
  <class>com.kms.katalon.core.logging.XmlKeywordLogger</class>
  <method>endKeyword</method>
  <thread>1</thread>
  <message>End action : delay(3)</message>
  <nestedLevel>1</nestedLevel>
</record>
<record>
  <date>2019-09-13T21:11:28</date>
  <millis>1568389288984</millis>
  <sequence>222</sequence>
  <level>PASSED</level>
  <class>com.kms.katalon.core.logging.XmlKeywordLogger</class>
  <method>logMessage</method>
  <thread>1</thread>
  <message>Test Cases/TestCaseUtilities/backOfficeLogin</message>
  <nestedLevel>3</nestedLevel>
</record>
<record>
  <date>2019-09-13T21:11:28</date>
  <millis>1568389288986</millis>
  <sequence>223</sequence>
  <level>END</level>
  <class>com.kms.katalon.core.logging.XmlKeywordLogger</class>
  <method>endTest</method>
  <thread>1</thread>
  <message>End Test Case : Test Cases/TestCaseUtilities/backOfficeLogin</message>
  <nestedLevel>2</nestedLevel>
</record>
<record>
  <date>2019-09-13T21:11:28</date>
  <millis>1568389288996</millis>
  <sequence>224</sequence>
  <level>PASSED</level>
  <class>com.kms.katalon.core.logging.XmlKeywordLogger</class>
  <method>logMessage</method>
  <thread>1</thread>
  <message>Call Test Case &amp;apos;Test Cases/TestCaseUtilities/backOfficeLogin&amp;apos; successfully</message>
  <nestedLevel>2</nestedLevel>
</record>
<record>
  <date>2019-09-13T21:11:28</date>
  <millis>1568389288996</millis>
  <sequence>225</sequence>
  <level>END</level>
  <class>com.kms.katalon.core.logging.XmlKeywordLogger</class>
  <method>endKeyword</method>
  <thread>1</thread>
  <message>End action : callTestCase(findTestCase(\&amp;quot;TestCaseUtilities/backOfficeLogin\&amp;quot;), [\&amp;quot;BOURL\&amp;quot;:\&amp;quot;\&amp;quot;, \&amp;quot;BOuser\&amp;quot;:\&amp;quot;\&amp;quot;, \&amp;quot;BOpass\&amp;quot;:\&amp;quot;\&amp;quot;], CONTINUE_ON_FAILURE)</message>
  <nestedLevel>1</nestedLevel>
</record>
<record>
  <date>2019-09-13T21:11:28</date>
  <millis>1568389288996</millis>
  <sequence>226</sequence>
  <level>START</level>
  <class>com.kms.katalon.core.logging.XmlKeywordLogger</class>
  <method>startKeyword</method>
  <thread>1</thread>
  <message>Start action : verifyElementText(findTestObject(\&amp;quot;Object Repository/virualShowRSVPOR/Page_cabi/span_username\&amp;quot;), stylist)</message>
  <nestedLevel>1</nestedLevel>
  <property name="startLine">45</property>
  <property name="stepIndex">11</property>
</record>
<record>
  <date>2019-09-13T21:11:29</date>
  <millis>1568389289103</millis>
  <sequence>232</sequence>
  <level>PASSED</level>
  <class>com.kms.katalon.core.logging.XmlKeywordLogger</class>
  <method>logMessage</method>
  <thread>1</thread>
  <message>Actual text and expected text of test object &amp;apos;Object Repository/virualShowRSVPOR/Page_cabi/span_username&amp;apos; are matched.</message>
  <nestedLevel>2</nestedLevel>
</record>
<record>
  <date>2019-09-13T21:11:29</date>
  <millis>1568389289103</millis>
  <sequence>233</sequence>
  <level>END</level>
  <class>com.kms.katalon.core.logging.XmlKeywordLogger</class>
  <method>endKeyword</method>
  <thread>1</thread>
  <message>End action : verifyElementText(findTestObject(\&amp;quot;Object Repository/virualShowRSVPOR/Page_cabi/span_username\&amp;quot;), stylist)</message>
  <nestedLevel>1</nestedLevel>
</record>
<record>
  <date>2019-09-13T21:11:29</date>
  <millis>1568389289103</millis>
  <sequence>234</sequence>
  <level>START</level>
  <class>com.kms.katalon.core.logging.XmlKeywordLogger</class>
  <method>startKeyword</method>
  <thread>1</thread>
  <message>Start action : click(findTestObject(\&amp;quot;Object Repository/virualShowRSVPOR/Page_cabi Home/a_shows _orders\&amp;quot;))</message>
  <nestedLevel>1</nestedLevel>
  <property name="startLine">47</property>
  <property name="stepIndex">12</property>
</record>
<record>
  <date>2019-09-13T21:11:29</date>
  <millis>1568389289205</millis>
  <sequence>241</sequence>
  <level>PASSED</level>
  <class>com.kms.katalon.core.logging.XmlKeywordLogger</class>
  <method>logMessage</method>
  <thread>1</thread>
  <message>Object: &amp;apos;Object Repository/virualShowRSVPOR/Page_cabi Home/a_shows _orders&amp;apos; is clicked on</message>
  <nestedLevel>2</nestedLevel>
</record>
<record>
  <date>2019-09-13T21:11:29</date>
  <millis>1568389289206</millis>
  <sequence>242</sequence>
  <level>END</level>
  <class>com.kms.katalon.core.logging.XmlKeywordLogger</class>
  <method>endKeyword</method>
  <thread>1</thread>
  <message>End action : click(findTestObject(\&amp;quot;Object Repository/virualShowRSVPOR/Page_cabi Home/a_shows _orders\&amp;quot;))</message>
  <nestedLevel>1</nestedLevel>
</record>
<record>
  <date>2019-09-13T21:11:29</date>
  <millis>1568389289207</millis>
  <sequence>243</sequence>
  <level>START</level>
  <class>com.kms.katalon.core.logging.XmlKeywordLogger</class>
  <method>startKeyword</method>
  <thread>1</thread>
  <message>Start action : click(findTestObject(\&amp;quot;Object Repository/virualShowRSVPOR/Page_cabi Home/a_Create_A_Show\&amp;quot;))</message>
  <nestedLevel>1</nestedLevel>
  <property name="startLine">49</property>
  <property name="stepIndex">13</property>
</record>
<record>
  <date>2019-09-13T21:11:31</date>
  <millis>1568389291524</millis>
  <sequence>250</sequence>
  <level>PASSED</level>
  <class>com.kms.katalon.core.logging.XmlKeywordLogger</class>
  <method>logMessage</method>
  <thread>1</thread>
  <message>Object: &amp;apos;Object Repository/virualShowRSVPOR/Page_cabi Home/a_Create_A_Show&amp;apos; is clicked on</message>
  <nestedLevel>2</nestedLevel>
</record>
<record>
  <date>2019-09-13T21:11:31</date>
  <millis>1568389291525</millis>
  <sequence>251</sequence>
  <level>END</level>
  <class>com.kms.katalon.core.logging.XmlKeywordLogger</class>
  <method>endKeyword</method>
  <thread>1</thread>
  <message>End action : click(findTestObject(\&amp;quot;Object Repository/virualShowRSVPOR/Page_cabi Home/a_Create_A_Show\&amp;quot;))</message>
  <nestedLevel>1</nestedLevel>
</record>
<record>
  <date>2019-09-13T21:11:31</date>
  <millis>1568389291525</millis>
  <sequence>252</sequence>
  <level>START</level>
  <class>com.kms.katalon.core.logging.XmlKeywordLogger</class>
  <method>startKeyword</method>
  <thread>1</thread>
  <message>Start action : setText(findTestObject(\&amp;quot;Object Repository/virualShowRSVPOR/Page_cabi Create Show - Set Hostess/input_Hostess\&amp;quot;), hostess)</message>
  <nestedLevel>1</nestedLevel>
  <property name="startLine">51</property>
  <property name="stepIndex">14</property>
</record>
<record>
  <date>2019-09-13T21:11:31</date>
  <millis>1568389291840</millis>
  <sequence>261</sequence>
  <level>PASSED</level>
  <class>com.kms.katalon.core.logging.XmlKeywordLogger</class>
  <method>logMessage</method>
  <thread>1</thread>
  <message>Text &amp;apos;ahostess-test abc&amp;apos; is set on object &amp;apos;Object Repository/virualShowRSVPOR/Page_cabi Create Show - Set Hostess/input_Hostess&amp;apos;</message>
  <nestedLevel>2</nestedLevel>
</record>
<record>
  <date>2019-09-13T21:11:31</date>
  <millis>1568389291840</millis>
  <sequence>262</sequence>
  <level>END</level>
  <class>com.kms.katalon.core.logging.XmlKeywordLogger</class>
  <method>endKeyword</method>
  <thread>1</thread>
  <message>End action : setText(findTestObject(\&amp;quot;Object Repository/virualShowRSVPOR/Page_cabi Create Show - Set Hostess/input_Hostess\&amp;quot;), hostess)</message>
  <nestedLevel>1</nestedLevel>
</record>
<record>
  <date>2019-09-13T21:11:31</date>
  <millis>1568389291841</millis>
  <sequence>263</sequence>
  <level>START</level>
  <class>com.kms.katalon.core.logging.XmlKeywordLogger</class>
  <method>startKeyword</method>
  <thread>1</thread>
  <message>Start action : delay(2)</message>
  <nestedLevel>1</nestedLevel>
  <property name="startLine">53</property>
  <property name="stepIndex">15</property>
</record>
<record>
  <date>2019-09-13T21:11:33</date>
  <millis>1568389293843</millis>
  <sequence>265</sequence>
  <level>PASSED</level>
  <class>com.kms.katalon.core.logging.XmlKeywordLogger</class>
  <method>logMessage</method>
  <thread>1</thread>
  <message>Delayed 2 second(s)</message>
  <nestedLevel>2</nestedLevel>
</record>
<record>
  <date>2019-09-13T21:11:33</date>
  <millis>1568389293844</millis>
  <sequence>266</sequence>
  <level>END</level>
  <class>com.kms.katalon.core.logging.XmlKeywordLogger</class>
  <method>endKeyword</method>
  <thread>1</thread>
  <message>End action : delay(2)</message>
  <nestedLevel>1</nestedLevel>
</record>
<record>
  <date>2019-09-13T21:11:33</date>
  <millis>1568389293845</millis>
  <sequence>267</sequence>
  <level>START</level>
  <class>com.kms.katalon.core.logging.XmlKeywordLogger</class>
  <method>startKeyword</method>
  <thread>1</thread>
  <message>Start action : sendKeys(findTestObject(\&amp;quot;Object Repository/virualShowRSVPOR/Page_cabi Create Show - Set Hostess/input_Hostess\&amp;quot;), Keys.chord(ARROW_DOWN))</message>
  <nestedLevel>1</nestedLevel>
  <property name="startLine">55</property>
  <property name="stepIndex">16</property>
</record>
<record>
  <date>2019-09-13T21:11:33</date>
  <millis>1568389293931</millis>
  <sequence>273</sequence>
  <level>PASSED</level>
  <class>com.kms.katalon.core.logging.XmlKeywordLogger</class>
  <method>logMessage</method>
  <thread>1</thread>
  <message>Keys &amp;apos;DOWN + &amp;apos; sent to object: &amp;apos;Object Repository/virualShowRSVPOR/Page_cabi Create Show - Set Hostess/input_Hostess&amp;apos;</message>
  <nestedLevel>2</nestedLevel>
</record>
<record>
  <date>2019-09-13T21:11:33</date>
  <millis>1568389293932</millis>
  <sequence>274</sequence>
  <level>END</level>
  <class>com.kms.katalon.core.logging.XmlKeywordLogger</class>
  <method>endKeyword</method>
  <thread>1</thread>
  <message>End action : sendKeys(findTestObject(\&amp;quot;Object Repository/virualShowRSVPOR/Page_cabi Create Show - Set Hostess/input_Hostess\&amp;quot;), Keys.chord(ARROW_DOWN))</message>
  <nestedLevel>1</nestedLevel>
</record>
<record>
  <date>2019-09-13T21:11:33</date>
  <millis>1568389293932</millis>
  <sequence>275</sequence>
  <level>START</level>
  <class>com.kms.katalon.core.logging.XmlKeywordLogger</class>
  <method>startKeyword</method>
  <thread>1</thread>
  <message>Start action : sendKeys(findTestObject(\&amp;quot;Object Repository/virualShowRSVPOR/Page_cabi Create Show - Set Hostess/input_Hostess\&amp;quot;), Keys.chord(ENTER))</message>
  <nestedLevel>1</nestedLevel>
  <property name="startLine">58</property>
  <property name="stepIndex">17</property>
</record>
<record>
  <date>2019-09-13T21:11:33</date>
  <millis>1568389293996</millis>
  <sequence>281</sequence>
  <level>PASSED</level>
  <class>com.kms.katalon.core.logging.XmlKeywordLogger</class>
  <method>logMessage</method>
  <thread>1</thread>
  <message>Keys &amp;apos;ENTER + &amp;apos; sent to object: &amp;apos;Object Repository/virualShowRSVPOR/Page_cabi Create Show - Set Hostess/input_Hostess&amp;apos;</message>
  <nestedLevel>2</nestedLevel>
</record>
<record>
  <date>2019-09-13T21:11:33</date>
  <millis>1568389293997</millis>
  <sequence>282</sequence>
  <level>END</level>
  <class>com.kms.katalon.core.logging.XmlKeywordLogger</class>
  <method>endKeyword</method>
  <thread>1</thread>
  <message>End action : sendKeys(findTestObject(\&amp;quot;Object Repository/virualShowRSVPOR/Page_cabi Create Show - Set Hostess/input_Hostess\&amp;quot;), Keys.chord(ENTER))</message>
  <nestedLevel>1</nestedLevel>
</record>
<record>
  <date>2019-09-13T21:11:33</date>
  <millis>1568389293998</millis>
  <sequence>283</sequence>
  <level>START</level>
  <class>com.kms.katalon.core.logging.XmlKeywordLogger</class>
  <method>startKeyword</method>
  <thread>1</thread>
  <message>Start action : delay(2)</message>
  <nestedLevel>1</nestedLevel>
  <property name="startLine">61</property>
  <property name="stepIndex">18</property>
</record>
