<?xml version="1.0" encoding="UTF-8" standalone="no"?>
<!DOCTYPE log SYSTEM "logger.dtd">
<log>
<record>
  <date>2019-10-21T20:21:49</date>
  <millis>1571669509643</millis>
  <sequence>0</sequence>
  <level>START</level>
  <class>com.kms.katalon.core.logging.XmlKeywordLogger</class>
  <method>startSuite</method>
  <thread>1</thread>
  <message>Start Test Suite : Test Suites/OrderCreatorSuites/OrderCreatorSuiteAddonOrderPersonal</message>
  <nestedLevel>0</nestedLevel>
  <property name="name">OrderCreatorSuiteAddonOrderPersonal</property>
  <property name="description"></property>
  <property name="id">Test Suites/OrderCreatorSuites/OrderCreatorSuiteAddonOrderPersonal</property>
</record>
<record>
  <date>2019-10-21T20:21:49</date>
  <millis>1571669509689</millis>
  <sequence>1</sequence>
  <level>RUN_DATA</level>
  <class>com.kms.katalon.core.logging.XmlKeywordLogger</class>
  <method>logMessage</method>
  <thread>1</thread>
  <message>hostName = user - 10.0.102.86</message>
  <nestedLevel>0</nestedLevel>
  <property name="hostName">user - 10.0.102.86</property>
</record>
<record>
  <date>2019-10-21T20:21:49</date>
  <millis>1571669509706</millis>
  <sequence>2</sequence>
  <level>RUN_DATA</level>
  <class>com.kms.katalon.core.logging.XmlKeywordLogger</class>
  <method>logMessage</method>
  <thread>1</thread>
  <message>os = Windows 8.1 64bit</message>
  <nestedLevel>0</nestedLevel>
  <property name="os">Windows 8.1 64bit</property>
</record>
<record>
  <date>2019-10-21T20:21:49</date>
  <millis>1571669509709</millis>
  <sequence>3</sequence>
  <level>RUN_DATA</level>
  <class>com.kms.katalon.core.logging.XmlKeywordLogger</class>
  <method>logMessage</method>
  <thread>1</thread>
  <message>hostAddress = 10.0.102.86</message>
  <nestedLevel>0</nestedLevel>
  <property name="hostAddress">10.0.102.86</property>
</record>
<record>
  <date>2019-10-21T20:21:49</date>
  <millis>1571669509711</millis>
  <sequence>4</sequence>
  <level>RUN_DATA</level>
  <class>com.kms.katalon.core.logging.XmlKeywordLogger</class>
  <method>logMessage</method>
  <thread>1</thread>
  <message>katalonVersion = 6.1.1.1</message>
  <nestedLevel>0</nestedLevel>
  <property name="katalonVersion">6.1.1.1</property>
</record>
<record>
  <date>2019-10-21T20:21:51</date>
  <millis>1571669511141</millis>
  <sequence>5</sequence>
  <level>START</level>
  <class>com.kms.katalon.core.logging.XmlKeywordLogger</class>
  <method>startTest</method>
  <thread>1</thread>
  <message>Start Test Case : Test Cases/OrderCreator/massOrderCreationAddOnOrderPersonal</message>
  <nestedLevel>1</nestedLevel>
  <property name="name">Test Cases/OrderCreator/massOrderCreationAddOnOrderPersonal</property>
  <property name="description"></property>
  <property name="id">Test Cases/OrderCreator/massOrderCreationAddOnOrderPersonal</property>
  <property name="source">C:\\Users\\user\\Documents\\testautomation\\KatalonProjects\\Test Cases\\OrderCreator\\massOrderCreationAddOnOrderPersonal.tc</property>
  <property name="isOptional">false</property>
</record>
