<?xml version="1.0" encoding="UTF-8" standalone="no"?>
<!DOCTYPE log SYSTEM "logger.dtd">
<log>
<record>
  <date>2019-05-24T15:56:47</date>
  <millis>1558693607507</millis>
  <sequence>0</sequence>
  <level>START</level>
  <class>com.kms.katalon.core.logging.XmlKeywordLogger</class>
  <method>startSuite</method>
  <thread>1</thread>
  <message>Start Test Suite : Test Suites/NASuit1_addOnOrderPersonal</message>
  <nestedLevel>0</nestedLevel>
  <property name="name">NASuit1_addOnOrderPersonal</property>
  <property name="description"></property>
  <property name="id">Test Suites/NASuit1_addOnOrderPersonal</property>
</record>
<record>
  <date>2019-05-24T15:56:47</date>
  <millis>1558693607527</millis>
  <sequence>1</sequence>
  <level>RUN_DATA</level>
  <class>com.kms.katalon.core.logging.XmlKeywordLogger</class>
  <method>logMessage</method>
  <thread>1</thread>
  <message>hostName = user - 10.0.102.159</message>
  <nestedLevel>0</nestedLevel>
  <property name="hostName">user - 10.0.102.159</property>
</record>
<record>
  <date>2019-05-24T15:56:47</date>
  <millis>1558693607530</millis>
  <sequence>2</sequence>
  <level>RUN_DATA</level>
  <class>com.kms.katalon.core.logging.XmlKeywordLogger</class>
  <method>logMessage</method>
  <thread>1</thread>
  <message>os = Windows 8.1 64bit</message>
  <nestedLevel>0</nestedLevel>
  <property name="os">Windows 8.1 64bit</property>
</record>
<record>
  <date>2019-05-24T15:56:47</date>
  <millis>1558693607536</millis>
  <sequence>3</sequence>
  <level>RUN_DATA</level>
  <class>com.kms.katalon.core.logging.XmlKeywordLogger</class>
  <method>logMessage</method>
  <thread>1</thread>
  <message>hostAddress = 10.0.102.159</message>
  <nestedLevel>0</nestedLevel>
  <property name="hostAddress">10.0.102.159</property>
</record>
<record>
  <date>2019-05-24T15:56:47</date>
  <millis>1558693607536</millis>
  <sequence>4</sequence>
  <level>RUN_DATA</level>
  <class>com.kms.katalon.core.logging.XmlKeywordLogger</class>
  <method>logMessage</method>
  <thread>1</thread>
  <message>katalonVersion = 6.1.1.1</message>
  <nestedLevel>0</nestedLevel>
  <property name="katalonVersion">6.1.1.1</property>
</record>
<record>
  <date>2019-05-24T15:56:48</date>
  <millis>1558693608081</millis>
  <sequence>5</sequence>
  <level>START</level>
  <class>com.kms.katalon.core.logging.XmlKeywordLogger</class>
  <method>startTest</method>
  <thread>1</thread>
  <message>Start Test Case : Test Cases/addOnOrderPersonal</message>
  <nestedLevel>1</nestedLevel>
  <property name="name">Test Cases/addOnOrderPersonal</property>
  <property name="description"></property>
  <property name="id">Test Cases/addOnOrderPersonal</property>
  <property name="source">C:\\Users\\user\\Documents\\testautomation\\NewArrivals\\Test Cases\\addOnOrderPersonal.tc</property>
  <property name="isOptional">false</property>
</record>
<record>
  <date>2019-05-24T15:56:48</date>
  <millis>1558693608430</millis>
  <sequence>7</sequence>
  <level>INFO</level>
  <class>com.kms.katalon.core.logging.XmlKeywordLogger</class>
  <method>logMessage</method>
  <thread>1</thread>
  <message>(Default) addOnStyle = </message>
  <nestedLevel>1</nestedLevel>
</record>
<record>
  <date>2019-05-24T15:56:48</date>
  <millis>1558693608455</millis>
  <sequence>8</sequence>
  <level>START</level>
  <class>com.kms.katalon.core.logging.XmlKeywordLogger</class>
  <method>startKeyword</method>
  <thread>1</thread>
  <message>Start listener action : sampleBeforeTestCase</message>
  <nestedLevel>1</nestedLevel>
</record>
<record>
  <date>2019-05-24T15:56:48</date>
  <millis>1558693608673</millis>
  <sequence>10</sequence>
  <level>START</level>
  <class>com.kms.katalon.core.logging.XmlKeywordLogger</class>
  <method>startKeyword</method>
  <thread>1</thread>
  <message>Start action : println(testCaseContext.getTestCaseId())</message>
  <nestedLevel>1</nestedLevel>
  <property name="startLine">32</property>
  <property name="stepIndex">1</property>
</record>
<record>
  <date>2019-05-24T15:56:48</date>
  <millis>1558693608696</millis>
  <sequence>11</sequence>
  <level>END</level>
  <class>com.kms.katalon.core.logging.XmlKeywordLogger</class>
  <method>endKeyword</method>
  <thread>1</thread>
  <message>End action : println(testCaseContext.getTestCaseId())</message>
  <nestedLevel>1</nestedLevel>
</record>
<record>
  <date>2019-05-24T15:56:48</date>
  <millis>1558693608696</millis>
  <sequence>12</sequence>
  <level>START</level>
  <class>com.kms.katalon.core.logging.XmlKeywordLogger</class>
  <method>startKeyword</method>
  <thread>1</thread>
  <message>Start action : println(testCaseContext.getTestCaseVariables())</message>
  <nestedLevel>1</nestedLevel>
  <property name="startLine">33</property>
  <property name="stepIndex">2</property>
</record>
<record>
  <date>2019-05-24T15:56:48</date>
  <millis>1558693608699</millis>
  <sequence>14</sequence>
  <level>END</level>
  <class>com.kms.katalon.core.logging.XmlKeywordLogger</class>
  <method>endKeyword</method>
  <thread>1</thread>
  <message>End action : println(testCaseContext.getTestCaseVariables())</message>
  <nestedLevel>1</nestedLevel>
</record>
<record>
  <date>2019-05-24T15:56:48</date>
  <millis>1558693608700</millis>
  <sequence>15</sequence>
  <level>END</level>
  <class>com.kms.katalon.core.logging.XmlKeywordLogger</class>
  <method>endKeyword</method>
  <thread>1</thread>
  <message>End listener action : sampleBeforeTestCase</message>
  <nestedLevel>1</nestedLevel>
</record>
<record>
  <date>2019-05-24T15:56:50</date>
  <millis>1558693610738</millis>
  <sequence>16</sequence>
  <level>START</level>
  <class>com.kms.katalon.core.logging.XmlKeywordLogger</class>
  <method>startKeyword</method>
  <thread>1</thread>
  <message>Start action : openBrowser(\&amp;quot;\&amp;quot;)</message>
  <nestedLevel>1</nestedLevel>
  <property name="startLine">19</property>
  <property name="stepIndex">1</property>
</record>
<record>
  <date>2019-05-24T15:56:51</date>
  <millis>1558693611460</millis>
  <sequence>18</sequence>
  <level>INFO</level>
  <class>com.kms.katalon.core.logging.XmlKeywordLogger</class>
  <method>logMessage</method>
  <thread>1</thread>
  <message>Starting &amp;apos;Chrome&amp;apos; driver</message>
  <nestedLevel>1</nestedLevel>
</record>
<record>
  <date>2019-05-24T15:56:51</date>
  <millis>1558693611554</millis>
  <sequence>19</sequence>
  <level>INFO</level>
  <class>com.kms.katalon.core.logging.XmlKeywordLogger</class>
  <method>logMessage</method>
  <thread>1</thread>
  <message>Action delay is set to 0 seconds</message>
  <nestedLevel>1</nestedLevel>
</record>
<record>
  <date>2019-05-24T15:56:55</date>
  <millis>1558693615513</millis>
  <sequence>21</sequence>
  <level>RUN_DATA</level>
  <class>com.kms.katalon.core.logging.XmlKeywordLogger</class>
  <method>logMessage</method>
  <thread>1</thread>
  <message>sessionId = 01a74e5ad00f4d6acbc44e1fe456ce23</message>
  <nestedLevel>1</nestedLevel>
  <property name="sessionId">01a74e5ad00f4d6acbc44e1fe456ce23</property>
</record>
<record>
  <date>2019-05-24T15:56:55</date>
  <millis>1558693615553</millis>
  <sequence>22</sequence>
  <level>RUN_DATA</level>
  <class>com.kms.katalon.core.logging.XmlKeywordLogger</class>
  <method>logMessage</method>
  <thread>1</thread>
  <message>browser = Chrome 74.0.3729.169</message>
  <nestedLevel>1</nestedLevel>
  <property name="browser">Chrome 74.0.3729.169</property>
</record>
<record>
  <date>2019-05-24T15:56:55</date>
  <millis>1558693615554</millis>
  <sequence>23</sequence>
  <level>RUN_DATA</level>
  <class>com.kms.katalon.core.logging.XmlKeywordLogger</class>
  <method>logMessage</method>
  <thread>1</thread>
  <message>platform = Windows 8.1</message>
  <nestedLevel>1</nestedLevel>
  <property name="platform">Windows 8.1</property>
</record>
<record>
  <date>2019-05-24T15:56:55</date>
  <millis>1558693615557</millis>
  <sequence>24</sequence>
  <level>RUN_DATA</level>
  <class>com.kms.katalon.core.logging.XmlKeywordLogger</class>
  <method>logMessage</method>
  <thread>1</thread>
  <message>seleniumVersion = 3.7.1</message>
  <nestedLevel>1</nestedLevel>
  <property name="seleniumVersion">3.7.1</property>
</record>
<record>
  <date>2019-05-24T15:56:55</date>
  <millis>1558693615559</millis>
  <sequence>25</sequence>
  <level>RUN_DATA</level>
  <class>com.kms.katalon.core.logging.XmlKeywordLogger</class>
  <method>logMessage</method>
  <thread>1</thread>
  <message>proxyInformation = ProxyInformation{proxyOption=NO_PROXY, proxyServerType=HTTP, password=, proxyServerAddress=, proxyServerPort=0}</message>
  <nestedLevel>1</nestedLevel>
  <property name="proxyInformation">ProxyInformation{proxyOption=NO_PROXY, proxyServerType=HTTP, password=, proxyServerAddress=, proxyServerPort=0}</property>
</record>
<record>
  <date>2019-05-24T15:56:55</date>
  <millis>1558693615560</millis>
  <sequence>26</sequence>
  <level>PASSED</level>
  <class>com.kms.katalon.core.logging.XmlKeywordLogger</class>
  <method>logMessage</method>
  <thread>1</thread>
  <message>Browser is opened with url: &amp;apos;&amp;apos;</message>
  <nestedLevel>1</nestedLevel>
</record>
<record>
  <date>2019-05-24T15:56:55</date>
  <millis>1558693615569</millis>
  <sequence>27</sequence>
  <level>END</level>
  <class>com.kms.katalon.core.logging.XmlKeywordLogger</class>
  <method>endKeyword</method>
  <thread>1</thread>
  <message>End action : openBrowser(\&amp;quot;\&amp;quot;)</message>
  <nestedLevel>1</nestedLevel>
</record>
<record>
  <date>2019-05-24T15:56:55</date>
  <millis>1558693615570</millis>
  <sequence>28</sequence>
  <level>START</level>
  <class>com.kms.katalon.core.logging.XmlKeywordLogger</class>
  <method>startKeyword</method>
  <thread>1</thread>
  <message>Start action : for ([timeRow = 1, timeRow &amp;lt;= findTestData(\&amp;quot;timezoneData\&amp;quot;).getRowNumbers(), (timeRow++)])</message>
  <nestedLevel>1</nestedLevel>
  <property name="startLine">20</property>
  <property name="stepIndex">2</property>
</record>
<record>
  <date>2019-05-24T15:56:57</date>
  <millis>1558693617102</millis>
  <sequence>33</sequence>
  <level>START</level>
  <class>com.kms.katalon.core.logging.XmlKeywordLogger</class>
  <method>startKeyword</method>
  <thread>1</thread>
  <message>Start action : if (timeRow &amp;gt; 1)</message>
  <nestedLevel>2</nestedLevel>
  <property name="startLine">21</property>
  <property name="stepIndex">1</property>
</record>
<record>
  <date>2019-05-24T15:56:57</date>
  <millis>1558693617104</millis>
  <sequence>34</sequence>
  <level>END</level>
  <class>com.kms.katalon.core.logging.XmlKeywordLogger</class>
  <method>endKeyword</method>
  <thread>1</thread>
  <message>End action : if (timeRow &amp;gt; 1)</message>
  <nestedLevel>2</nestedLevel>
</record>
<record>
  <date>2019-05-24T15:56:57</date>
  <millis>1558693617105</millis>
  <sequence>35</sequence>
  <level>START</level>
  <class>com.kms.katalon.core.logging.XmlKeywordLogger</class>
  <method>startKeyword</method>
  <thread>1</thread>
  <message>Start action : callTestCase(findTestCase(\&amp;quot;populateTimeGlobalVars\&amp;quot;), [\&amp;quot;row\&amp;quot;:timeRow], STOP_ON_FAILURE)</message>
  <nestedLevel>2</nestedLevel>
  <property name="startLine">26</property>
  <property name="stepIndex">2</property>
</record>
<record>
  <date>2019-05-24T15:56:57</date>
  <millis>1558693617217</millis>
  <sequence>38</sequence>
  <level>START</level>
  <class>com.kms.katalon.core.logging.XmlKeywordLogger</class>
  <method>startTest</method>
  <thread>1</thread>
  <message>Start Test Case : Test Cases/populateTimeGlobalVars</message>
  <nestedLevel>2</nestedLevel>
  <property name="name">Test Cases/populateTimeGlobalVars</property>
  <property name="description"></property>
  <property name="id">Test Cases/populateTimeGlobalVars</property>
  <property name="source">C:\\Users\\user\\Documents\\testautomation\\NewArrivals\\Test Cases\\populateTimeGlobalVars.tc</property>
  <property name="isOptional">false</property>
</record>
<record>
  <date>2019-05-24T15:56:57</date>
  <millis>1558693617245</millis>
  <sequence>40</sequence>
  <level>INFO</level>
  <class>com.kms.katalon.core.logging.XmlKeywordLogger</class>
  <method>logMessage</method>
  <thread>1</thread>
  <message>row = 1</message>
  <nestedLevel>2</nestedLevel>
</record>
<record>
  <date>2019-05-24T15:56:57</date>
  <millis>1558693617720</millis>
  <sequence>41</sequence>
  <level>START</level>
  <class>com.kms.katalon.core.logging.XmlKeywordLogger</class>
  <method>startKeyword</method>
  <thread>1</thread>
  <message>Start action : dataFile = \&amp;quot;timezoneData\&amp;quot;</message>
  <nestedLevel>1</nestedLevel>
  <property name="startLine">18</property>
  <property name="stepIndex">1</property>
</record>
<record>
  <date>2019-05-24T15:56:57</date>
  <millis>1558693617722</millis>
  <sequence>42</sequence>
  <level>END</level>
  <class>com.kms.katalon.core.logging.XmlKeywordLogger</class>
  <method>endKeyword</method>
  <thread>1</thread>
  <message>End action : dataFile = \&amp;quot;timezoneData\&amp;quot;</message>
  <nestedLevel>1</nestedLevel>
</record>
<record>
  <date>2019-05-24T15:56:57</date>
  <millis>1558693617731</millis>
  <sequence>43</sequence>
  <level>START</level>
  <class>com.kms.katalon.core.logging.XmlKeywordLogger</class>
  <method>startKeyword</method>
  <thread>1</thread>
  <message>Start action : serverTarget = UtilityMethods.getTestData(dataFile, \&amp;quot;serverTarget\&amp;quot;, row)</message>
  <nestedLevel>1</nestedLevel>
  <property name="startLine">20</property>
  <property name="stepIndex">2</property>
</record>
<record>
  <date>2019-05-24T15:56:58</date>
  <millis>1558693618891</millis>
  <sequence>48</sequence>
  <level>END</level>
  <class>com.kms.katalon.core.logging.XmlKeywordLogger</class>
  <method>endKeyword</method>
  <thread>1</thread>
  <message>End action : serverTarget = UtilityMethods.getTestData(dataFile, \&amp;quot;serverTarget\&amp;quot;, row)</message>
  <nestedLevel>1</nestedLevel>
</record>
<record>
  <date>2019-05-24T15:56:58</date>
  <millis>1558693618891</millis>
  <sequence>49</sequence>
  <level>START</level>
  <class>com.kms.katalon.core.logging.XmlKeywordLogger</class>
  <method>startKeyword</method>
  <thread>1</thread>
  <message>Start action : orderType = UtilityMethods.getTestData(dataFile, \&amp;quot;orderType\&amp;quot;, row)</message>
  <nestedLevel>1</nestedLevel>
  <property name="startLine">21</property>
  <property name="stepIndex">3</property>
</record>
<record>
  <date>2019-05-24T15:56:58</date>
  <millis>1558693618947</millis>
  <sequence>54</sequence>
  <level>END</level>
  <class>com.kms.katalon.core.logging.XmlKeywordLogger</class>
  <method>endKeyword</method>
  <thread>1</thread>
  <message>End action : orderType = UtilityMethods.getTestData(dataFile, \&amp;quot;orderType\&amp;quot;, row)</message>
  <nestedLevel>1</nestedLevel>
</record>
<record>
  <date>2019-05-24T15:56:58</date>
  <millis>1558693618947</millis>
  <sequence>55</sequence>
  <level>START</level>
  <class>com.kms.katalon.core.logging.XmlKeywordLogger</class>
  <method>startKeyword</method>
  <thread>1</thread>
  <message>Start action : timeZone = UtilityMethods.getTestData(dataFile, \&amp;quot;timeZone\&amp;quot;, row)</message>
  <nestedLevel>1</nestedLevel>
  <property name="startLine">22</property>
  <property name="stepIndex">4</property>
</record>
<record>
  <date>2019-05-24T15:56:58</date>
  <millis>1558693618999</millis>
  <sequence>60</sequence>
  <level>END</level>
  <class>com.kms.katalon.core.logging.XmlKeywordLogger</class>
  <method>endKeyword</method>
  <thread>1</thread>
  <message>End action : timeZone = UtilityMethods.getTestData(dataFile, \&amp;quot;timeZone\&amp;quot;, row)</message>
  <nestedLevel>1</nestedLevel>
</record>
<record>
  <date>2019-05-24T15:56:59</date>
  <millis>1558693619000</millis>
  <sequence>61</sequence>
  <level>START</level>
  <class>com.kms.katalon.core.logging.XmlKeywordLogger</class>
  <method>startKeyword</method>
  <thread>1</thread>
  <message>Start action : BOPersonal = UtilityMethods.getTestData(dataFile, \&amp;quot;BOPersonal\&amp;quot;, row)</message>
  <nestedLevel>1</nestedLevel>
  <property name="startLine">24</property>
  <property name="stepIndex">5</property>
</record>
<record>
  <date>2019-05-24T15:56:59</date>
  <millis>1558693619057</millis>
  <sequence>66</sequence>
  <level>END</level>
  <class>com.kms.katalon.core.logging.XmlKeywordLogger</class>
  <method>endKeyword</method>
  <thread>1</thread>
  <message>End action : BOPersonal = UtilityMethods.getTestData(dataFile, \&amp;quot;BOPersonal\&amp;quot;, row)</message>
  <nestedLevel>1</nestedLevel>
</record>
<record>
  <date>2019-05-24T15:56:59</date>
  <millis>1558693619057</millis>
  <sequence>67</sequence>
  <level>START</level>
  <class>com.kms.katalon.core.logging.XmlKeywordLogger</class>
  <method>startKeyword</method>
  <thread>1</thread>
  <message>Start action : BOAddonPersonal = UtilityMethods.getTestData(dataFile, \&amp;quot;BOAddonPersonal\&amp;quot;, row)</message>
  <nestedLevel>1</nestedLevel>
  <property name="startLine">25</property>
  <property name="stepIndex">6</property>
</record>
<record>
  <date>2019-05-24T15:56:59</date>
  <millis>1558693619147</millis>
  <sequence>72</sequence>
  <level>END</level>
  <class>com.kms.katalon.core.logging.XmlKeywordLogger</class>
  <method>endKeyword</method>
  <thread>1</thread>
  <message>End action : BOAddonPersonal = UtilityMethods.getTestData(dataFile, \&amp;quot;BOAddonPersonal\&amp;quot;, row)</message>
  <nestedLevel>1</nestedLevel>
</record>
<record>
  <date>2019-05-24T15:56:59</date>
  <millis>1558693619147</millis>
  <sequence>73</sequence>
  <level>START</level>
  <class>com.kms.katalon.core.logging.XmlKeywordLogger</class>
  <method>startKeyword</method>
  <thread>1</thread>
  <message>Start action : BOAddonRetail = UtilityMethods.getTestData(dataFile, \&amp;quot;BOAddonRetail\&amp;quot;, row)</message>
  <nestedLevel>1</nestedLevel>
  <property name="startLine">26</property>
  <property name="stepIndex">7</property>
</record>
<record>
  <date>2019-05-24T15:56:59</date>
  <millis>1558693619231</millis>
  <sequence>78</sequence>
  <level>END</level>
  <class>com.kms.katalon.core.logging.XmlKeywordLogger</class>
  <method>endKeyword</method>
  <thread>1</thread>
  <message>End action : BOAddonRetail = UtilityMethods.getTestData(dataFile, \&amp;quot;BOAddonRetail\&amp;quot;, row)</message>
  <nestedLevel>1</nestedLevel>
</record>
<record>
  <date>2019-05-24T15:56:59</date>
  <millis>1558693619232</millis>
  <sequence>79</sequence>
  <level>START</level>
  <class>com.kms.katalon.core.logging.XmlKeywordLogger</class>
  <method>startKeyword</method>
  <thread>1</thread>
  <message>Start action : BORetail = UtilityMethods.getTestData(dataFile, \&amp;quot;BORetail\&amp;quot;, row)</message>
  <nestedLevel>1</nestedLevel>
  <property name="startLine">27</property>
  <property name="stepIndex">8</property>
</record>
<record>
  <date>2019-05-24T15:56:59</date>
  <millis>1558693619333</millis>
  <sequence>84</sequence>
  <level>END</level>
  <class>com.kms.katalon.core.logging.XmlKeywordLogger</class>
  <method>endKeyword</method>
  <thread>1</thread>
  <message>End action : BORetail = UtilityMethods.getTestData(dataFile, \&amp;quot;BORetail\&amp;quot;, row)</message>
  <nestedLevel>1</nestedLevel>
</record>
<record>
  <date>2019-05-24T15:56:59</date>
  <millis>1558693619333</millis>
  <sequence>85</sequence>
  <level>START</level>
  <class>com.kms.katalon.core.logging.XmlKeywordLogger</class>
  <method>startKeyword</method>
  <thread>1</thread>
  <message>Start action : BOShow = UtilityMethods.getTestData(dataFile, \&amp;quot;BOShow\&amp;quot;, row)</message>
  <nestedLevel>1</nestedLevel>
  <property name="startLine">28</property>
  <property name="stepIndex">9</property>
</record>
<record>
  <date>2019-05-24T15:56:59</date>
  <millis>1558693619427</millis>
  <sequence>90</sequence>
  <level>END</level>
  <class>com.kms.katalon.core.logging.XmlKeywordLogger</class>
  <method>endKeyword</method>
  <thread>1</thread>
  <message>End action : BOShow = UtilityMethods.getTestData(dataFile, \&amp;quot;BOShow\&amp;quot;, row)</message>
  <nestedLevel>1</nestedLevel>
</record>
<record>
  <date>2019-05-24T15:56:59</date>
  <millis>1558693619428</millis>
  <sequence>91</sequence>
  <level>START</level>
  <class>com.kms.katalon.core.logging.XmlKeywordLogger</class>
  <method>startKeyword</method>
  <thread>1</thread>
  <message>Start action : BOOnlineoutlet = UtilityMethods.getTestData(dataFile, \&amp;quot;BOOnlineoutlet\&amp;quot;, row)</message>
  <nestedLevel>1</nestedLevel>
  <property name="startLine">29</property>
  <property name="stepIndex">10</property>
</record>
<record>
  <date>2019-05-24T15:56:59</date>
  <millis>1558693619545</millis>
  <sequence>96</sequence>
  <level>END</level>
  <class>com.kms.katalon.core.logging.XmlKeywordLogger</class>
  <method>endKeyword</method>
  <thread>1</thread>
  <message>End action : BOOnlineoutlet = UtilityMethods.getTestData(dataFile, \&amp;quot;BOOnlineoutlet\&amp;quot;, row)</message>
  <nestedLevel>1</nestedLevel>
</record>
<record>
  <date>2019-05-24T15:56:59</date>
  <millis>1558693619546</millis>
  <sequence>97</sequence>
  <level>START</level>
  <class>com.kms.katalon.core.logging.XmlKeywordLogger</class>
  <method>startKeyword</method>
  <thread>1</thread>
  <message>Start action : BOEmployee = UtilityMethods.getTestData(dataFile, \&amp;quot;BOEmployee\&amp;quot;, row)</message>
  <nestedLevel>1</nestedLevel>
  <property name="startLine">30</property>
  <property name="stepIndex">11</property>
</record>
<record>
  <date>2019-05-24T15:56:59</date>
  <millis>1558693619742</millis>
  <sequence>102</sequence>
  <level>END</level>
  <class>com.kms.katalon.core.logging.XmlKeywordLogger</class>
  <method>endKeyword</method>
  <thread>1</thread>
  <message>End action : BOEmployee = UtilityMethods.getTestData(dataFile, \&amp;quot;BOEmployee\&amp;quot;, row)</message>
  <nestedLevel>1</nestedLevel>
</record>
<record>
  <date>2019-05-24T15:56:59</date>
  <millis>1558693619743</millis>
  <sequence>103</sequence>
  <level>START</level>
  <class>com.kms.katalon.core.logging.XmlKeywordLogger</class>
  <method>startKeyword</method>
  <thread>1</thread>
  <message>Start action : CCPersonal = UtilityMethods.getTestData(dataFile, \&amp;quot;CCPersonal\&amp;quot;, row)</message>
  <nestedLevel>1</nestedLevel>
  <property name="startLine">31</property>
  <property name="stepIndex">12</property>
</record>
<record>
  <date>2019-05-24T15:57:00</date>
  <millis>1558693620128</millis>
  <sequence>108</sequence>
  <level>END</level>
  <class>com.kms.katalon.core.logging.XmlKeywordLogger</class>
  <method>endKeyword</method>
  <thread>1</thread>
  <message>End action : CCPersonal = UtilityMethods.getTestData(dataFile, \&amp;quot;CCPersonal\&amp;quot;, row)</message>
  <nestedLevel>1</nestedLevel>
</record>
<record>
  <date>2019-05-24T15:57:00</date>
  <millis>1558693620128</millis>
  <sequence>109</sequence>
  <level>START</level>
  <class>com.kms.katalon.core.logging.XmlKeywordLogger</class>
  <method>startKeyword</method>
  <thread>1</thread>
  <message>Start action : CCRetail = UtilityMethods.getTestData(dataFile, \&amp;quot;CCRetail\&amp;quot;, row)</message>
  <nestedLevel>1</nestedLevel>
  <property name="startLine">32</property>
  <property name="stepIndex">13</property>
</record>
<record>
  <date>2019-05-24T15:57:00</date>
  <millis>1558693620223</millis>
  <sequence>114</sequence>
  <level>END</level>
  <class>com.kms.katalon.core.logging.XmlKeywordLogger</class>
  <method>endKeyword</method>
  <thread>1</thread>
  <message>End action : CCRetail = UtilityMethods.getTestData(dataFile, \&amp;quot;CCRetail\&amp;quot;, row)</message>
  <nestedLevel>1</nestedLevel>
</record>
<record>
  <date>2019-05-24T15:57:00</date>
  <millis>1558693620224</millis>
  <sequence>115</sequence>
  <level>START</level>
  <class>com.kms.katalon.core.logging.XmlKeywordLogger</class>
  <method>startKeyword</method>
  <thread>1</thread>
  <message>Start action : CCShow = UtilityMethods.getTestData(dataFile, \&amp;quot;CCShow\&amp;quot;, row)</message>
  <nestedLevel>1</nestedLevel>
  <property name="startLine">33</property>
  <property name="stepIndex">14</property>
</record>
<record>
  <date>2019-05-24T15:57:00</date>
  <millis>1558693620310</millis>
  <sequence>120</sequence>
  <level>END</level>
  <class>com.kms.katalon.core.logging.XmlKeywordLogger</class>
  <method>endKeyword</method>
  <thread>1</thread>
  <message>End action : CCShow = UtilityMethods.getTestData(dataFile, \&amp;quot;CCShow\&amp;quot;, row)</message>
  <nestedLevel>1</nestedLevel>
</record>
<record>
  <date>2019-05-24T15:57:00</date>
  <millis>1558693620310</millis>
  <sequence>121</sequence>
  <level>START</level>
  <class>com.kms.katalon.core.logging.XmlKeywordLogger</class>
  <method>startKeyword</method>
  <thread>1</thread>
  <message>Start action : BOEblast = UtilityMethods.getTestData(dataFile, \&amp;quot;BOEblast\&amp;quot;, row)</message>
  <nestedLevel>1</nestedLevel>
  <property name="startLine">35</property>
  <property name="stepIndex">15</property>
</record>
<record>
  <date>2019-05-24T15:57:00</date>
  <millis>1558693620379</millis>
  <sequence>126</sequence>
  <level>END</level>
  <class>com.kms.katalon.core.logging.XmlKeywordLogger</class>
  <method>endKeyword</method>
  <thread>1</thread>
  <message>End action : BOEblast = UtilityMethods.getTestData(dataFile, \&amp;quot;BOEblast\&amp;quot;, row)</message>
  <nestedLevel>1</nestedLevel>
</record>
<record>
  <date>2019-05-24T15:57:00</date>
  <millis>1558693620379</millis>
  <sequence>127</sequence>
  <level>PASSED</level>
  <class>com.kms.katalon.core.logging.XmlKeywordLogger</class>
  <method>logMessage</method>
  <thread>1</thread>
  <message>Test Cases/populateTimeGlobalVars</message>
  <nestedLevel>2</nestedLevel>
</record>
<record>
  <date>2019-05-24T15:57:00</date>
  <millis>1558693620381</millis>
  <sequence>128</sequence>
  <level>END</level>
  <class>com.kms.katalon.core.logging.XmlKeywordLogger</class>
  <method>endTest</method>
  <thread>1</thread>
  <message>End Test Case : Test Cases/populateTimeGlobalVars</message>
  <nestedLevel>1</nestedLevel>
</record>
<record>
  <date>2019-05-24T15:57:00</date>
  <millis>1558693620394</millis>
  <sequence>129</sequence>
  <level>PASSED</level>
  <class>com.kms.katalon.core.logging.XmlKeywordLogger</class>
  <method>logMessage</method>
  <thread>1</thread>
  <message>Call Test Case &amp;apos;Test Cases/populateTimeGlobalVars&amp;apos; successfully</message>
  <nestedLevel>1</nestedLevel>
</record>
<record>
  <date>2019-05-24T15:57:00</date>
  <millis>1558693620403</millis>
  <sequence>130</sequence>
  <level>END</level>
  <class>com.kms.katalon.core.logging.XmlKeywordLogger</class>
  <method>endKeyword</method>
  <thread>1</thread>
  <message>End action : callTestCase(findTestCase(\&amp;quot;populateTimeGlobalVars\&amp;quot;), [\&amp;quot;row\&amp;quot;:timeRow], STOP_ON_FAILURE)</message>
  <nestedLevel>2</nestedLevel>
</record>
<record>
  <date>2019-05-24T15:57:00</date>
  <millis>1558693620404</millis>
  <sequence>131</sequence>
  <level>START</level>
  <class>com.kms.katalon.core.logging.XmlKeywordLogger</class>
  <method>startKeyword</method>
  <thread>1</thread>
  <message>Start action : callTestCase(findTestCase(\&amp;quot;newArrivalsSetTimezone\&amp;quot;), [\&amp;quot;ofbizURL\&amp;quot;:\&amp;quot;\&amp;quot;, \&amp;quot;ofbizuser\&amp;quot;:\&amp;quot;\&amp;quot;, \&amp;quot;ofbizpass\&amp;quot;:\&amp;quot;\&amp;quot;, \&amp;quot;orderType\&amp;quot;:orderType, \&amp;quot;timeZone\&amp;quot;:timeZone, \&amp;quot;serverTarget\&amp;quot;:serverTarget], STOP_ON_FAILURE)</message>
  <nestedLevel>2</nestedLevel>
  <property name="startLine">28</property>
  <property name="stepIndex">3</property>
</record>
<record>
  <date>2019-05-24T15:57:00</date>
  <millis>1558693620478</millis>
  <sequence>134</sequence>
  <level>START</level>
  <class>com.kms.katalon.core.logging.XmlKeywordLogger</class>
  <method>startTest</method>
  <thread>1</thread>
  <message>Start Test Case : Test Cases/newArrivalsSetTimezone</message>
  <nestedLevel>2</nestedLevel>
  <property name="name">Test Cases/newArrivalsSetTimezone</property>
  <property name="description"></property>
  <property name="id">Test Cases/newArrivalsSetTimezone</property>
  <property name="source">C:\\Users\\user\\Documents\\testautomation\\NewArrivals\\Test Cases\\newArrivalsSetTimezone.tc</property>
  <property name="isOptional">false</property>
</record>
<record>
  <date>2019-05-24T15:57:00</date>
  <millis>1558693620538</millis>
  <sequence>136</sequence>
  <level>INFO</level>
  <class>com.kms.katalon.core.logging.XmlKeywordLogger</class>
  <method>logMessage</method>
  <thread>1</thread>
  <message>ofbizURL = </message>
  <nestedLevel>2</nestedLevel>
</record>
<record>
  <date>2019-05-24T15:57:00</date>
  <millis>1558693620540</millis>
  <sequence>137</sequence>
  <level>INFO</level>
  <class>com.kms.katalon.core.logging.XmlKeywordLogger</class>
  <method>logMessage</method>
  <thread>1</thread>
  <message>ofbizuser = </message>
  <nestedLevel>2</nestedLevel>
</record>
<record>
  <date>2019-05-24T15:57:00</date>
  <millis>1558693620546</millis>
  <sequence>138</sequence>
  <level>INFO</level>
  <class>com.kms.katalon.core.logging.XmlKeywordLogger</class>
  <method>logMessage</method>
  <thread>1</thread>
  <message>ofbizpass = </message>
  <nestedLevel>2</nestedLevel>
</record>
<record>
  <date>2019-05-24T15:57:00</date>
  <millis>1558693620547</millis>
  <sequence>139</sequence>
  <level>INFO</level>
  <class>com.kms.katalon.core.logging.XmlKeywordLogger</class>
  <method>logMessage</method>
  <thread>1</thread>
  <message>orderType = Early Ordering</message>
  <nestedLevel>2</nestedLevel>
</record>
<record>
  <date>2019-05-24T15:57:00</date>
  <millis>1558693620549</millis>
  <sequence>140</sequence>
  <level>INFO</level>
  <class>com.kms.katalon.core.logging.XmlKeywordLogger</class>
  <method>logMessage</method>
  <thread>1</thread>
  <message>timeZone =  04/17/2019 7:00</message>
  <nestedLevel>2</nestedLevel>
</record>
<record>
  <date>2019-05-24T15:57:00</date>
  <millis>1558693620551</millis>
  <sequence>141</sequence>
  <level>INFO</level>
  <class>com.kms.katalon.core.logging.XmlKeywordLogger</class>
  <method>logMessage</method>
  <thread>1</thread>
  <message>serverTarget = test14</message>
  <nestedLevel>2</nestedLevel>
</record>
<record>
  <date>2019-05-24T15:57:01</date>
  <millis>1558693621154</millis>
  <sequence>142</sequence>
  <level>START</level>
  <class>com.kms.katalon.core.logging.XmlKeywordLogger</class>
  <method>startKeyword</method>
  <thread>1</thread>
  <message>Start action : openBrowser(\&amp;quot;\&amp;quot;)</message>
  <nestedLevel>1</nestedLevel>
  <property name="startLine">16</property>
  <property name="stepIndex">1</property>
</record>
<record>
  <date>2019-05-24T15:57:01</date>
  <millis>1558693621166</millis>
  <sequence>143</sequence>
  <level>NOT_RUN</level>
  <class>com.kms.katalon.core.logging.XmlKeywordLogger</class>
  <method>logMessage</method>
  <thread>1</thread>
  <message>NOT_RUN: openBrowser(\&amp;quot;\&amp;quot;)</message>
  <nestedLevel>2</nestedLevel>
</record>
<record>
  <date>2019-05-24T15:57:01</date>
  <millis>1558693621168</millis>
  <sequence>144</sequence>
  <level>END</level>
  <class>com.kms.katalon.core.logging.XmlKeywordLogger</class>
  <method>endKeyword</method>
  <thread>1</thread>
  <message>End action : openBrowser(\&amp;quot;\&amp;quot;)</message>
  <nestedLevel>1</nestedLevel>
</record>
<record>
  <date>2019-05-24T15:57:01</date>
  <millis>1558693621170</millis>
  <sequence>145</sequence>
  <level>START</level>
  <class>com.kms.katalon.core.logging.XmlKeywordLogger</class>
  <method>startKeyword</method>
  <thread>1</thread>
  <message>Start action : maximizeWindow()</message>
  <nestedLevel>1</nestedLevel>
  <property name="startLine">18</property>
  <property name="stepIndex">2</property>
</record>
<record>
  <date>2019-05-24T15:57:01</date>
  <millis>1558693621171</millis>
  <sequence>146</sequence>
  <level>NOT_RUN</level>
  <class>com.kms.katalon.core.logging.XmlKeywordLogger</class>
  <method>logMessage</method>
  <thread>1</thread>
  <message>NOT_RUN: maximizeWindow()</message>
  <nestedLevel>2</nestedLevel>
</record>
<record>
  <date>2019-05-24T15:57:01</date>
  <millis>1558693621172</millis>
  <sequence>147</sequence>
  <level>END</level>
  <class>com.kms.katalon.core.logging.XmlKeywordLogger</class>
  <method>endKeyword</method>
  <thread>1</thread>
  <message>End action : maximizeWindow()</message>
  <nestedLevel>1</nestedLevel>
</record>
<record>
  <date>2019-05-24T15:57:01</date>
  <millis>1558693621173</millis>
  <sequence>148</sequence>
  <level>START</level>
  <class>com.kms.katalon.core.logging.XmlKeywordLogger</class>
  <method>startKeyword</method>
  <thread>1</thread>
  <message>Start action : ofbizURL = findTestData(\&amp;quot;credData\&amp;quot;).getValue(\&amp;quot;ofbizURL\&amp;quot;, 1)</message>
  <nestedLevel>1</nestedLevel>
  <property name="startLine">20</property>
  <property name="stepIndex">3</property>
</record>
<record>
  <date>2019-05-24T15:57:01</date>
  <millis>1558693621258</millis>
  <sequence>153</sequence>
  <level>END</level>
  <class>com.kms.katalon.core.logging.XmlKeywordLogger</class>
  <method>endKeyword</method>
  <thread>1</thread>
  <message>End action : ofbizURL = findTestData(\&amp;quot;credData\&amp;quot;).getValue(\&amp;quot;ofbizURL\&amp;quot;, 1)</message>
  <nestedLevel>1</nestedLevel>
</record>
<record>
  <date>2019-05-24T15:57:01</date>
  <millis>1558693621258</millis>
  <sequence>154</sequence>
  <level>START</level>
  <class>com.kms.katalon.core.logging.XmlKeywordLogger</class>
  <method>startKeyword</method>
  <thread>1</thread>
  <message>Start action : ofbizuser = findTestData(\&amp;quot;credData\&amp;quot;).getValue(\&amp;quot;ofbizuser\&amp;quot;, 1)</message>
  <nestedLevel>1</nestedLevel>
  <property name="startLine">22</property>
  <property name="stepIndex">4</property>
</record>
<record>
  <date>2019-05-24T15:57:01</date>
  <millis>1558693621475</millis>
  <sequence>159</sequence>
  <level>END</level>
  <class>com.kms.katalon.core.logging.XmlKeywordLogger</class>
  <method>endKeyword</method>
  <thread>1</thread>
  <message>End action : ofbizuser = findTestData(\&amp;quot;credData\&amp;quot;).getValue(\&amp;quot;ofbizuser\&amp;quot;, 1)</message>
  <nestedLevel>1</nestedLevel>
</record>
<record>
  <date>2019-05-24T15:57:01</date>
  <millis>1558693621475</millis>
  <sequence>160</sequence>
  <level>START</level>
  <class>com.kms.katalon.core.logging.XmlKeywordLogger</class>
  <method>startKeyword</method>
  <thread>1</thread>
  <message>Start action : ofbizpass = findTestData(\&amp;quot;credData\&amp;quot;).getValue(\&amp;quot;ofbizpass\&amp;quot;, 1)</message>
  <nestedLevel>1</nestedLevel>
  <property name="startLine">24</property>
  <property name="stepIndex">5</property>
</record>
<record>
  <date>2019-05-24T15:57:01</date>
  <millis>1558693621562</millis>
  <sequence>165</sequence>
  <level>END</level>
  <class>com.kms.katalon.core.logging.XmlKeywordLogger</class>
  <method>endKeyword</method>
  <thread>1</thread>
  <message>End action : ofbizpass = findTestData(\&amp;quot;credData\&amp;quot;).getValue(\&amp;quot;ofbizpass\&amp;quot;, 1)</message>
  <nestedLevel>1</nestedLevel>
</record>
<record>
  <date>2019-05-24T15:57:01</date>
  <millis>1558693621562</millis>
  <sequence>166</sequence>
  <level>START</level>
  <class>com.kms.katalon.core.logging.XmlKeywordLogger</class>
  <method>startKeyword</method>
  <thread>1</thread>
  <message>Start action : navigateToUrl(ofbizURL)</message>
  <nestedLevel>1</nestedLevel>
  <property name="startLine">26</property>
  <property name="stepIndex">6</property>
</record>
<record>
  <date>2019-05-24T15:57:03</date>
  <millis>1558693623495</millis>
  <sequence>169</sequence>
  <level>PASSED</level>
  <class>com.kms.katalon.core.logging.XmlKeywordLogger</class>
  <method>logMessage</method>
  <thread>1</thread>
  <message>Navigate to &amp;apos;https://pushofbiz.cliotest.com/login.php&amp;apos; successfully</message>
  <nestedLevel>2</nestedLevel>
</record>
<record>
  <date>2019-05-24T15:57:03</date>
  <millis>1558693623496</millis>
  <sequence>170</sequence>
  <level>END</level>
  <class>com.kms.katalon.core.logging.XmlKeywordLogger</class>
  <method>endKeyword</method>
  <thread>1</thread>
  <message>End action : navigateToUrl(ofbizURL)</message>
  <nestedLevel>1</nestedLevel>
</record>
<record>
  <date>2019-05-24T15:57:03</date>
  <millis>1558693623496</millis>
  <sequence>171</sequence>
  <level>START</level>
  <class>com.kms.katalon.core.logging.XmlKeywordLogger</class>
  <method>startKeyword</method>
  <thread>1</thread>
  <message>Start action : setText(findTestObject(\&amp;quot;Page_/input_Username_username\&amp;quot;), ofbizuser)</message>
  <nestedLevel>1</nestedLevel>
  <property name="startLine">28</property>
  <property name="stepIndex">7</property>
</record>
<record>
  <date>2019-05-24T15:57:03</date>
  <millis>1558693623781</millis>
  <sequence>180</sequence>
  <level>PASSED</level>
  <class>com.kms.katalon.core.logging.XmlKeywordLogger</class>
  <method>logMessage</method>
  <thread>1</thread>
  <message>Text &amp;apos;sshinde&amp;apos; is set on object &amp;apos;Object Repository/Page_/input_Username_username&amp;apos;</message>
  <nestedLevel>2</nestedLevel>
</record>
<record>
  <date>2019-05-24T15:57:03</date>
  <millis>1558693623782</millis>
  <sequence>181</sequence>
  <level>END</level>
  <class>com.kms.katalon.core.logging.XmlKeywordLogger</class>
  <method>endKeyword</method>
  <thread>1</thread>
  <message>End action : setText(findTestObject(\&amp;quot;Page_/input_Username_username\&amp;quot;), ofbizuser)</message>
  <nestedLevel>1</nestedLevel>
</record>
<record>
  <date>2019-05-24T15:57:03</date>
  <millis>1558693623782</millis>
  <sequence>182</sequence>
  <level>START</level>
  <class>com.kms.katalon.core.logging.XmlKeywordLogger</class>
  <method>startKeyword</method>
  <thread>1</thread>
  <message>Start action : setText(findTestObject(\&amp;quot;Page_/input_Password_password\&amp;quot;), ofbizpass)</message>
  <nestedLevel>1</nestedLevel>
  <property name="startLine">30</property>
  <property name="stepIndex">8</property>
</record>
<record>
  <date>2019-05-24T15:57:03</date>
  <millis>1558693623941</millis>
  <sequence>191</sequence>
  <level>PASSED</level>
  <class>com.kms.katalon.core.logging.XmlKeywordLogger</class>
  <method>logMessage</method>
  <thread>1</thread>
  <message>Text &amp;apos;C@bi$ush5&amp;apos; is set on object &amp;apos;Object Repository/Page_/input_Password_password&amp;apos;</message>
  <nestedLevel>2</nestedLevel>
</record>
<record>
  <date>2019-05-24T15:57:03</date>
  <millis>1558693623942</millis>
  <sequence>192</sequence>
  <level>END</level>
  <class>com.kms.katalon.core.logging.XmlKeywordLogger</class>
  <method>endKeyword</method>
  <thread>1</thread>
  <message>End action : setText(findTestObject(\&amp;quot;Page_/input_Password_password\&amp;quot;), ofbizpass)</message>
  <nestedLevel>1</nestedLevel>
</record>
<record>
  <date>2019-05-24T15:57:03</date>
  <millis>1558693623942</millis>
  <sequence>193</sequence>
  <level>START</level>
  <class>com.kms.katalon.core.logging.XmlKeywordLogger</class>
  <method>startKeyword</method>
  <thread>1</thread>
  <message>Start action : click(findTestObject(\&amp;quot;Page_/input_Password_Submit\&amp;quot;))</message>
  <nestedLevel>1</nestedLevel>
  <property name="startLine">32</property>
  <property name="stepIndex">9</property>
</record>
<record>
  <date>2019-05-24T15:57:07</date>
  <millis>1558693627048</millis>
  <sequence>200</sequence>
  <level>PASSED</level>
  <class>com.kms.katalon.core.logging.XmlKeywordLogger</class>
  <method>logMessage</method>
  <thread>1</thread>
  <message>Object: &amp;apos;Object Repository/Page_/input_Password_Submit&amp;apos; is clicked on</message>
  <nestedLevel>2</nestedLevel>
</record>
<record>
  <date>2019-05-24T15:57:07</date>
  <millis>1558693627049</millis>
  <sequence>201</sequence>
  <level>END</level>
  <class>com.kms.katalon.core.logging.XmlKeywordLogger</class>
  <method>endKeyword</method>
  <thread>1</thread>
  <message>End action : click(findTestObject(\&amp;quot;Page_/input_Password_Submit\&amp;quot;))</message>
  <nestedLevel>1</nestedLevel>
</record>
<record>
  <date>2019-05-24T15:57:07</date>
  <millis>1558693627049</millis>
  <sequence>202</sequence>
  <level>START</level>
  <class>com.kms.katalon.core.logging.XmlKeywordLogger</class>
  <method>startKeyword</method>
  <thread>1</thread>
  <message>Start action : click(findTestObject(\&amp;quot;Object Repository/Page_/a_Clock set\&amp;quot;))</message>
  <nestedLevel>1</nestedLevel>
  <property name="startLine">34</property>
  <property name="stepIndex">10</property>
</record>
<record>
  <date>2019-05-24T15:57:07</date>
  <millis>1558693627551</millis>
  <sequence>209</sequence>
  <level>PASSED</level>
  <class>com.kms.katalon.core.logging.XmlKeywordLogger</class>
  <method>logMessage</method>
  <thread>1</thread>
  <message>Object: &amp;apos;Object Repository/Page_/a_Clock set&amp;apos; is clicked on</message>
  <nestedLevel>2</nestedLevel>
</record>
<record>
  <date>2019-05-24T15:57:07</date>
  <millis>1558693627552</millis>
  <sequence>210</sequence>
  <level>END</level>
  <class>com.kms.katalon.core.logging.XmlKeywordLogger</class>
  <method>endKeyword</method>
  <thread>1</thread>
  <message>End action : click(findTestObject(\&amp;quot;Object Repository/Page_/a_Clock set\&amp;quot;))</message>
  <nestedLevel>1</nestedLevel>
</record>
<record>
  <date>2019-05-24T15:57:07</date>
  <millis>1558693627553</millis>
  <sequence>211</sequence>
  <level>START</level>
  <class>com.kms.katalon.core.logging.XmlKeywordLogger</class>
  <method>startKeyword</method>
  <thread>1</thread>
  <message>Start action : selectOptionByLabel(findTestObject(\&amp;quot;Object Repository/Page_/serverTarget\&amp;quot;), serverTarget, true)</message>
  <nestedLevel>1</nestedLevel>
  <property name="startLine">36</property>
  <property name="stepIndex">11</property>
</record>
<record>
  <date>2019-05-24T15:57:09</date>
  <millis>1558693629633</millis>
  <sequence>220</sequence>
  <level>PASSED</level>
  <class>com.kms.katalon.core.logging.XmlKeywordLogger</class>
  <method>logMessage</method>
  <thread>1</thread>
  <message>All options with label &amp;apos;test14&amp;apos; are selected in object &amp;apos;Object Repository/Page_/serverTarget&amp;apos;  using regular expression</message>
  <nestedLevel>2</nestedLevel>
</record>
<record>
  <date>2019-05-24T15:57:09</date>
  <millis>1558693629633</millis>
  <sequence>221</sequence>
  <level>END</level>
  <class>com.kms.katalon.core.logging.XmlKeywordLogger</class>
  <method>endKeyword</method>
  <thread>1</thread>
  <message>End action : selectOptionByLabel(findTestObject(\&amp;quot;Object Repository/Page_/serverTarget\&amp;quot;), serverTarget, true)</message>
  <nestedLevel>1</nestedLevel>
</record>
<record>
  <date>2019-05-24T15:57:09</date>
  <millis>1558693629634</millis>
  <sequence>222</sequence>
  <level>START</level>
  <class>com.kms.katalon.core.logging.XmlKeywordLogger</class>
  <method>startKeyword</method>
  <thread>1</thread>
  <message>Start action : click(findTestObject(\&amp;quot;Page_/thisDateAndTime\&amp;quot;))</message>
  <nestedLevel>1</nestedLevel>
  <property name="startLine">38</property>
  <property name="stepIndex">12</property>
</record>
<record>
  <date>2019-05-24T15:57:09</date>
  <millis>1558693629719</millis>
  <sequence>229</sequence>
  <level>PASSED</level>
  <class>com.kms.katalon.core.logging.XmlKeywordLogger</class>
  <method>logMessage</method>
  <thread>1</thread>
  <message>Object: &amp;apos;Object Repository/Page_/thisDateAndTime&amp;apos; is clicked on</message>
  <nestedLevel>2</nestedLevel>
</record>
<record>
  <date>2019-05-24T15:57:09</date>
  <millis>1558693629719</millis>
  <sequence>230</sequence>
  <level>END</level>
  <class>com.kms.katalon.core.logging.XmlKeywordLogger</class>
  <method>endKeyword</method>
  <thread>1</thread>
  <message>End action : click(findTestObject(\&amp;quot;Page_/thisDateAndTime\&amp;quot;))</message>
  <nestedLevel>1</nestedLevel>
</record>
<record>
  <date>2019-05-24T15:57:09</date>
  <millis>1558693629720</millis>
  <sequence>231</sequence>
  <level>START</level>
  <class>com.kms.katalon.core.logging.XmlKeywordLogger</class>
  <method>startKeyword</method>
  <thread>1</thread>
  <message>Start action : setText(findTestObject(\&amp;quot;Object Repository/Page_/setTargetTime\&amp;quot;), timeZone)</message>
  <nestedLevel>1</nestedLevel>
  <property name="startLine">40</property>
  <property name="stepIndex">13</property>
</record>
<record>
  <date>2019-05-24T15:57:09</date>
  <millis>1558693629876</millis>
  <sequence>240</sequence>
  <level>PASSED</level>
  <class>com.kms.katalon.core.logging.XmlKeywordLogger</class>
  <method>logMessage</method>
  <thread>1</thread>
  <message>Text &amp;apos; 04/17/2019 7:00&amp;apos; is set on object &amp;apos;Object Repository/Page_/setTargetTime&amp;apos;</message>
  <nestedLevel>2</nestedLevel>
</record>
<record>
  <date>2019-05-24T15:57:09</date>
  <millis>1558693629877</millis>
  <sequence>241</sequence>
  <level>END</level>
  <class>com.kms.katalon.core.logging.XmlKeywordLogger</class>
  <method>endKeyword</method>
  <thread>1</thread>
  <message>End action : setText(findTestObject(\&amp;quot;Object Repository/Page_/setTargetTime\&amp;quot;), timeZone)</message>
  <nestedLevel>1</nestedLevel>
</record>
<record>
  <date>2019-05-24T15:57:09</date>
  <millis>1558693629877</millis>
  <sequence>242</sequence>
  <level>START</level>
  <class>com.kms.katalon.core.logging.XmlKeywordLogger</class>
  <method>startKeyword</method>
  <thread>1</thread>
  <message>Start action : click(findTestObject(\&amp;quot;Object Repository/Page_/input\&amp;quot;))</message>
  <nestedLevel>1</nestedLevel>
  <property name="startLine">42</property>
  <property name="stepIndex">14</property>
</record>
<record>
  <date>2019-05-24T15:57:10</date>
  <millis>1558693630626</millis>
  <sequence>249</sequence>
  <level>PASSED</level>
  <class>com.kms.katalon.core.logging.XmlKeywordLogger</class>
  <method>logMessage</method>
  <thread>1</thread>
  <message>Object: &amp;apos;Object Repository/Page_/input&amp;apos; is clicked on</message>
  <nestedLevel>2</nestedLevel>
</record>
<record>
  <date>2019-05-24T15:57:10</date>
  <millis>1558693630628</millis>
  <sequence>250</sequence>
  <level>END</level>
  <class>com.kms.katalon.core.logging.XmlKeywordLogger</class>
  <method>endKeyword</method>
  <thread>1</thread>
  <message>End action : click(findTestObject(\&amp;quot;Object Repository/Page_/input\&amp;quot;))</message>
  <nestedLevel>1</nestedLevel>
</record>
<record>
  <date>2019-05-24T15:57:10</date>
  <millis>1558693630628</millis>
  <sequence>251</sequence>
  <level>START</level>
  <class>com.kms.katalon.core.logging.XmlKeywordLogger</class>
  <method>startKeyword</method>
  <thread>1</thread>
  <message>Start action : delay(10)</message>
  <nestedLevel>1</nestedLevel>
  <property name="startLine">44</property>
  <property name="stepIndex">15</property>
</record>
<record>
  <date>2019-05-24T15:57:20</date>
  <millis>1558693640640</millis>
  <sequence>253</sequence>
  <level>PASSED</level>
  <class>com.kms.katalon.core.logging.XmlKeywordLogger</class>
  <method>logMessage</method>
  <thread>1</thread>
  <message>Delayed 10 second(s)</message>
  <nestedLevel>2</nestedLevel>
</record>
<record>
  <date>2019-05-24T15:57:20</date>
  <millis>1558693640641</millis>
  <sequence>254</sequence>
  <level>END</level>
  <class>com.kms.katalon.core.logging.XmlKeywordLogger</class>
  <method>endKeyword</method>
  <thread>1</thread>
  <message>End action : delay(10)</message>
  <nestedLevel>1</nestedLevel>
</record>
<record>
  <date>2019-05-24T15:57:20</date>
  <millis>1558693640641</millis>
  <sequence>255</sequence>
  <level>START</level>
  <class>com.kms.katalon.core.logging.XmlKeywordLogger</class>
  <method>startKeyword</method>
  <thread>1</thread>
  <message>Start action : closeBrowser()</message>
  <nestedLevel>1</nestedLevel>
  <property name="startLine">46</property>
  <property name="stepIndex">16</property>
</record>
<record>
  <date>2019-05-24T15:57:20</date>
  <millis>1558693640643</millis>
  <sequence>256</sequence>
  <level>NOT_RUN</level>
  <class>com.kms.katalon.core.logging.XmlKeywordLogger</class>
  <method>logMessage</method>
  <thread>1</thread>
  <message>NOT_RUN: closeBrowser()</message>
  <nestedLevel>2</nestedLevel>
</record>
<record>
  <date>2019-05-24T15:57:20</date>
  <millis>1558693640643</millis>
  <sequence>257</sequence>
  <level>END</level>
  <class>com.kms.katalon.core.logging.XmlKeywordLogger</class>
  <method>endKeyword</method>
  <thread>1</thread>
  <message>End action : closeBrowser()</message>
  <nestedLevel>1</nestedLevel>
</record>
<record>
  <date>2019-05-24T15:57:20</date>
  <millis>1558693640643</millis>
  <sequence>258</sequence>
  <level>PASSED</level>
  <class>com.kms.katalon.core.logging.XmlKeywordLogger</class>
  <method>logMessage</method>
  <thread>1</thread>
  <message>Test Cases/newArrivalsSetTimezone</message>
  <nestedLevel>2</nestedLevel>
</record>
<record>
  <date>2019-05-24T15:57:20</date>
  <millis>1558693640644</millis>
  <sequence>259</sequence>
  <level>END</level>
  <class>com.kms.katalon.core.logging.XmlKeywordLogger</class>
  <method>endTest</method>
  <thread>1</thread>
  <message>End Test Case : Test Cases/newArrivalsSetTimezone</message>
  <nestedLevel>1</nestedLevel>
</record>
<record>
  <date>2019-05-24T15:57:20</date>
  <millis>1558693640644</millis>
  <sequence>260</sequence>
  <level>PASSED</level>
  <class>com.kms.katalon.core.logging.XmlKeywordLogger</class>
  <method>logMessage</method>
  <thread>1</thread>
  <message>Call Test Case &amp;apos;Test Cases/newArrivalsSetTimezone&amp;apos; successfully</message>
  <nestedLevel>1</nestedLevel>
</record>
<record>
  <date>2019-05-24T15:57:20</date>
  <millis>1558693640645</millis>
  <sequence>261</sequence>
  <level>END</level>
  <class>com.kms.katalon.core.logging.XmlKeywordLogger</class>
  <method>endKeyword</method>
  <thread>1</thread>
  <message>End action : callTestCase(findTestCase(\&amp;quot;newArrivalsSetTimezone\&amp;quot;), [\&amp;quot;ofbizURL\&amp;quot;:\&amp;quot;\&amp;quot;, \&amp;quot;ofbizuser\&amp;quot;:\&amp;quot;\&amp;quot;, \&amp;quot;ofbizpass\&amp;quot;:\&amp;quot;\&amp;quot;, \&amp;quot;orderType\&amp;quot;:orderType, \&amp;quot;timeZone\&amp;quot;:timeZone, \&amp;quot;serverTarget\&amp;quot;:serverTarget], STOP_ON_FAILURE)</message>
  <nestedLevel>2</nestedLevel>
</record>
<record>
  <date>2019-05-24T15:57:20</date>
  <millis>1558693640645</millis>
  <sequence>262</sequence>
  <level>START</level>
  <class>com.kms.katalon.core.logging.XmlKeywordLogger</class>
  <method>startKeyword</method>
  <thread>1</thread>
  <message>Start action : callTestCase(findTestCase(\&amp;quot;backOfficeLogin\&amp;quot;), [\&amp;quot;BOURL\&amp;quot;:\&amp;quot;\&amp;quot;, \&amp;quot;BOuser\&amp;quot;:\&amp;quot;\&amp;quot;, \&amp;quot;BOpass\&amp;quot;:\&amp;quot;\&amp;quot;], STOP_ON_FAILURE)</message>
  <nestedLevel>2</nestedLevel>
  <property name="startLine">32</property>
  <property name="stepIndex">4</property>
</record>
<record>
  <date>2019-05-24T15:57:20</date>
  <millis>1558693640710</millis>
  <sequence>265</sequence>
  <level>START</level>
  <class>com.kms.katalon.core.logging.XmlKeywordLogger</class>
  <method>startTest</method>
  <thread>1</thread>
  <message>Start Test Case : Test Cases/backOfficeLogin</message>
  <nestedLevel>2</nestedLevel>
  <property name="name">Test Cases/backOfficeLogin</property>
  <property name="description"></property>
  <property name="id">Test Cases/backOfficeLogin</property>
  <property name="source">C:\\Users\\user\\Documents\\testautomation\\NewArrivals\\Test Cases\\backOfficeLogin.tc</property>
  <property name="isOptional">false</property>
</record>
<record>
  <date>2019-05-24T15:57:20</date>
  <millis>1558693640723</millis>
  <sequence>267</sequence>
  <level>INFO</level>
  <class>com.kms.katalon.core.logging.XmlKeywordLogger</class>
  <method>logMessage</method>
  <thread>1</thread>
  <message>BOURL = </message>
  <nestedLevel>2</nestedLevel>
</record>
<record>
  <date>2019-05-24T15:57:20</date>
  <millis>1558693640723</millis>
  <sequence>268</sequence>
  <level>INFO</level>
  <class>com.kms.katalon.core.logging.XmlKeywordLogger</class>
  <method>logMessage</method>
  <thread>1</thread>
  <message>BOuser = </message>
  <nestedLevel>2</nestedLevel>
</record>
<record>
  <date>2019-05-24T15:57:20</date>
  <millis>1558693640723</millis>
  <sequence>269</sequence>
  <level>INFO</level>
  <class>com.kms.katalon.core.logging.XmlKeywordLogger</class>
  <method>logMessage</method>
  <thread>1</thread>
  <message>BOpass = </message>
  <nestedLevel>2</nestedLevel>
</record>
<record>
  <date>2019-05-24T15:57:20</date>
  <millis>1558693640943</millis>
  <sequence>270</sequence>
  <level>START</level>
  <class>com.kms.katalon.core.logging.XmlKeywordLogger</class>
  <method>startKeyword</method>
  <thread>1</thread>
  <message>Start action : BOURL = findTestData(\&amp;quot;credData\&amp;quot;).getValue(\&amp;quot;BOURL\&amp;quot;, 1)</message>
  <nestedLevel>1</nestedLevel>
  <property name="startLine">9</property>
  <property name="stepIndex">1</property>
</record>
<record>
  <date>2019-05-24T15:57:21</date>
  <millis>1558693641028</millis>
  <sequence>275</sequence>
  <level>END</level>
  <class>com.kms.katalon.core.logging.XmlKeywordLogger</class>
  <method>endKeyword</method>
  <thread>1</thread>
  <message>End action : BOURL = findTestData(\&amp;quot;credData\&amp;quot;).getValue(\&amp;quot;BOURL\&amp;quot;, 1)</message>
  <nestedLevel>1</nestedLevel>
</record>
<record>
  <date>2019-05-24T15:57:21</date>
  <millis>1558693641029</millis>
  <sequence>276</sequence>
  <level>START</level>
  <class>com.kms.katalon.core.logging.XmlKeywordLogger</class>
  <method>startKeyword</method>
  <thread>1</thread>
  <message>Start action : BOuser = findTestData(\&amp;quot;credData\&amp;quot;).getValue(\&amp;quot;BOuser\&amp;quot;, 1)</message>
  <nestedLevel>1</nestedLevel>
  <property name="startLine">11</property>
  <property name="stepIndex">2</property>
</record>
<record>
  <date>2019-05-24T15:57:21</date>
  <millis>1558693641099</millis>
  <sequence>281</sequence>
  <level>END</level>
  <class>com.kms.katalon.core.logging.XmlKeywordLogger</class>
  <method>endKeyword</method>
  <thread>1</thread>
  <message>End action : BOuser = findTestData(\&amp;quot;credData\&amp;quot;).getValue(\&amp;quot;BOuser\&amp;quot;, 1)</message>
  <nestedLevel>1</nestedLevel>
</record>
<record>
  <date>2019-05-24T15:57:21</date>
  <millis>1558693641100</millis>
  <sequence>282</sequence>
  <level>START</level>
  <class>com.kms.katalon.core.logging.XmlKeywordLogger</class>
  <method>startKeyword</method>
  <thread>1</thread>
  <message>Start action : BOpass = findTestData(\&amp;quot;credData\&amp;quot;).getValue(\&amp;quot;BOpass\&amp;quot;, 1)</message>
  <nestedLevel>1</nestedLevel>
  <property name="startLine">13</property>
  <property name="stepIndex">3</property>
</record>
<record>
  <date>2019-05-24T15:57:21</date>
  <millis>1558693641128</millis>
  <sequence>287</sequence>
  <level>END</level>
  <class>com.kms.katalon.core.logging.XmlKeywordLogger</class>
  <method>endKeyword</method>
  <thread>1</thread>
  <message>End action : BOpass = findTestData(\&amp;quot;credData\&amp;quot;).getValue(\&amp;quot;BOpass\&amp;quot;, 1)</message>
  <nestedLevel>1</nestedLevel>
</record>
<record>
  <date>2019-05-24T15:57:21</date>
  <millis>1558693641129</millis>
  <sequence>288</sequence>
  <level>START</level>
  <class>com.kms.katalon.core.logging.XmlKeywordLogger</class>
  <method>startKeyword</method>
  <thread>1</thread>
  <message>Start action : openBrowser(\&amp;quot;\&amp;quot;)</message>
  <nestedLevel>1</nestedLevel>
  <property name="startLine">15</property>
  <property name="stepIndex">4</property>
</record>
<record>
  <date>2019-05-24T15:57:21</date>
  <millis>1558693641138</millis>
  <sequence>290</sequence>
  <level>WARNING</level>
  <class>com.kms.katalon.core.logging.XmlKeywordLogger</class>
  <method>logMessage</method>
  <thread>1</thread>
  <message>A browser is already opened. Closing browser and opening a new one</message>
  <nestedLevel>2</nestedLevel>
</record>
<record>
  <date>2019-05-24T15:57:21</date>
  <millis>1558693641721</millis>
  <sequence>291</sequence>
  <level>INFO</level>
  <class>com.kms.katalon.core.logging.XmlKeywordLogger</class>
  <method>logMessage</method>
  <thread>1</thread>
  <message>Starting &amp;apos;Chrome&amp;apos; driver</message>
  <nestedLevel>2</nestedLevel>
</record>
