<?xml version="1.0" encoding="UTF-8" standalone="no"?>
<!DOCTYPE log SYSTEM "logger.dtd">
<log>
<record>
  <date>2019-10-29T15:25:22</date>
  <millis>1572342922274</millis>
  <sequence>0</sequence>
  <level>START</level>
  <class>com.kms.katalon.core.logging.XmlKeywordLogger</class>
  <method>startSuite</method>
  <thread>1</thread>
  <message>Start Test Suite : Test Suites/OrderCreatorSuites/OrderCreatorSuiteRetail</message>
  <nestedLevel>0</nestedLevel>
  <property name="name">OrderCreatorSuiteRetail</property>
  <property name="description"></property>
  <property name="id">Test Suites/OrderCreatorSuites/OrderCreatorSuiteRetail</property>
</record>
<record>
  <date>2019-10-29T15:25:22</date>
  <millis>1572342922721</millis>
  <sequence>1</sequence>
  <level>RUN_DATA</level>
  <class>com.kms.katalon.core.logging.XmlKeywordLogger</class>
  <method>logMessage</method>
  <thread>1</thread>
  <message>hostName = user - 10.0.102.44</message>
  <nestedLevel>0</nestedLevel>
  <property name="hostName">user - 10.0.102.44</property>
</record>
<record>
  <date>2019-10-29T15:25:22</date>
  <millis>1572342922723</millis>
  <sequence>2</sequence>
  <level>RUN_DATA</level>
  <class>com.kms.katalon.core.logging.XmlKeywordLogger</class>
  <method>logMessage</method>
  <thread>1</thread>
  <message>os = Windows 8.1 64bit</message>
  <nestedLevel>0</nestedLevel>
  <property name="os">Windows 8.1 64bit</property>
</record>
<record>
  <date>2019-10-29T15:25:22</date>
  <millis>1572342922726</millis>
  <sequence>3</sequence>
  <level>RUN_DATA</level>
  <class>com.kms.katalon.core.logging.XmlKeywordLogger</class>
  <method>logMessage</method>
  <thread>1</thread>
  <message>hostAddress = 10.0.102.44</message>
  <nestedLevel>0</nestedLevel>
  <property name="hostAddress">10.0.102.44</property>
</record>
<record>
  <date>2019-10-29T15:25:22</date>
  <millis>1572342922732</millis>
  <sequence>4</sequence>
  <level>RUN_DATA</level>
  <class>com.kms.katalon.core.logging.XmlKeywordLogger</class>
  <method>logMessage</method>
  <thread>1</thread>
  <message>katalonVersion = 6.1.1.1</message>
  <nestedLevel>0</nestedLevel>
  <property name="katalonVersion">6.1.1.1</property>
</record>
<record>
  <date>2019-10-29T15:25:26</date>
  <millis>1572342926375</millis>
  <sequence>5</sequence>
  <level>START</level>
  <class>com.kms.katalon.core.logging.XmlKeywordLogger</class>
  <method>startTest</method>
  <thread>1</thread>
  <message>Start Test Case : Test Cases/OrderCreator/massOrderCreationRetail</message>
  <nestedLevel>1</nestedLevel>
  <property name="name">Test Cases/OrderCreator/massOrderCreationRetail</property>
  <property name="description"></property>
  <property name="id">Test Cases/OrderCreator/massOrderCreationRetail</property>
  <property name="source">C:\\Users\\user\\Documents\\testautomation\\KatalonProjects\\Test Cases\\OrderCreator\\massOrderCreationRetail.tc</property>
  <property name="isOptional">false</property>
</record>
<record>
  <date>2019-10-29T15:25:26</date>
  <millis>1572342926507</millis>
  <sequence>7</sequence>
  <level>START</level>
  <class>com.kms.katalon.core.logging.XmlKeywordLogger</class>
  <method>startKeyword</method>
  <thread>1</thread>
  <message>Start listener action : sampleBeforeTestCase</message>
  <nestedLevel>1</nestedLevel>
</record>
<record>
  <date>2019-10-29T15:25:26</date>
  <millis>1572342926555</millis>
  <sequence>9</sequence>
  <level>START</level>
  <class>com.kms.katalon.core.logging.XmlKeywordLogger</class>
  <method>startKeyword</method>
  <thread>1</thread>
  <message>Start action : println(testCaseContext.getTestCaseId())</message>
  <nestedLevel>1</nestedLevel>
  <property name="startLine">32</property>
  <property name="stepIndex">1</property>
</record>
<record>
  <date>2019-10-29T15:25:26</date>
  <millis>1572342926587</millis>
  <sequence>10</sequence>
  <level>END</level>
  <class>com.kms.katalon.core.logging.XmlKeywordLogger</class>
  <method>endKeyword</method>
  <thread>1</thread>
  <message>End action : println(testCaseContext.getTestCaseId())</message>
  <nestedLevel>1</nestedLevel>
</record>
<record>
  <date>2019-10-29T15:25:26</date>
  <millis>1572342926588</millis>
  <sequence>11</sequence>
  <level>START</level>
  <class>com.kms.katalon.core.logging.XmlKeywordLogger</class>
  <method>startKeyword</method>
  <thread>1</thread>
  <message>Start action : println(testCaseContext.getTestCaseVariables())</message>
  <nestedLevel>1</nestedLevel>
  <property name="startLine">33</property>
  <property name="stepIndex">2</property>
</record>
<record>
  <date>2019-10-29T15:25:26</date>
  <millis>1572342926590</millis>
  <sequence>13</sequence>
  <level>END</level>
  <class>com.kms.katalon.core.logging.XmlKeywordLogger</class>
  <method>endKeyword</method>
  <thread>1</thread>
  <message>End action : println(testCaseContext.getTestCaseVariables())</message>
  <nestedLevel>1</nestedLevel>
</record>
<record>
  <date>2019-10-29T15:25:26</date>
  <millis>1572342926591</millis>
  <sequence>14</sequence>
  <level>END</level>
  <class>com.kms.katalon.core.logging.XmlKeywordLogger</class>
  <method>endKeyword</method>
  <thread>1</thread>
  <message>End listener action : sampleBeforeTestCase</message>
  <nestedLevel>1</nestedLevel>
</record>
<record>
  <date>2019-10-29T15:25:28</date>
  <millis>1572342928073</millis>
  <sequence>15</sequence>
  <level>START</level>
  <class>com.kms.katalon.core.logging.XmlKeywordLogger</class>
  <method>startKeyword</method>
  <thread>1</thread>
  <message>Start action : openBrowser(\&amp;quot;\&amp;quot;)</message>
  <nestedLevel>1</nestedLevel>
  <property name="startLine">18</property>
  <property name="stepIndex">1</property>
</record>
<record>
  <date>2019-10-29T15:25:29</date>
  <millis>1572342929368</millis>
  <sequence>17</sequence>
  <level>INFO</level>
  <class>com.kms.katalon.core.logging.XmlKeywordLogger</class>
  <method>logMessage</method>
  <thread>1</thread>
  <message>Starting &amp;apos;Chrome&amp;apos; driver</message>
  <nestedLevel>1</nestedLevel>
</record>
<record>
  <date>2019-10-29T15:25:29</date>
  <millis>1572342929425</millis>
  <sequence>18</sequence>
  <level>INFO</level>
  <class>com.kms.katalon.core.logging.XmlKeywordLogger</class>
  <method>logMessage</method>
  <thread>1</thread>
  <message>User set preference: [&amp;apos;args&amp;apos;, &amp;apos;[--use-fake-ui-for-media-stream, --start-maximized]&amp;apos;]</message>
  <nestedLevel>1</nestedLevel>
</record>
<record>
  <date>2019-10-29T15:25:29</date>
  <millis>1572342929494</millis>
  <sequence>19</sequence>
  <level>INFO</level>
  <class>com.kms.katalon.core.logging.XmlKeywordLogger</class>
  <method>logMessage</method>
  <thread>1</thread>
  <message>Action delay is set to 0 seconds</message>
  <nestedLevel>1</nestedLevel>
</record>
<record>
  <date>2019-10-29T15:25:35</date>
  <millis>1572342935552</millis>
  <sequence>22</sequence>
  <level>FAILED</level>
  <class>com.kms.katalon.core.logging.XmlKeywordLogger</class>
  <method>logMessage</method>
  <thread>1</thread>
  <message>Unable to open browser with url: &amp;apos;&amp;apos; (Root cause: com.kms.katalon.core.exception.StepFailedException: Unable to open browser with url: &amp;apos;&amp;apos;\r\n\tat com.kms.katalon.core.webui.keyword.internal.WebUIKeywordMain.stepFailed(WebUIKeywordMain.groovy:64)\r\n\tat com.kms.katalon.core.webui.keyword.internal.WebUIKeywordMain.runKeyword(WebUIKeywordMain.groovy:26)\r\n\tat com.kms.katalon.core.webui.keyword.builtin.OpenBrowserKeyword.openBrowser(OpenBrowserKeyword.groovy:81)\r\n\tat com.kms.katalon.core.webui.keyword.builtin.OpenBrowserKeyword.execute(OpenBrowserKeyword.groovy:67)\r\n\tat com.kms.katalon.core.keyword.internal.KeywordExecutor.executeKeywordForPlatform(KeywordExecutor.groovy:56)\r\n\tat com.kms.katalon.core.webui.keyword.WebUiBuiltInKeywords.openBrowser(WebUiBuiltInKeywords.groovy:60)\r\n\tat com.kms.katalon.core.webui.keyword.WebUiBuiltInKeywords$openBrowser.call(Unknown Source)\r\n\tat massOrderCreationRetail.run(massOrderCreationRetail:18)\r\n\tat com.kms.katalon.core.main.ScriptEngine.run(ScriptEngine.java:194)\r\n\tat com.kms.katalon.core.main.ScriptEngine.runScriptAsRawText(ScriptEngine.java:119)\r\n\tat com.kms.katalon.core.main.TestCaseExecutor.runScript(TestCaseExecutor.java:342)\r\n\tat com.kms.katalon.core.main.TestCaseExecutor.doExecute(TestCaseExecutor.java:333)\r\n\tat com.kms.katalon.core.main.TestCaseExecutor.processExecutionPhase(TestCaseExecutor.java:312)\r\n\tat com.kms.katalon.core.main.TestCaseExecutor.accessMainPhase(TestCaseExecutor.java:304)\r\n\tat com.kms.katalon.core.main.TestCaseExecutor.execute(TestCaseExecutor.java:238)\r\n\tat com.kms.katalon.core.main.TestSuiteExecutor.accessTestCaseMainPhase(TestSuiteExecutor.java:129)\r\n\tat com.kms.katalon.core.main.TestSuiteExecutor.accessTestSuiteMainPhase(TestSuiteExecutor.java:112)\r\n\tat com.kms.katalon.core.main.TestSuiteExecutor.execute(TestSuiteExecutor.java:81)\r\n\tat com.kms.katalon.core.main.TestCaseMain.startTestSuite(TestCaseMain.java:157)\r\n\tat com.kms.katalon.core.main.TestCaseMain$startTestSuite$0.call(Unknown Source)\r\n\tat TempTestSuite1572342908842.run(TempTestSuite1572342908842.groovy:35)\r\nCaused by: org.openqa.selenium.SessionNotCreatedException: session not created: This version of ChromeDriver only supports Chrome version 76\nBuild info: version: &amp;apos;3.7.1&amp;apos;, revision: &amp;apos;8a0099a&amp;apos;, time: &amp;apos;2017-11-06T21:07:36.161Z&amp;apos;\nSystem info: host: &amp;apos;NIVEDITA&amp;apos;, ip: &amp;apos;10.0.102.44&amp;apos;, os.name: &amp;apos;Windows 8.1&amp;apos;, os.arch: &amp;apos;amd64&amp;apos;, os.version: &amp;apos;6.3&amp;apos;, java.version: &amp;apos;1.8.0_181&amp;apos;\nDriver info: driver.version: CChromeDriver\nremote stacktrace: Backtrace:\n\tOrdinal0 [0x00A47C93+1473683]\n\tOrdinal0 [0x009CADB1+961969]\n\tOrdinal0 [0x009542E3+475875]\n\tOrdinal0 [0x008EF365+62309]\n\tOrdinal0 [0x008EBC77+48247]\n\tOrdinal0 [0x00909149+168265]\n\tOrdinal0 [0x00908D1D+167197]\n\tOrdinal0 [0x0090742B+160811]\n\tOrdinal0 [0x008F0AE6+68326]\n\tOrdinal0 [0x008F1BF0+72688]\n\tOrdinal0 [0x008F1B89+72585]\n\tOrdinal0 [0x009E4B77+1067895]\n\tGetHandleVerifier [0x00AE6875+506677]\n\tGetHandleVerifier [0x00AE6610+506064]\n\tGetHandleVerifier [0x00AED1B8+533624]\n\tGetHandleVerifier [0x00AE704A+508682]\n\tOrdinal0 [0x009DC266+1032806]\n\tOrdinal0 [0x009DC0DF+1032415]\n\tOrdinal0 [0x009E6A8B+1075851]\n\tOrdinal0 [0x009E6BF3+1076211]\n\tOrdinal0 [0x009E5BA5+1072037]\n\tBaseThreadInitThunk [0x76B86A14+36]\n\tRtlInitializeExceptionChain [0x771AAD8F+143]\n\tRtlInitializeExceptionChain [0x771AAD5A+90]\n\r\n\tat org.openqa.selenium.remote.W3CHandshakeResponse.lambda$new$0(W3CHandshakeResponse.java:57)\r\n\tat org.openqa.selenium.remote.W3CHandshakeResponse.lambda$getResponseFunction$2(W3CHandshakeResponse.java:104)\r\n\tat org.openqa.selenium.remote.ProtocolHandshake.lambda$createSession$0(ProtocolHandshake.java:123)\r\n\tat org.openqa.selenium.remote.ProtocolHandshake.createSession(ProtocolHandshake.java:126)\r\n\tat org.openqa.selenium.remote.ProtocolHandshake.createSession(ProtocolHandshake.java:73)\r\n\tat org.openqa.selenium.remote.HttpCommandExecutor.execute(HttpCommandExecutor.java:142)\r\n\tat org.openqa.selenium.remote.service.DriverCommandExecutor.execute(DriverCommandExecutor.java:83)\r\n\tat org.openqa.selenium.remote.RemoteWebDriver.execute(RemoteWebDriver.java:600)\r\n\tat com.kms.katalon.selenium.driver.CChromeDriver.execute(CChromeDriver.java:20)\r\n\tat org.openqa.selenium.remote.RemoteWebDriver.startSession(RemoteWebDriver.java:219)\r\n\tat org.openqa.selenium.remote.RemoteWebDriver.&amp;lt;init&amp;gt;(RemoteWebDriver.java:142)\r\n\tat org.openqa.selenium.chrome.ChromeDriver.&amp;lt;init&amp;gt;(ChromeDriver.java:181)\r\n\tat org.openqa.selenium.chrome.ChromeDriver.&amp;lt;init&amp;gt;(ChromeDriver.java:147)\r\n\tat com.kms.katalon.selenium.driver.CChromeDriver.&amp;lt;init&amp;gt;(CChromeDriver.java:13)\r\n\tat com.kms.katalon.core.webui.driver.DriverFactory.createNewChromeDriver(DriverFactory.java:281)\r\n\tat com.kms.katalon.core.webui.driver.DriverFactory.startNewBrowser(DriverFactory.java:243)\r\n\tat com.kms.katalon.core.webui.driver.DriverFactory.openWebDriver(DriverFactory.java:188)\r\n\tat com.kms.katalon.core.webui.keyword.builtin.OpenBrowserKeyword$_openBrowser_closure1.doCall(OpenBrowserKeyword.groovy:74)\r\n\tat com.kms.katalon.core.webui.keyword.builtin.OpenBrowserKeyword$_openBrowser_closure1.call(OpenBrowserKeyword.groovy)\r\n\tat com.kms.katalon.core.webui.keyword.internal.WebUIKeywordMain.runKeyword(WebUIKeywordMain.groovy:20)\r\n\tat com.kms.katalon.core.webui.keyword.builtin.OpenBrowserKeyword.openBrowser(OpenBrowserKeyword.groovy:81)\r\n\tat com.kms.katalon.core.webui.keyword.builtin.OpenBrowserKeyword.execute(OpenBrowserKeyword.groovy:67)\r\n\tat com.kms.katalon.core.keyword.internal.KeywordExecutor.executeKeywordForPlatform(KeywordExecutor.groovy:56)\r\n\tat com.kms.katalon.core.webui.keyword.WebUiBuiltInKeywords.openBrowser(WebUiBuiltInKeywords.groovy:60)\r\n\tat com.kms.katalon.core.webui.keyword.WebUiBuiltInKeywords$openBrowser.call(Unknown Source)\r\n\tat Script1571662839224.run(Script1571662839224.groovy:18)\r\n\t... 13 more\r\n)</message>
  <nestedLevel>1</nestedLevel>
</record>
<record>
  <date>2019-10-29T15:25:35</date>
  <millis>1572342935580</millis>
  <sequence>25</sequence>
  <logger>com.kms.katalon.core.logging.XmlKeywordLogger</logger>
  <level>FAILED</level>
  <class>com.kms.katalon.core.logging.XmlKeywordLogger</class>
  <method>logMessage</method>
  <thread>1</thread>
  <message>openBrowser(\&amp;quot;\&amp;quot;) FAILED.\nReason:\ncom.kms.katalon.core.exception.StepFailedException: Unable to open browser with url: &amp;apos;&amp;apos;\r\n\tat com.kms.katalon.core.webui.keyword.internal.WebUIKeywordMain.stepFailed(WebUIKeywordMain.groovy:64)\r\n\tat com.kms.katalon.core.webui.keyword.internal.WebUIKeywordMain.runKeyword(WebUIKeywordMain.groovy:26)\r\n\tat com.kms.katalon.core.webui.keyword.builtin.OpenBrowserKeyword.openBrowser(OpenBrowserKeyword.groovy:81)\r\n\tat com.kms.katalon.core.webui.keyword.builtin.OpenBrowserKeyword.execute(OpenBrowserKeyword.groovy:67)\r\n\tat com.kms.katalon.core.keyword.internal.KeywordExecutor.executeKeywordForPlatform(KeywordExecutor.groovy:56)\r\n\tat com.kms.katalon.core.webui.keyword.WebUiBuiltInKeywords.openBrowser(WebUiBuiltInKeywords.groovy:60)\r\n\tat com.kms.katalon.core.webui.keyword.WebUiBuiltInKeywords$openBrowser.call(Unknown Source)\r\n\tat massOrderCreationRetail.run(massOrderCreationRetail:18)\r\n\tat com.kms.katalon.core.main.ScriptEngine.run(ScriptEngine.java:194)\r\n\tat com.kms.katalon.core.main.ScriptEngine.runScriptAsRawText(ScriptEngine.java:119)\r\n\tat com.kms.katalon.core.main.TestCaseExecutor.runScript(TestCaseExecutor.java:342)\r\n\tat com.kms.katalon.core.main.TestCaseExecutor.doExecute(TestCaseExecutor.java:333)\r\n\tat com.kms.katalon.core.main.TestCaseExecutor.processExecutionPhase(TestCaseExecutor.java:312)\r\n\tat com.kms.katalon.core.main.TestCaseExecutor.accessMainPhase(TestCaseExecutor.java:304)\r\n\tat com.kms.katalon.core.main.TestCaseExecutor.execute(TestCaseExecutor.java:238)\r\n\tat com.kms.katalon.core.main.TestSuiteExecutor.accessTestCaseMainPhase(TestSuiteExecutor.java:129)\r\n\tat com.kms.katalon.core.main.TestSuiteExecutor.accessTestSuiteMainPhase(TestSuiteExecutor.java:112)\r\n\tat com.kms.katalon.core.main.TestSuiteExecutor.execute(TestSuiteExecutor.java:81)\r\n\tat com.kms.katalon.core.main.TestCaseMain.startTestSuite(TestCaseMain.java:157)\r\n\tat com.kms.katalon.core.main.TestCaseMain$startTestSuite$0.call(Unknown Source)\r\n\tat TempTestSuite1572342908842.run(TempTestSuite1572342908842.groovy:35)\r\nCaused by: org.openqa.selenium.SessionNotCreatedException: session not created: This version of ChromeDriver only supports Chrome version 76\nBuild info: version: &amp;apos;3.7.1&amp;apos;, revision: &amp;apos;8a0099a&amp;apos;, time: &amp;apos;2017-11-06T21:07:36.161Z&amp;apos;\nSystem info: host: &amp;apos;NIVEDITA&amp;apos;, ip: &amp;apos;10.0.102.44&amp;apos;, os.name: &amp;apos;Windows 8.1&amp;apos;, os.arch: &amp;apos;amd64&amp;apos;, os.version: &amp;apos;6.3&amp;apos;, java.version: &amp;apos;1.8.0_181&amp;apos;\nDriver info: driver.version: CChromeDriver\nremote stacktrace: Backtrace:\n\tOrdinal0 [0x00A47C93+1473683]\n\tOrdinal0 [0x009CADB1+961969]\n\tOrdinal0 [0x009542E3+475875]\n\tOrdinal0 [0x008EF365+62309]\n\tOrdinal0 [0x008EBC77+48247]\n\tOrdinal0 [0x00909149+168265]\n\tOrdinal0 [0x00908D1D+167197]\n\tOrdinal0 [0x0090742B+160811]\n\tOrdinal0 [0x008F0AE6+68326]\n\tOrdinal0 [0x008F1BF0+72688]\n\tOrdinal0 [0x008F1B89+72585]\n\tOrdinal0 [0x009E4B77+1067895]\n\tGetHandleVerifier [0x00AE6875+506677]\n\tGetHandleVerifier [0x00AE6610+506064]\n\tGetHandleVerifier [0x00AED1B8+533624]\n\tGetHandleVerifier [0x00AE704A+508682]\n\tOrdinal0 [0x009DC266+1032806]\n\tOrdinal0 [0x009DC0DF+1032415]\n\tOrdinal0 [0x009E6A8B+1075851]\n\tOrdinal0 [0x009E6BF3+1076211]\n\tOrdinal0 [0x009E5BA5+1072037]\n\tBaseThreadInitThunk [0x76B86A14+36]\n\tRtlInitializeExceptionChain [0x771AAD8F+143]\n\tRtlInitializeExceptionChain [0x771AAD5A+90]\n\r\n\tat org.openqa.selenium.remote.W3CHandshakeResponse.lambda$new$0(W3CHandshakeResponse.java:57)\r\n\tat org.openqa.selenium.remote.W3CHandshakeResponse.lambda$getResponseFunction$2(W3CHandshakeResponse.java:104)\r\n\tat org.openqa.selenium.remote.ProtocolHandshake.lambda$createSession$0(ProtocolHandshake.java:123)\r\n\tat org.openqa.selenium.remote.ProtocolHandshake.createSession(ProtocolHandshake.java:126)\r\n\tat org.openqa.selenium.remote.ProtocolHandshake.createSession(ProtocolHandshake.java:73)\r\n\tat org.openqa.selenium.remote.HttpCommandExecutor.execute(HttpCommandExecutor.java:142)\r\n\tat org.openqa.selenium.remote.service.DriverCommandExecutor.execute(DriverCommandExecutor.java:83)\r\n\tat org.openqa.selenium.remote.RemoteWebDriver.execute(RemoteWebDriver.java:600)\r\n\tat com.kms.katalon.selenium.driver.CChromeDriver.execute(CChromeDriver.java:20)\r\n\tat org.openqa.selenium.remote.RemoteWebDriver.startSession(RemoteWebDriver.java:219)\r\n\tat org.openqa.selenium.remote.RemoteWebDriver.&amp;lt;init&amp;gt;(RemoteWebDriver.java:142)\r\n\tat org.openqa.selenium.chrome.ChromeDriver.&amp;lt;init&amp;gt;(ChromeDriver.java:181)\r\n\tat org.openqa.selenium.chrome.ChromeDriver.&amp;lt;init&amp;gt;(ChromeDriver.java:147)\r\n\tat com.kms.katalon.selenium.driver.CChromeDriver.&amp;lt;init&amp;gt;(CChromeDriver.java:13)\r\n\tat com.kms.katalon.core.webui.driver.DriverFactory.createNewChromeDriver(DriverFactory.java:281)\r\n\tat com.kms.katalon.core.webui.driver.DriverFactory.startNewBrowser(DriverFactory.java:243)\r\n\tat com.kms.katalon.core.webui.driver.DriverFactory.openWebDriver(DriverFactory.java:188)\r\n\tat com.kms.katalon.core.webui.keyword.builtin.OpenBrowserKeyword$_openBrowser_closure1.doCall(OpenBrowserKeyword.groovy:74)\r\n\tat com.kms.katalon.core.webui.keyword.builtin.OpenBrowserKeyword$_openBrowser_closure1.call(OpenBrowserKeyword.groovy)\r\n\tat com.kms.katalon.core.webui.keyword.internal.WebUIKeywordMain.runKeyword(WebUIKeywordMain.groovy:20)\r\n\tat com.kms.katalon.core.webui.keyword.builtin.OpenBrowserKeyword.openBrowser(OpenBrowserKeyword.groovy:81)\r\n\tat com.kms.katalon.core.webui.keyword.builtin.OpenBrowserKeyword.execute(OpenBrowserKeyword.groovy:67)\r\n\tat com.kms.katalon.core.keyword.internal.KeywordExecutor.executeKeywordForPlatform(KeywordExecutor.groovy:56)\r\n\tat com.kms.katalon.core.webui.keyword.WebUiBuiltInKeywords.openBrowser(WebUiBuiltInKeywords.groovy:60)\r\n\tat com.kms.katalon.core.webui.keyword.WebUiBuiltInKeywords$openBrowser.call(Unknown Source)\r\n\tat Script1571662839224.run(Script1571662839224.groovy:18)\r\n\t... 13 more\r\n</message>
  <exception>
    <message>com.kms.katalon.core.exception.StepFailedException: Unable to open browser with url: ''</message>
    <frame>
      <class>com.kms.katalon.core.webui.keyword.internal.WebUIKeywordMain</class>
      <method>stepFailed</method>
      <line>64</line>
    </frame>
    <frame>
      <class>com.kms.katalon.core.webui.keyword.internal.WebUIKeywordMain</class>
      <method>runKeyword</method>
      <line>26</line>
    </frame>
    <frame>
      <class>com.kms.katalon.core.webui.keyword.builtin.OpenBrowserKeyword</class>
      <method>openBrowser</method>
      <line>81</line>
    </frame>
    <frame>
      <class>com.kms.katalon.core.webui.keyword.builtin.OpenBrowserKeyword</class>
      <method>execute</method>
      <line>67</line>
    </frame>
    <frame>
      <class>com.kms.katalon.core.keyword.internal.KeywordExecutor</class>
      <method>executeKeywordForPlatform</method>
      <line>56</line>
    </frame>
    <frame>
      <class>com.kms.katalon.core.webui.keyword.WebUiBuiltInKeywords</class>
      <method>openBrowser</method>
      <line>60</line>
    </frame>
    <frame>
      <class>com.kms.katalon.core.webui.keyword.WebUiBuiltInKeywords$openBrowser</class>
      <method>call</method>
    </frame>
    <frame>
      <class>massOrderCreationRetail</class>
      <method>run</method>
      <line>18</line>
    </frame>
    <frame>
      <class>com.kms.katalon.core.main.ScriptEngine</class>
      <method>run</method>
      <line>194</line>
    </frame>
    <frame>
      <class>com.kms.katalon.core.main.ScriptEngine</class>
      <method>runScriptAsRawText</method>
      <line>119</line>
    </frame>
    <frame>
      <class>com.kms.katalon.core.main.TestCaseExecutor</class>
      <method>runScript</method>
      <line>342</line>
    </frame>
    <frame>
      <class>com.kms.katalon.core.main.TestCaseExecutor</class>
      <method>doExecute</method>
      <line>333</line>
    </frame>
    <frame>
      <class>com.kms.katalon.core.main.TestCaseExecutor</class>
      <method>processExecutionPhase</method>
      <line>312</line>
    </frame>
    <frame>
      <class>com.kms.katalon.core.main.TestCaseExecutor</class>
      <method>accessMainPhase</method>
      <line>304</line>
    </frame>
    <frame>
      <class>com.kms.katalon.core.main.TestCaseExecutor</class>
      <method>execute</method>
      <line>238</line>
    </frame>
    <frame>
      <class>com.kms.katalon.core.main.TestSuiteExecutor</class>
      <method>accessTestCaseMainPhase</method>
      <line>129</line>
    </frame>
    <frame>
      <class>com.kms.katalon.core.main.TestSuiteExecutor</class>
      <method>accessTestSuiteMainPhase</method>
      <line>112</line>
    </frame>
    <frame>
      <class>com.kms.katalon.core.main.TestSuiteExecutor</class>
      <method>execute</method>
      <line>81</line>
    </frame>
    <frame>
      <class>com.kms.katalon.core.main.TestCaseMain</class>
      <method>startTestSuite</method>
      <line>157</line>
    </frame>
    <frame>
      <class>com.kms.katalon.core.main.TestCaseMain$startTestSuite$0</class>
      <method>call</method>
    </frame>
    <frame>
      <class>TempTestSuite1572342908842</class>
      <method>run</method>
      <line>35</line>
    </frame>
  </exception>
  <nestedLevel>0</nestedLevel>
</record>
<record>
  <date>2019-10-29T15:25:35</date>
  <millis>1572342935591</millis>
  <sequence>26</sequence>
  <level>END</level>
  <class>com.kms.katalon.core.logging.XmlKeywordLogger</class>
  <method>endKeyword</method>
  <thread>1</thread>
  <message>End action : openBrowser(\&amp;quot;\&amp;quot;)</message>
  <nestedLevel>1</nestedLevel>
</record>
<record>
  <date>2019-10-29T15:25:35</date>
  <millis>1572342935594</millis>
  <sequence>29</sequence>
  <logger>com.kms.katalon.core.logging.XmlKeywordLogger</logger>
  <level>FAILED</level>
  <class>com.kms.katalon.core.logging.XmlKeywordLogger</class>
  <method>logMessage</method>
  <thread>1</thread>
  <message>Test Cases/OrderCreator/massOrderCreationRetail FAILED.\nReason:\ncom.kms.katalon.core.exception.StepFailedException: Unable to open browser with url: &amp;apos;&amp;apos;\r\n\tat com.kms.katalon.core.webui.keyword.internal.WebUIKeywordMain.stepFailed(WebUIKeywordMain.groovy:64)\r\n\tat com.kms.katalon.core.webui.keyword.internal.WebUIKeywordMain.runKeyword(WebUIKeywordMain.groovy:26)\r\n\tat com.kms.katalon.core.webui.keyword.builtin.OpenBrowserKeyword.openBrowser(OpenBrowserKeyword.groovy:81)\r\n\tat com.kms.katalon.core.webui.keyword.builtin.OpenBrowserKeyword.execute(OpenBrowserKeyword.groovy:67)\r\n\tat com.kms.katalon.core.keyword.internal.KeywordExecutor.executeKeywordForPlatform(KeywordExecutor.groovy:56)\r\n\tat com.kms.katalon.core.webui.keyword.WebUiBuiltInKeywords.openBrowser(WebUiBuiltInKeywords.groovy:60)\r\n\tat com.kms.katalon.core.webui.keyword.WebUiBuiltInKeywords$openBrowser.call(Unknown Source)\r\n\tat massOrderCreationRetail.run(massOrderCreationRetail:18)\r\n\tat com.kms.katalon.core.main.ScriptEngine.run(ScriptEngine.java:194)\r\n\tat com.kms.katalon.core.main.ScriptEngine.runScriptAsRawText(ScriptEngine.java:119)\r\n\tat com.kms.katalon.core.main.TestCaseExecutor.runScript(TestCaseExecutor.java:342)\r\n\tat com.kms.katalon.core.main.TestCaseExecutor.doExecute(TestCaseExecutor.java:333)\r\n\tat com.kms.katalon.core.main.TestCaseExecutor.processExecutionPhase(TestCaseExecutor.java:312)\r\n\tat com.kms.katalon.core.main.TestCaseExecutor.accessMainPhase(TestCaseExecutor.java:304)\r\n\tat com.kms.katalon.core.main.TestCaseExecutor.execute(TestCaseExecutor.java:238)\r\n\tat com.kms.katalon.core.main.TestSuiteExecutor.accessTestCaseMainPhase(TestSuiteExecutor.java:129)\r\n\tat com.kms.katalon.core.main.TestSuiteExecutor.accessTestSuiteMainPhase(TestSuiteExecutor.java:112)\r\n\tat com.kms.katalon.core.main.TestSuiteExecutor.execute(TestSuiteExecutor.java:81)\r\n\tat com.kms.katalon.core.main.TestCaseMain.startTestSuite(TestCaseMain.java:157)\r\n\tat com.kms.katalon.core.main.TestCaseMain$startTestSuite$0.call(Unknown Source)\r\n\tat TempTestSuite1572342908842.run(TempTestSuite1572342908842.groovy:35)\r\nCaused by: org.openqa.selenium.SessionNotCreatedException: session not created: This version of ChromeDriver only supports Chrome version 76\nBuild info: version: &amp;apos;3.7.1&amp;apos;, revision: &amp;apos;8a0099a&amp;apos;, time: &amp;apos;2017-11-06T21:07:36.161Z&amp;apos;\nSystem info: host: &amp;apos;NIVEDITA&amp;apos;, ip: &amp;apos;10.0.102.44&amp;apos;, os.name: &amp;apos;Windows 8.1&amp;apos;, os.arch: &amp;apos;amd64&amp;apos;, os.version: &amp;apos;6.3&amp;apos;, java.version: &amp;apos;1.8.0_181&amp;apos;\nDriver info: driver.version: CChromeDriver\nremote stacktrace: Backtrace:\n\tOrdinal0 [0x00A47C93+1473683]\n\tOrdinal0 [0x009CADB1+961969]\n\tOrdinal0 [0x009542E3+475875]\n\tOrdinal0 [0x008EF365+62309]\n\tOrdinal0 [0x008EBC77+48247]\n\tOrdinal0 [0x00909149+168265]\n\tOrdinal0 [0x00908D1D+167197]\n\tOrdinal0 [0x0090742B+160811]\n\tOrdinal0 [0x008F0AE6+68326]\n\tOrdinal0 [0x008F1BF0+72688]\n\tOrdinal0 [0x008F1B89+72585]\n\tOrdinal0 [0x009E4B77+1067895]\n\tGetHandleVerifier [0x00AE6875+506677]\n\tGetHandleVerifier [0x00AE6610+506064]\n\tGetHandleVerifier [0x00AED1B8+533624]\n\tGetHandleVerifier [0x00AE704A+508682]\n\tOrdinal0 [0x009DC266+1032806]\n\tOrdinal0 [0x009DC0DF+1032415]\n\tOrdinal0 [0x009E6A8B+1075851]\n\tOrdinal0 [0x009E6BF3+1076211]\n\tOrdinal0 [0x009E5BA5+1072037]\n\tBaseThreadInitThunk [0x76B86A14+36]\n\tRtlInitializeExceptionChain [0x771AAD8F+143]\n\tRtlInitializeExceptionChain [0x771AAD5A+90]\n\r\n\tat org.openqa.selenium.remote.W3CHandshakeResponse.lambda$new$0(W3CHandshakeResponse.java:57)\r\n\tat org.openqa.selenium.remote.W3CHandshakeResponse.lambda$getResponseFunction$2(W3CHandshakeResponse.java:104)\r\n\tat org.openqa.selenium.remote.ProtocolHandshake.lambda$createSession$0(ProtocolHandshake.java:123)\r\n\tat org.openqa.selenium.remote.ProtocolHandshake.createSession(ProtocolHandshake.java:126)\r\n\tat org.openqa.selenium.remote.ProtocolHandshake.createSession(ProtocolHandshake.java:73)\r\n\tat org.openqa.selenium.remote.HttpCommandExecutor.execute(HttpCommandExecutor.java:142)\r\n\tat org.openqa.selenium.remote.service.DriverCommandExecutor.execute(DriverCommandExecutor.java:83)\r\n\tat org.openqa.selenium.remote.RemoteWebDriver.execute(RemoteWebDriver.java:600)\r\n\tat com.kms.katalon.selenium.driver.CChromeDriver.execute(CChromeDriver.java:20)\r\n\tat org.openqa.selenium.remote.RemoteWebDriver.startSession(RemoteWebDriver.java:219)\r\n\tat org.openqa.selenium.remote.RemoteWebDriver.&amp;lt;init&amp;gt;(RemoteWebDriver.java:142)\r\n\tat org.openqa.selenium.chrome.ChromeDriver.&amp;lt;init&amp;gt;(ChromeDriver.java:181)\r\n\tat org.openqa.selenium.chrome.ChromeDriver.&amp;lt;init&amp;gt;(ChromeDriver.java:147)\r\n\tat com.kms.katalon.selenium.driver.CChromeDriver.&amp;lt;init&amp;gt;(CChromeDriver.java:13)\r\n\tat com.kms.katalon.core.webui.driver.DriverFactory.createNewChromeDriver(DriverFactory.java:281)\r\n\tat com.kms.katalon.core.webui.driver.DriverFactory.startNewBrowser(DriverFactory.java:243)\r\n\tat com.kms.katalon.core.webui.driver.DriverFactory.openWebDriver(DriverFactory.java:188)\r\n\tat com.kms.katalon.core.webui.keyword.builtin.OpenBrowserKeyword$_openBrowser_closure1.doCall(OpenBrowserKeyword.groovy:74)\r\n\tat com.kms.katalon.core.webui.keyword.builtin.OpenBrowserKeyword$_openBrowser_closure1.call(OpenBrowserKeyword.groovy)\r\n\tat com.kms.katalon.core.webui.keyword.internal.WebUIKeywordMain.runKeyword(WebUIKeywordMain.groovy:20)\r\n\tat com.kms.katalon.core.webui.keyword.builtin.OpenBrowserKeyword.openBrowser(OpenBrowserKeyword.groovy:81)\r\n\tat com.kms.katalon.core.webui.keyword.builtin.OpenBrowserKeyword.execute(OpenBrowserKeyword.groovy:67)\r\n\tat com.kms.katalon.core.keyword.internal.KeywordExecutor.executeKeywordForPlatform(KeywordExecutor.groovy:56)\r\n\tat com.kms.katalon.core.webui.keyword.WebUiBuiltInKeywords.openBrowser(WebUiBuiltInKeywords.groovy:60)\r\n\tat com.kms.katalon.core.webui.keyword.WebUiBuiltInKeywords$openBrowser.call(Unknown Source)\r\n\tat Script1571662839224.run(Script1571662839224.groovy:18)\r\n\t... 13 more\r\n</message>
  <exception>
    <message>com.kms.katalon.core.exception.StepFailedException: Unable to open browser with url: ''</message>
    <frame>
      <class>com.kms.katalon.core.webui.keyword.internal.WebUIKeywordMain</class>
      <method>stepFailed</method>
      <line>64</line>
    </frame>
    <frame>
      <class>com.kms.katalon.core.webui.keyword.internal.WebUIKeywordMain</class>
      <method>runKeyword</method>
      <line>26</line>
    </frame>
    <frame>
      <class>com.kms.katalon.core.webui.keyword.builtin.OpenBrowserKeyword</class>
      <method>openBrowser</method>
      <line>81</line>
    </frame>
    <frame>
      <class>com.kms.katalon.core.webui.keyword.builtin.OpenBrowserKeyword</class>
      <method>execute</method>
      <line>67</line>
    </frame>
    <frame>
      <class>com.kms.katalon.core.keyword.internal.KeywordExecutor</class>
      <method>executeKeywordForPlatform</method>
      <line>56</line>
    </frame>
    <frame>
      <class>com.kms.katalon.core.webui.keyword.WebUiBuiltInKeywords</class>
      <method>openBrowser</method>
      <line>60</line>
    </frame>
    <frame>
      <class>com.kms.katalon.core.webui.keyword.WebUiBuiltInKeywords$openBrowser</class>
      <method>call</method>
    </frame>
    <frame>
      <class>massOrderCreationRetail</class>
      <method>run</method>
      <line>18</line>
    </frame>
    <frame>
      <class>com.kms.katalon.core.main.ScriptEngine</class>
      <method>run</method>
      <line>194</line>
    </frame>
    <frame>
      <class>com.kms.katalon.core.main.ScriptEngine</class>
      <method>runScriptAsRawText</method>
      <line>119</line>
    </frame>
    <frame>
      <class>com.kms.katalon.core.main.TestCaseExecutor</class>
      <method>runScript</method>
      <line>342</line>
    </frame>
    <frame>
      <class>com.kms.katalon.core.main.TestCaseExecutor</class>
      <method>doExecute</method>
      <line>333</line>
    </frame>
    <frame>
      <class>com.kms.katalon.core.main.TestCaseExecutor</class>
      <method>processExecutionPhase</method>
      <line>312</line>
    </frame>
    <frame>
      <class>com.kms.katalon.core.main.TestCaseExecutor</class>
      <method>accessMainPhase</method>
      <line>304</line>
    </frame>
    <frame>
      <class>com.kms.katalon.core.main.TestCaseExecutor</class>
      <method>execute</method>
      <line>238</line>
    </frame>
    <frame>
      <class>com.kms.katalon.core.main.TestSuiteExecutor</class>
      <method>accessTestCaseMainPhase</method>
      <line>129</line>
    </frame>
    <frame>
      <class>com.kms.katalon.core.main.TestSuiteExecutor</class>
      <method>accessTestSuiteMainPhase</method>
      <line>112</line>
    </frame>
    <frame>
      <class>com.kms.katalon.core.main.TestSuiteExecutor</class>
      <method>execute</method>
      <line>81</line>
    </frame>
    <frame>
      <class>com.kms.katalon.core.main.TestCaseMain</class>
      <method>startTestSuite</method>
      <line>157</line>
    </frame>
    <frame>
      <class>com.kms.katalon.core.main.TestCaseMain$startTestSuite$0</class>
      <method>call</method>
    </frame>
    <frame>
      <class>TempTestSuite1572342908842</class>
      <method>run</method>
      <line>35</line>
    </frame>
  </exception>
  <nestedLevel>0</nestedLevel>
</record>
<record>
  <date>2019-10-29T15:25:35</date>
  <millis>1572342935609</millis>
  <sequence>30</sequence>
  <level>END</level>
  <class>com.kms.katalon.core.logging.XmlKeywordLogger</class>
  <method>endTest</method>
  <thread>1</thread>
  <message>End Test Case : Test Cases/OrderCreator/massOrderCreationRetail</message>
  <nestedLevel>0</nestedLevel>
</record>
<record>
  <date>2019-10-29T15:25:35</date>
  <millis>1572342935748</millis>
  <sequence>31</sequence>
  <level>END</level>
  <class>com.kms.katalon.core.logging.XmlKeywordLogger</class>
  <method>endSuite</method>
  <thread>1</thread>
  <message>End Test Suite : Test Suites/OrderCreatorSuites/OrderCreatorSuiteRetail</message>
  <nestedLevel>0</nestedLevel>
</record>
</log>
