<?xml version="1.0" encoding="UTF-8" standalone="no"?>
<!DOCTYPE log SYSTEM "logger.dtd">
<log>
<record>
  <date>2019-10-05T22:27:40</date>
  <millis>1570294660160</millis>
  <sequence>0</sequence>
  <level>START</level>
  <class>com.kms.katalon.core.logging.XmlKeywordLogger</class>
  <method>startSuite</method>
  <thread>1</thread>
  <message>Start Test Suite : Test Suites/stressSuiteRetailOrder</message>
  <nestedLevel>0</nestedLevel>
  <property name="name">stressSuiteRetailOrder</property>
  <property name="description"></property>
  <property name="id">Test Suites/stressSuiteRetailOrder</property>
</record>
<record>
  <date>2019-10-05T22:27:40</date>
  <millis>1570294660683</millis>
  <sequence>1</sequence>
  <level>RUN_DATA</level>
  <class>com.kms.katalon.core.logging.XmlKeywordLogger</class>
  <method>logMessage</method>
  <thread>1</thread>
  <message>hostName = user - Nivedita</message>
  <nestedLevel>0</nestedLevel>
  <property name="hostName">user - Nivedita</property>
</record>
<record>
  <date>2019-10-05T22:27:40</date>
  <millis>1570294660686</millis>
  <sequence>2</sequence>
  <level>RUN_DATA</level>
  <class>com.kms.katalon.core.logging.XmlKeywordLogger</class>
  <method>logMessage</method>
  <thread>1</thread>
  <message>os = Windows 8.1 64bit</message>
  <nestedLevel>0</nestedLevel>
  <property name="os">Windows 8.1 64bit</property>
</record>
<record>
  <date>2019-10-05T22:27:40</date>
  <millis>1570294660689</millis>
  <sequence>3</sequence>
  <level>RUN_DATA</level>
  <class>com.kms.katalon.core.logging.XmlKeywordLogger</class>
  <method>logMessage</method>
  <thread>1</thread>
  <message>hostAddress = 192.168.43.31</message>
  <nestedLevel>0</nestedLevel>
  <property name="hostAddress">192.168.43.31</property>
</record>
<record>
  <date>2019-10-05T22:27:40</date>
  <millis>1570294660693</millis>
  <sequence>4</sequence>
  <level>RUN_DATA</level>
  <class>com.kms.katalon.core.logging.XmlKeywordLogger</class>
  <method>logMessage</method>
  <thread>1</thread>
  <message>katalonVersion = 6.1.1.1</message>
  <nestedLevel>0</nestedLevel>
  <property name="katalonVersion">6.1.1.1</property>
</record>
<record>
  <date>2019-10-05T22:27:49</date>
  <millis>1570294669713</millis>
  <sequence>5</sequence>
  <level>START</level>
  <class>com.kms.katalon.core.logging.XmlKeywordLogger</class>
  <method>startTest</method>
  <thread>1</thread>
  <message>Start Test Case : Test Cases/EditOrder-V/retailOrderBO</message>
  <nestedLevel>1</nestedLevel>
  <property name="name">Test Cases/EditOrder-V/retailOrderBO</property>
  <property name="description"></property>
  <property name="id">Test Cases/EditOrder-V/retailOrderBO</property>
  <property name="source">C:\\Users\\user\\Documents\\testautomation\\KatalonProjects\\Test Cases\\EditOrder-V\\retailOrderBO.tc</property>
  <property name="isOptional">false</property>
</record>
<record>
  <date>2019-10-05T22:27:53</date>
  <millis>1570294673382</millis>
  <sequence>7</sequence>
  <level>INFO</level>
  <class>com.kms.katalon.core.logging.XmlKeywordLogger</class>
  <method>logMessage</method>
  <thread>1</thread>
  <message>(Default) editScenarioNumber = </message>
  <nestedLevel>1</nestedLevel>
</record>
<record>
  <date>2019-10-05T22:27:53</date>
  <millis>1570294673391</millis>
  <sequence>8</sequence>
  <level>START</level>
  <class>com.kms.katalon.core.logging.XmlKeywordLogger</class>
  <method>startKeyword</method>
  <thread>1</thread>
  <message>Start listener action : sampleBeforeTestCase</message>
  <nestedLevel>1</nestedLevel>
</record>
<record>
  <date>2019-10-05T22:27:54</date>
  <millis>1570294674010</millis>
  <sequence>10</sequence>
  <level>START</level>
  <class>com.kms.katalon.core.logging.XmlKeywordLogger</class>
  <method>startKeyword</method>
  <thread>1</thread>
  <message>Start action : println(testCaseContext.getTestCaseId())</message>
  <nestedLevel>1</nestedLevel>
  <property name="startLine">32</property>
  <property name="stepIndex">1</property>
</record>
<record>
  <date>2019-10-05T22:27:54</date>
  <millis>1570294674091</millis>
  <sequence>11</sequence>
  <level>END</level>
  <class>com.kms.katalon.core.logging.XmlKeywordLogger</class>
  <method>endKeyword</method>
  <thread>1</thread>
  <message>End action : println(testCaseContext.getTestCaseId())</message>
  <nestedLevel>1</nestedLevel>
</record>
<record>
  <date>2019-10-05T22:27:54</date>
  <millis>1570294674092</millis>
  <sequence>12</sequence>
  <level>START</level>
  <class>com.kms.katalon.core.logging.XmlKeywordLogger</class>
  <method>startKeyword</method>
  <thread>1</thread>
  <message>Start action : println(testCaseContext.getTestCaseVariables())</message>
  <nestedLevel>1</nestedLevel>
  <property name="startLine">33</property>
  <property name="stepIndex">2</property>
</record>
<record>
  <date>2019-10-05T22:27:54</date>
  <millis>1570294674097</millis>
  <sequence>14</sequence>
  <level>END</level>
  <class>com.kms.katalon.core.logging.XmlKeywordLogger</class>
  <method>endKeyword</method>
  <thread>1</thread>
  <message>End action : println(testCaseContext.getTestCaseVariables())</message>
  <nestedLevel>1</nestedLevel>
</record>
<record>
  <date>2019-10-05T22:27:54</date>
  <millis>1570294674098</millis>
  <sequence>15</sequence>
  <level>END</level>
  <class>com.kms.katalon.core.logging.XmlKeywordLogger</class>
  <method>endKeyword</method>
  <thread>1</thread>
  <message>End listener action : sampleBeforeTestCase</message>
  <nestedLevel>1</nestedLevel>
</record>
<record>
  <date>2019-10-05T22:28:03</date>
  <millis>1570294683673</millis>
  <sequence>16</sequence>
  <level>START</level>
  <class>com.kms.katalon.core.logging.XmlKeywordLogger</class>
  <method>startKeyword</method>
  <thread>1</thread>
  <message>Start action : openBrowser(\&amp;quot;\&amp;quot;)</message>
  <nestedLevel>1</nestedLevel>
  <property name="startLine">18</property>
  <property name="stepIndex">1</property>
</record>
<record>
  <date>2019-10-05T22:28:10</date>
  <millis>1570294690377</millis>
  <sequence>18</sequence>
  <level>INFO</level>
  <class>com.kms.katalon.core.logging.XmlKeywordLogger</class>
  <method>logMessage</method>
  <thread>1</thread>
  <message>Starting &amp;apos;Chrome&amp;apos; driver</message>
  <nestedLevel>1</nestedLevel>
</record>
<record>
  <date>2019-10-05T22:28:10</date>
  <millis>1570294690566</millis>
  <sequence>19</sequence>
  <level>INFO</level>
  <class>com.kms.katalon.core.logging.XmlKeywordLogger</class>
  <method>logMessage</method>
  <thread>1</thread>
  <message>User set preference: [&amp;apos;args&amp;apos;, &amp;apos;[--use-fake-ui-for-media-stream, --start-maximized]&amp;apos;]</message>
  <nestedLevel>1</nestedLevel>
</record>
<record>
  <date>2019-10-05T22:28:11</date>
  <millis>1570294691187</millis>
  <sequence>20</sequence>
  <level>INFO</level>
  <class>com.kms.katalon.core.logging.XmlKeywordLogger</class>
  <method>logMessage</method>
  <thread>1</thread>
  <message>Action delay is set to 0 seconds</message>
  <nestedLevel>1</nestedLevel>
</record>
<record>
  <date>2019-10-05T22:30:19</date>
  <millis>1570294819876</millis>
  <sequence>22</sequence>
  <level>RUN_DATA</level>
  <class>com.kms.katalon.core.logging.XmlKeywordLogger</class>
  <method>logMessage</method>
  <thread>1</thread>
  <message>sessionId = 276eeb1c286ec8cc3ede6d67b8520a1c</message>
  <nestedLevel>1</nestedLevel>
  <property name="sessionId">276eeb1c286ec8cc3ede6d67b8520a1c</property>
</record>
<record>
  <date>2019-10-05T22:30:20</date>
  <millis>1570294820378</millis>
  <sequence>23</sequence>
  <level>RUN_DATA</level>
  <class>com.kms.katalon.core.logging.XmlKeywordLogger</class>
  <method>logMessage</method>
  <thread>1</thread>
  <message>browser = Chrome 77.0.3865.90</message>
  <nestedLevel>1</nestedLevel>
  <property name="browser">Chrome 77.0.3865.90</property>
</record>
<record>
  <date>2019-10-05T22:30:20</date>
  <millis>1570294820379</millis>
  <sequence>24</sequence>
  <level>RUN_DATA</level>
  <class>com.kms.katalon.core.logging.XmlKeywordLogger</class>
  <method>logMessage</method>
  <thread>1</thread>
  <message>platform = Windows 8.1</message>
  <nestedLevel>1</nestedLevel>
  <property name="platform">Windows 8.1</property>
</record>
<record>
  <date>2019-10-05T22:30:20</date>
  <millis>1570294820386</millis>
  <sequence>25</sequence>
  <level>RUN_DATA</level>
  <class>com.kms.katalon.core.logging.XmlKeywordLogger</class>
  <method>logMessage</method>
  <thread>1</thread>
  <message>seleniumVersion = 3.7.1</message>
  <nestedLevel>1</nestedLevel>
  <property name="seleniumVersion">3.7.1</property>
</record>
<record>
  <date>2019-10-05T22:30:20</date>
  <millis>1570294820389</millis>
  <sequence>26</sequence>
  <level>RUN_DATA</level>
  <class>com.kms.katalon.core.logging.XmlKeywordLogger</class>
  <method>logMessage</method>
  <thread>1</thread>
  <message>proxyInformation = ProxyInformation{proxyOption=NO_PROXY, proxyServerType=HTTP, password=, proxyServerAddress=, proxyServerPort=0}</message>
  <nestedLevel>1</nestedLevel>
  <property name="proxyInformation">ProxyInformation{proxyOption=NO_PROXY, proxyServerType=HTTP, password=, proxyServerAddress=, proxyServerPort=0}</property>
</record>
<record>
  <date>2019-10-05T22:30:20</date>
  <millis>1570294820391</millis>
  <sequence>27</sequence>
  <level>PASSED</level>
  <class>com.kms.katalon.core.logging.XmlKeywordLogger</class>
  <method>logMessage</method>
  <thread>1</thread>
  <message>Browser is opened with url: &amp;apos;&amp;apos;</message>
  <nestedLevel>1</nestedLevel>
</record>
<record>
  <date>2019-10-05T22:30:20</date>
  <millis>1570294820393</millis>
  <sequence>28</sequence>
  <level>END</level>
  <class>com.kms.katalon.core.logging.XmlKeywordLogger</class>
  <method>endKeyword</method>
  <thread>1</thread>
  <message>End action : openBrowser(\&amp;quot;\&amp;quot;)</message>
  <nestedLevel>1</nestedLevel>
</record>
<record>
  <date>2019-10-05T22:30:20</date>
  <millis>1570294820394</millis>
  <sequence>29</sequence>
  <level>START</level>
  <class>com.kms.katalon.core.logging.XmlKeywordLogger</class>
  <method>startKeyword</method>
  <thread>1</thread>
  <message>Start action : callTestCase(findTestCase(\&amp;quot;TestCaseUtilities/backOfficeLogin\&amp;quot;), [\&amp;quot;BOURL\&amp;quot;:\&amp;quot;\&amp;quot;, \&amp;quot;BOuser\&amp;quot;:\&amp;quot;\&amp;quot;, \&amp;quot;BOpass\&amp;quot;:\&amp;quot;\&amp;quot;], STOP_ON_FAILURE)</message>
  <nestedLevel>1</nestedLevel>
  <property name="startLine">23</property>
  <property name="stepIndex">2</property>
</record>
<record>
  <date>2019-10-05T22:30:21</date>
  <millis>1570294821941</millis>
  <sequence>32</sequence>
  <level>START</level>
  <class>com.kms.katalon.core.logging.XmlKeywordLogger</class>
  <method>startTest</method>
  <thread>1</thread>
  <message>Start Test Case : Test Cases/TestCaseUtilities/backOfficeLogin</message>
  <nestedLevel>2</nestedLevel>
  <property name="name">Test Cases/TestCaseUtilities/backOfficeLogin</property>
  <property name="description"></property>
  <property name="id">Test Cases/TestCaseUtilities/backOfficeLogin</property>
  <property name="source">C:\\Users\\user\\Documents\\testautomation\\KatalonProjects\\Test Cases\\TestCaseUtilities\\backOfficeLogin.tc</property>
  <property name="isOptional">false</property>
</record>
<record>
  <date>2019-10-05T22:30:22</date>
  <millis>1570294822043</millis>
  <sequence>34</sequence>
  <level>INFO</level>
  <class>com.kms.katalon.core.logging.XmlKeywordLogger</class>
  <method>logMessage</method>
  <thread>1</thread>
  <message>BOURL = </message>
  <nestedLevel>2</nestedLevel>
</record>
<record>
  <date>2019-10-05T22:30:22</date>
  <millis>1570294822045</millis>
  <sequence>35</sequence>
  <level>INFO</level>
  <class>com.kms.katalon.core.logging.XmlKeywordLogger</class>
  <method>logMessage</method>
  <thread>1</thread>
  <message>BOuser = </message>
  <nestedLevel>2</nestedLevel>
</record>
<record>
  <date>2019-10-05T22:30:22</date>
  <millis>1570294822046</millis>
  <sequence>36</sequence>
  <level>INFO</level>
  <class>com.kms.katalon.core.logging.XmlKeywordLogger</class>
  <method>logMessage</method>
  <thread>1</thread>
  <message>BOpass = </message>
  <nestedLevel>2</nestedLevel>
</record>
<record>
  <date>2019-10-05T22:30:29</date>
  <millis>1570294829748</millis>
  <sequence>37</sequence>
  <level>START</level>
  <class>com.kms.katalon.core.logging.XmlKeywordLogger</class>
  <method>startKeyword</method>
  <thread>1</thread>
  <message>Start action : BOURL = findTestData(\&amp;quot;envtData\&amp;quot;).getValue(\&amp;quot;BOURL\&amp;quot;, 1)</message>
  <nestedLevel>1</nestedLevel>
  <property name="startLine">14</property>
  <property name="stepIndex">1</property>
</record>
<record>
  <date>2019-10-05T22:30:52</date>
  <millis>1570294852292</millis>
  <sequence>42</sequence>
  <level>END</level>
  <class>com.kms.katalon.core.logging.XmlKeywordLogger</class>
  <method>endKeyword</method>
  <thread>1</thread>
  <message>End action : BOURL = findTestData(\&amp;quot;envtData\&amp;quot;).getValue(\&amp;quot;BOURL\&amp;quot;, 1)</message>
  <nestedLevel>1</nestedLevel>
</record>
<record>
  <date>2019-10-05T22:30:53</date>
  <millis>1570294853146</millis>
  <sequence>43</sequence>
  <level>START</level>
  <class>com.kms.katalon.core.logging.XmlKeywordLogger</class>
  <method>startKeyword</method>
  <thread>1</thread>
  <message>Start action : BOuser = findTestData(\&amp;quot;credData\&amp;quot;).getValue(\&amp;quot;BOuser\&amp;quot;, 1)</message>
  <nestedLevel>1</nestedLevel>
  <property name="startLine">15</property>
  <property name="stepIndex">2</property>
</record>
<record>
  <date>2019-10-05T22:30:55</date>
  <millis>1570294855481</millis>
  <sequence>48</sequence>
  <level>END</level>
  <class>com.kms.katalon.core.logging.XmlKeywordLogger</class>
  <method>endKeyword</method>
  <thread>1</thread>
  <message>End action : BOuser = findTestData(\&amp;quot;credData\&amp;quot;).getValue(\&amp;quot;BOuser\&amp;quot;, 1)</message>
  <nestedLevel>1</nestedLevel>
</record>
<record>
  <date>2019-10-05T22:30:55</date>
  <millis>1570294855483</millis>
  <sequence>49</sequence>
  <level>START</level>
  <class>com.kms.katalon.core.logging.XmlKeywordLogger</class>
  <method>startKeyword</method>
  <thread>1</thread>
  <message>Start action : BOpass = findTestData(\&amp;quot;credData\&amp;quot;).getValue(\&amp;quot;BOpass\&amp;quot;, 1)</message>
  <nestedLevel>1</nestedLevel>
  <property name="startLine">16</property>
  <property name="stepIndex">3</property>
</record>
<record>
  <date>2019-10-05T22:30:55</date>
  <millis>1570294855912</millis>
  <sequence>54</sequence>
  <level>END</level>
  <class>com.kms.katalon.core.logging.XmlKeywordLogger</class>
  <method>endKeyword</method>
  <thread>1</thread>
  <message>End action : BOpass = findTestData(\&amp;quot;credData\&amp;quot;).getValue(\&amp;quot;BOpass\&amp;quot;, 1)</message>
  <nestedLevel>1</nestedLevel>
</record>
<record>
  <date>2019-10-05T22:30:55</date>
  <millis>1570294855913</millis>
  <sequence>55</sequence>
  <level>START</level>
  <class>com.kms.katalon.core.logging.XmlKeywordLogger</class>
  <method>startKeyword</method>
  <thread>1</thread>
  <message>Start action : openBrowser(\&amp;quot;\&amp;quot;)</message>
  <nestedLevel>1</nestedLevel>
  <property name="startLine">18</property>
  <property name="stepIndex">4</property>
</record>
<record>
  <date>2019-10-05T22:30:56</date>
  <millis>1570294856003</millis>
  <sequence>57</sequence>
  <level>WARNING</level>
  <class>com.kms.katalon.core.logging.XmlKeywordLogger</class>
  <method>logMessage</method>
  <thread>1</thread>
  <message>A browser is already opened. Closing browser and opening a new one</message>
  <nestedLevel>2</nestedLevel>
</record>
<record>
  <date>2019-10-05T22:31:48</date>
  <millis>1570294908235</millis>
  <sequence>58</sequence>
  <level>INFO</level>
  <class>com.kms.katalon.core.logging.XmlKeywordLogger</class>
  <method>logMessage</method>
  <thread>1</thread>
  <message>Starting &amp;apos;Chrome&amp;apos; driver</message>
  <nestedLevel>2</nestedLevel>
</record>
<record>
  <date>2019-10-05T22:31:48</date>
  <millis>1570294908264</millis>
  <sequence>59</sequence>
  <level>INFO</level>
  <class>com.kms.katalon.core.logging.XmlKeywordLogger</class>
  <method>logMessage</method>
  <thread>1</thread>
  <message>User set preference: [&amp;apos;args&amp;apos;, &amp;apos;[--use-fake-ui-for-media-stream, --start-maximized]&amp;apos;]</message>
  <nestedLevel>2</nestedLevel>
</record>
