#
# There is insufficient memory for the Java Runtime Environment to continue.
# Native memory allocation (malloc) failed to allocate 1010096 bytes for Chunk::new
# Possible reasons:
#   The system is out of physical RAM or swap space
#   In 32 bit mode, the process size limit was hit
# Possible solutions:
#   Reduce memory load on the system
#   Increase physical memory or swap space
#   Check if swap backing store is full
#   Use 64 bit Java on a 64 bit OS
#   Decrease Java heap size (-Xmx/-Xms)
#   Decrease number of Java threads
#   Decrease Java thread stack sizes (-Xss)
#   Set larger code cache with -XX:ReservedCodeCacheSize=
# This output file may be truncated or incomplete.
#
#  Out of Memory Error (allocation.cpp:390), pid=13556, tid=0x0000000000003264
#
# JRE version: Java(TM) SE Runtime Environment (8.0_181-b13) (build 1.8.0_181-b13)
# Java VM: Java HotSpot(TM) 64-Bit Server VM (25.181-b13 mixed mode windows-amd64 compressed oops)
# Failed to write core dump. Minidumps are not enabled by default on client versions of Windows
#

---------------  T H R E A D  ---------------

Current thread (0x0000000016333800):  JavaThread "C2 CompilerThread1" daemon [_thread_in_native, id=12900, stack(0x0000000017a50000,0x0000000017b50000)]

Stack: [0x0000000017a50000,0x0000000017b50000]
[error occurred during error reporting (printing stack bounds), id 0xc0000005]

Native frames: (J=compiled Java code, j=interpreted, Vv=VM code, C=native code)


Current CompileTask:
C2: 128177 5280       4       org.codehaus.groovy.control.ResolveVisitor::resolve (229 bytes)


---------------  P R O C E S S  ---------------

Java Threads: ( => current thread )
  0x000000001afe7800 JavaThread "Exec Stream Pumper" daemon [_thread_in_native, id=14392, stack(0x000000001dad0000,0x000000001dbd0000)]
  0x000000001afe7000 JavaThread "Exec Stream Pumper" daemon [_thread_in_native, id=14388, stack(0x000000001d9d0000,0x000000001dad0000)]
  0x000000001afe8800 JavaThread "Exec Default Executor" daemon [_thread_in_native, id=14376, stack(0x000000001c6e0000,0x000000001c7e0000)]
  0x0000000017b7f000 JavaThread "Service Thread" daemon [_thread_blocked, id=10608, stack(0x0000000018050000,0x0000000018150000)]
  0x0000000017b68800 JavaThread "C1 CompilerThread2" daemon [_thread_blocked, id=10552, stack(0x0000000017f50000,0x0000000018050000)]
=>0x0000000016333800 JavaThread "C2 CompilerThread1" daemon [_thread_in_native, id=12900, stack(0x0000000017a50000,0x0000000017b50000)]
  0x0000000016319800 JavaThread "C2 CompilerThread0" daemon [_thread_blocked, id=13664, stack(0x0000000017950000,0x0000000017a50000)]
  0x0000000016316000 JavaThread "Attach Listener" daemon [_thread_blocked, id=13676, stack(0x0000000017850000,0x0000000017950000)]
  0x0000000016314800 JavaThread "Signal Dispatcher" daemon [_thread_blocked, id=7192, stack(0x0000000017750000,0x0000000017850000)]
  0x0000000001f4c000 JavaThread "Finalizer" daemon [_thread_blocked, id=11480, stack(0x0000000017570000,0x0000000017670000)]
  0x0000000001f49000 JavaThread "Reference Handler" daemon [_thread_blocked, id=13884, stack(0x0000000017470000,0x0000000017570000)]
  0x0000000001e58000 JavaThread "main" [_thread_blocked, id=10096, stack(0x0000000001d50000,0x0000000001e50000)]

Other Threads:
  0x00000000162d7000 VMThread [stack: 0x0000000017370000,0x0000000017470000] [id=13888]
  0x0000000017ba0800 WatcherThread [stack: 0x0000000018150000,0x0000000018250000] [id=10040]

VM state:not at safepoint (normal execution)

VM Mutex/Monitor currently owned by a thread: None

Heap:
 PSYoungGen      total 197632K, used 92864K [0x00000000da180000, 0x00000000e9400000, 0x0000000100000000)
  eden space 180736K, 51% used [0x00000000da180000,0x00000000dfc30100,0x00000000e5200000)
  from space 16896K, 0% used [0x00000000e5200000,0x00000000e5200000,0x00000000e6280000)
  to   space 17408K, 0% used [0x00000000e8300000,0x00000000e8300000,0x00000000e9400000)
 ParOldGen       total 116736K, used 28764K [0x000000008e400000, 0x0000000095600000, 0x00000000da180000)
  object space 116736K, 24% used [0x000000008e400000,0x0000000090017120,0x0000000095600000)
 Metaspace       used 35408K, capacity 36292K, committed 36520K, reserved 1081344K
  class space    used 4190K, capacity 4495K, committed 4608K, reserved 1048576K

Card table byte_map: [0x0000000011310000,0x00000000116a0000] byte_map_base: 0x0000000010e9e000

Marking Bits: (ParMarkBitMap*) 0x000000006c762d00
 Begin Bits: [0x0000000011d00000, 0x0000000013970000)
 End Bits:   [0x0000000013970000, 0x00000000155e0000)

Polling page: 0x0000000000480000

CodeCache: size=245760Kb used=19077Kb max_used=19094Kb free=226682Kb
 bounds [0x0000000001f50000, 0x0000000003210000, 0x0000000010f50000]
 total_blobs=5335 nmethods=4645 adapters=602
 compilation: enabled

Compilation events (10 events):
Event: 128.075 Thread 0x0000000016319800 5281       4       org.codehaus.groovy.ast.MethodNode::getTypeDescriptor (133 bytes)
Event: 128.082 Thread 0x0000000017b68800 5285       3       org.codehaus.groovy.runtime.metaclass.MetaClassRegistryImpl::getMetaClass (12 bytes)
Event: 128.083 Thread 0x0000000017b68800 nmethod 5285 0x00000000031f9cd0 code [0x00000000031f9f40, 0x00000000031fb1a8]
Event: 128.083 Thread 0x0000000017b68800 5286       3       java.util.ArrayDeque::<init> (14 bytes)
Event: 128.084 Thread 0x0000000017b68800 nmethod 5286 0x00000000031f3cd0 code [0x00000000031f3e40, 0x00000000031f40f0]
Event: 128.084 Thread 0x0000000017b68800 5287       3       java.io.File::lastModified (33 bytes)
Event: 128.084 Thread 0x0000000017b68800 nmethod 5287 0x00000000031f4c90 code [0x00000000031f4e80, 0x00000000031f5628]
Event: 128.099 Thread 0x0000000017b68800 5289       3       groovy.lang.GroovyObjectSupport::<init> (16 bytes)
Event: 128.100 Thread 0x0000000017b68800 nmethod 5289 0x00000000031f8690 code [0x00000000031f88a0, 0x00000000031f94f8]
Event: 128.129 Thread 0x0000000016319800 nmethod 5281 0x0000000003206090 code [0x00000000032062c0, 0x0000000003207c10]

GC Heap History (10 events):
Event: 3.967 GC heap before
{Heap before GC invocations=7 (full 1):
 PSYoungGen      total 143360K, used 6948K [0x00000000da180000, 0x00000000e3880000, 0x0000000100000000)
  eden space 133120K, 0% used [0x00000000da180000,0x00000000da180000,0x00000000e2380000)
  from space 10240K, 67% used [0x00000000e2e80000,0x00000000e3549038,0x00000000e3880000)
  to   space 10752K, 0% used [0x00000000e2380000,0x00000000e2380000,0x00000000e2e00000)
 ParOldGen       total 87552K, used 9701K [0x000000008e400000, 0x0000000093980000, 0x00000000da180000)
  object space 87552K, 11% used [0x000000008e400000,0x000000008ed79710,0x0000000093980000)
 Metaspace       used 20887K, capacity 21166K, committed 21296K, reserved 1069056K
  class space    used 2332K, capacity 2427K, committed 2432K, reserved 1048576K
Event: 4.054 GC heap after
Heap after GC invocations=7 (full 1):
 PSYoungGen      total 143360K, used 0K [0x00000000da180000, 0x00000000e3880000, 0x0000000100000000)
  eden space 133120K, 0% used [0x00000000da180000,0x00000000da180000,0x00000000e2380000)
  from space 10240K, 0% used [0x00000000e2e80000,0x00000000e2e80000,0x00000000e3880000)
  to   space 10752K, 0% used [0x00000000e2380000,0x00000000e2380000,0x00000000e2e00000)
 ParOldGen       total 70144K, used 12926K [0x000000008e400000, 0x0000000092880000, 0x00000000da180000)
  object space 70144K, 18% used [0x000000008e400000,0x000000008f09f870,0x0000000092880000)
 Metaspace       used 20887K, capacity 21166K, committed 21296K, reserved 1069056K
  class space    used 2332K, capacity 2427K, committed 2432K, reserved 1048576K
}
Event: 9.015 GC heap before
{Heap before GC invocations=8 (full 1):
 PSYoungGen      total 143360K, used 133120K [0x00000000da180000, 0x00000000e3880000, 0x0000000100000000)
  eden space 133120K, 100% used [0x00000000da180000,0x00000000e2380000,0x00000000e2380000)
  from space 10240K, 0% used [0x00000000e2e80000,0x00000000e2e80000,0x00000000e3880000)
  to   space 10752K, 0% used [0x00000000e2380000,0x00000000e2380000,0x00000000e2e00000)
 ParOldGen       total 70144K, used 12926K [0x000000008e400000, 0x0000000092880000, 0x00000000da180000)
  object space 70144K, 18% used [0x000000008e400000,0x000000008f09f870,0x0000000092880000)
 Metaspace       used 28969K, capacity 29564K, committed 29824K, reserved 1075200K
  class space    used 3477K, capacity 3677K, committed 3712K, reserved 1048576K
Event: 9.036 GC heap after
Heap after GC invocations=8 (full 1):
 PSYoungGen      total 143872K, used 10736K [0x00000000da180000, 0x00000000e7100000, 0x0000000100000000)
  eden space 133120K, 0% used [0x00000000da180000,0x00000000da180000,0x00000000e2380000)
  from space 10752K, 99% used [0x00000000e2380000,0x00000000e2dfc098,0x00000000e2e00000)
  to   space 12288K, 0% used [0x00000000e6500000,0x00000000e6500000,0x00000000e7100000)
 ParOldGen       total 70144K, used 12958K [0x000000008e400000, 0x0000000092880000, 0x00000000da180000)
  object space 70144K, 18% used [0x000000008e400000,0x000000008f0a7a10,0x0000000092880000)
 Metaspace       used 28969K, capacity 29564K, committed 29824K, reserved 1075200K
  class space    used 3477K, capacity 3677K, committed 3712K, reserved 1048576K
}
Event: 22.788 GC heap before
{Heap before GC invocations=9 (full 1):
 PSYoungGen      total 143872K, used 143856K [0x00000000da180000, 0x00000000e7100000, 0x0000000100000000)
  eden space 133120K, 100% used [0x00000000da180000,0x00000000e2380000,0x00000000e2380000)
  from space 10752K, 99% used [0x00000000e2380000,0x00000000e2dfc098,0x00000000e2e00000)
  to   space 12288K, 0% used [0x00000000e6500000,0x00000000e6500000,0x00000000e7100000)
 ParOldGen       total 70144K, used 12958K [0x000000008e400000, 0x0000000092880000, 0x00000000da180000)
  object space 70144K, 18% used [0x000000008e400000,0x000000008f0a7a10,0x0000000092880000)
 Metaspace       used 34102K, capacity 34774K, committed 34816K, reserved 1079296K
  class space    used 4116K, capacity 4331K, committed 4352K, reserved 1048576K
Event: 22.828 GC heap after
Heap after GC invocations=9 (full 1):
 PSYoungGen      total 193024K, used 12276K [0x00000000da180000, 0x00000000e7300000, 0x0000000100000000)
  eden space 180736K, 0% used [0x00000000da180000,0x00000000da180000,0x00000000e5200000)
  from space 12288K, 99% used [0x00000000e6500000,0x00000000e70fd1e8,0x00000000e7100000)
  to   space 16896K, 0% used [0x00000000e5200000,0x00000000e5200000,0x00000000e6280000)
 ParOldGen       total 70144K, used 20293K [0x000000008e400000, 0x0000000092880000, 0x00000000da180000)
  object space 70144K, 28% used [0x000000008e400000,0x000000008f7d1750,0x0000000092880000)
 Metaspace       used 34102K, capacity 34774K, committed 34816K, reserved 1079296K
  class space    used 4116K, capacity 4331K, committed 4352K, reserved 1048576K
}
Event: 48.751 GC heap before
{Heap before GC invocations=10 (full 1):
 PSYoungGen      total 193024K, used 44078K [0x00000000da180000, 0x00000000e7300000, 0x0000000100000000)
  eden space 180736K, 17% used [0x00000000da180000,0x00000000dc08e8a8,0x00000000e5200000)
  from space 12288K, 99% used [0x00000000e6500000,0x00000000e70fd1e8,0x00000000e7100000)
  to   space 16896K, 0% used [0x00000000e5200000,0x00000000e5200000,0x00000000e6280000)
 ParOldGen       total 70144K, used 20293K [0x000000008e400000, 0x0000000092880000, 0x00000000da180000)
  object space 70144K, 28% used [0x000000008e400000,0x000000008f7d1750,0x0000000092880000)
 Metaspace       used 34544K, capacity 35286K, committed 35496K, reserved 1081344K
  class space    used 4123K, capacity 4341K, committed 4352K, reserved 1048576K
Event: 48.777 GC heap after
Heap after GC invocations=10 (full 1):
 PSYoungGen      total 197632K, used 12709K [0x00000000da180000, 0x00000000e9400000, 0x0000000100000000)
  eden space 180736K, 0% used [0x00000000da180000,0x00000000da180000,0x00000000e5200000)
  from space 16896K, 75% used [0x00000000e5200000,0x00000000e5e695a8,0x00000000e6280000)
  to   space 17408K, 0% used [0x00000000e8300000,0x00000000e8300000,0x00000000e9400000)
 ParOldGen       total 70144K, used 20384K [0x000000008e400000, 0x0000000092880000, 0x00000000da180000)
  object space 70144K, 29% used [0x000000008e400000,0x000000008f7e8230,0x0000000092880000)
 Metaspace       used 34544K, capacity 35286K, committed 35496K, reserved 1081344K
  class space    used 4123K, capacity 4341K, committed 4352K, reserved 1048576K
}
Event: 48.777 GC heap before
{Heap before GC invocations=11 (full 2):
 PSYoungGen      total 197632K, used 12709K [0x00000000da180000, 0x00000000e9400000, 0x0000000100000000)
  eden space 180736K, 0% used [0x00000000da180000,0x00000000da180000,0x00000000e5200000)
  from space 16896K, 75% used [0x00000000e5200000,0x00000000e5e695a8,0x00000000e6280000)
  to   space 17408K, 0% used [0x00000000e8300000,0x00000000e8300000,0x00000000e9400000)
 ParOldGen       total 70144K, used 20384K [0x000000008e400000, 0x0000000092880000, 0x00000000da180000)
  object space 70144K, 29% used [0x000000008e400000,0x000000008f7e8230,0x0000000092880000)
 Metaspace       used 34544K, capacity 35286K, committed 35496K, reserved 1081344K
  class space    used 4123K, capacity 4341K, committed 4352K, reserved 1048576K
Event: 48.879 GC heap after
Heap after GC invocations=11 (full 2):
 PSYoungGen      total 197632K, used 0K [0x00000000da180000, 0x00000000e9400000, 0x0000000100000000)
  eden space 180736K, 0% used [0x00000000da180000,0x00000000da180000,0x00000000e5200000)
  from space 16896K, 0% used [0x00000000e5200000,0x00000000e5200000,0x00000000e6280000)
  to   space 17408K, 0% used [0x00000000e8300000,0x00000000e8300000,0x00000000e9400000)
 ParOldGen       total 116736K, used 28764K [0x000000008e400000, 0x0000000095600000, 0x00000000da180000)
  object space 116736K, 24% used [0x000000008e400000,0x0000000090017120,0x0000000095600000)
 Metaspace       used 34540K, capacity 35276K, committed 35496K, reserved 1081344K
  class space    used 4121K, capacity 4338K, committed 4352K, reserved 1048576K
}

Deoptimization events (10 events):
Event: 48.903 Thread 0x0000000001e58000 Uncommon trap: reason=unstable_if action=reinterpret pc=0x0000000002e22118 method=java.lang.Character.isHighSurrogate(C)Z @ 3
Event: 48.903 Thread 0x0000000001e58000 Uncommon trap: reason=unstable_if action=reinterpret pc=0x00000000020ef618 method=sun.nio.cs.UTF_8$Encoder.encode([CII[B)I @ 33
Event: 48.937 Thread 0x0000000001e58000 Uncommon trap: reason=class_check action=maybe_recompile pc=0x0000000002ec88d8 method=java.lang.AbstractStringBuilder.append(Ljava/lang/CharSequence;II)Ljava/lang/AbstractStringBuilder; @ 18
Event: 48.937 Thread 0x0000000001e58000 Uncommon trap: reason=class_check action=maybe_recompile pc=0x0000000002ec88d8 method=java.lang.AbstractStringBuilder.append(Ljava/lang/CharSequence;II)Ljava/lang/AbstractStringBuilder; @ 18
Event: 67.202 Thread 0x0000000001e58000 Uncommon trap: reason=unstable_if action=reinterpret pc=0x00000000026b92d0 method=groovy.lang.MetaClassImpl.checkIfStdMethod(Lgroovy/lang/MetaMethod;)V @ 9
Event: 67.228 Thread 0x0000000001e58000 Uncommon trap: reason=class_check action=maybe_recompile pc=0x00000000029b17c0 method=java.lang.Throwable.<init>(Ljava/lang/String;Ljava/lang/Throwable;)V @ 24
Event: 127.592 Thread 0x0000000001e58000 Uncommon trap: reason=unstable_if action=reinterpret pc=0x0000000002be5f6c method=java.lang.CharacterDataLatin1.digit(II)I @ 60
Event: 127.608 Thread 0x0000000001e58000 Uncommon trap: reason=unstable_if action=reinterpret pc=0x0000000002f7ac20 method=org.apache.xerces.impl.XMLEntityScanner.scanContent(Lorg/apache/xerces/xni/XMLString;)I @ 43
Event: 127.806 Thread 0x0000000001e58000 Uncommon trap: reason=unstable_if action=reinterpret pc=0x0000000003114150 method=groovyjarjarasm.asm.Item.a(Lgroovyjarjarasm/asm/Item;)Z @ 331
Event: 128.055 Thread 0x0000000001e58000 Uncommon trap: reason=unstable_if action=reinterpret pc=0x000000000311dba8 method=java.util.HashMap.putMapEntries(Ljava/util/Map;Z)V @ 15

Classes redefined (0 events):
No events

Internal exceptions (10 events):
Event: 128.002 Thread 0x0000000001e58000 Exception <a 'java/lang/ClassNotFoundException': Script33BeanInfo> (0x00000000df523f48) thrown at [C:\re\workspace\8-2-build-windows-amd64-cygwin\jdk8u181\11358\hotspot\src\share\vm\classfile\systemDictionary.cpp, line 210]
Event: 128.004 Thread 0x0000000001e58000 Exception <a 'java/lang/ClassNotFoundException': Script33Customizer> (0x00000000df5577c0) thrown at [C:\re\workspace\8-2-build-windows-amd64-cygwin\jdk8u181\11358\hotspot\src\share\vm\classfile\systemDictionary.cpp, line 210]
Event: 128.016 Thread 0x0000000001e58000 Exception <a 'java/lang/ClassNotFoundException': Script34BeanInfo> (0x00000000df5daff0) thrown at [C:\re\workspace\8-2-build-windows-amd64-cygwin\jdk8u181\11358\hotspot\src\share\vm\classfile\systemDictionary.cpp, line 210]
Event: 128.018 Thread 0x0000000001e58000 Exception <a 'java/lang/ClassNotFoundException': Script34Customizer> (0x00000000df60e820) thrown at [C:\re\workspace\8-2-build-windows-amd64-cygwin\jdk8u181\11358\hotspot\src\share\vm\classfile\systemDictionary.cpp, line 210]
Event: 128.026 Thread 0x0000000001e58000 Exception <a 'java/lang/ClassNotFoundException': Script35BeanInfo> (0x00000000df692588) thrown at [C:\re\workspace\8-2-build-windows-amd64-cygwin\jdk8u181\11358\hotspot\src\share\vm\classfile\systemDictionary.cpp, line 210]
Event: 128.029 Thread 0x0000000001e58000 Exception <a 'java/lang/ClassNotFoundException': Script35Customizer> (0x00000000df6c5db8) thrown at [C:\re\workspace\8-2-build-windows-amd64-cygwin\jdk8u181\11358\hotspot\src\share\vm\classfile\systemDictionary.cpp, line 210]
Event: 128.037 Thread 0x0000000001e58000 Exception <a 'java/lang/ClassNotFoundException': Script36BeanInfo> (0x00000000df749d10) thrown at [C:\re\workspace\8-2-build-windows-amd64-cygwin\jdk8u181\11358\hotspot\src\share\vm\classfile\systemDictionary.cpp, line 210]
Event: 128.040 Thread 0x0000000001e58000 Exception <a 'java/lang/ClassNotFoundException': Script36Customizer> (0x00000000df77d540) thrown at [C:\re\workspace\8-2-build-windows-amd64-cygwin\jdk8u181\11358\hotspot\src\share\vm\classfile\systemDictionary.cpp, line 210]
Event: 128.048 Thread 0x0000000001e58000 Exception <a 'java/lang/ClassNotFoundException': Script37BeanInfo> (0x00000000df800e68) thrown at [C:\re\workspace\8-2-build-windows-amd64-cygwin\jdk8u181\11358\hotspot\src\share\vm\classfile\systemDictionary.cpp, line 210]
Event: 128.050 Thread 0x0000000001e58000 Exception <a 'java/lang/ClassNotFoundException': Script37Customizer> (0x00000000df834698) thrown at [C:\re\workspace\8-2-build-windows-amd64-cygwin\jdk8u181\11358\hotspot\src\share\vm\classfile\systemDictionary.cpp, line 210]

Events (10 events):
Event: 128.055 Thread 0x0000000001e58000 DEOPT PACKING pc=0x000000000311dba8 sp=0x0000000001e4bb60
Event: 128.055 Thread 0x0000000001e58000 DEOPT UNPACKING pc=0x0000000001f9583b sp=0x0000000001e4bb38 mode 2
Event: 128.057 loading class org/codehaus/groovy/runtime/dgm$241
Event: 128.057 loading class org/codehaus/groovy/runtime/dgm$241 done
Event: 128.060 loading class org/codehaus/groovy/runtime/dgm$244
Event: 128.060 loading class org/codehaus/groovy/runtime/dgm$244 done
Event: 128.064 loading class org/codehaus/groovy/runtime/powerassert/ValueRecorder
Event: 128.064 loading class org/codehaus/groovy/runtime/powerassert/ValueRecorder done
Event: 128.065 loading class org/codehaus/groovy/runtime/powerassert/Value
Event: 128.065 loading class org/codehaus/groovy/runtime/powerassert/Value done


Dynamic libraries:
0x00007ff7a7e40000 - 0x00007ff7a7e77000 	F:\Katalon_Studio_Windows_64-6.1.1\jre\bin\javaw.exe
0x00007ffdf6510000 - 0x00007ffdf66bd000 	C:\Windows\SYSTEM32\ntdll.dll
0x00007ffdf6060000 - 0x00007ffdf619f000 	C:\Windows\system32\KERNEL32.DLL
0x00007ffdf37f0000 - 0x00007ffdf3906000 	C:\Windows\system32\KERNELBASE.dll
0x00007ffdf2200000 - 0x00007ffdf228e000 	C:\Windows\system32\apphelp.dll
0x00007ffde4500000 - 0x00007ffde4555000 	C:\Windows\AppPatch\AppPatch64\AcGenral.DLL
0x00007ffdf3c70000 - 0x00007ffdf3d1a000 	C:\Windows\system32\msvcrt.dll
0x00007ffdf3710000 - 0x00007ffdf373e000 	C:\Windows\system32\SspiCli.dll
0x00007ffdf3d20000 - 0x00007ffdf3d74000 	C:\Windows\system32\SHLWAPI.dll
0x00007ffdf4450000 - 0x00007ffdf45c7000 	C:\Windows\system32\USER32.dll
0x00007ffdf4080000 - 0x00007ffdf4214000 	C:\Windows\system32\ole32.dll
0x00007ffdf4b30000 - 0x00007ffdf605b000 	C:\Windows\system32\SHELL32.dll
0x00007ffdf2c00000 - 0x00007ffdf2c21000 	C:\Windows\SYSTEM32\USERENV.dll
0x00007ffdf61a0000 - 0x00007ffdf624a000 	C:\Windows\system32\ADVAPI32.dll
0x00007ffdeba70000 - 0x00007ffdeba8e000 	C:\Windows\SYSTEM32\MPR.dll
0x00007ffdf3de0000 - 0x00007ffdf3f20000 	C:\Windows\system32\RPCRT4.dll
0x00007ffdf4980000 - 0x00007ffdf49d9000 	C:\Windows\SYSTEM32\sechost.dll
0x00007ffdf4240000 - 0x00007ffdf4450000 	C:\Windows\SYSTEM32\combase.dll
0x00007ffdf49e0000 - 0x00007ffdf4b2c000 	C:\Windows\system32\GDI32.dll
0x00007ffdf3640000 - 0x00007ffdf3655000 	C:\Windows\SYSTEM32\profapi.dll
0x00007ffdf1a20000 - 0x00007ffdf1ad2000 	C:\Windows\SYSTEM32\SHCORE.dll
0x00007ffdf6270000 - 0x00007ffdf62a6000 	C:\Windows\system32\IMM32.DLL
0x00007ffdf3f20000 - 0x00007ffdf4072000 	C:\Windows\system32\MSCTF.dll
0x00007ffdf1090000 - 0x00007ffdf130b000 	C:\Windows\WinSxS\amd64_microsoft.windows.common-controls_6595b64144ccf1df_6.0.9600.19394_none_62486577ecb635cf\COMCTL32.dll
0x000000006bd70000 - 0x000000006be42000 	F:\Katalon_Studio_Windows_64-6.1.1\jre\bin\msvcr100.dll
0x000000006bf40000 - 0x000000006c7e2000 	F:\Katalon_Studio_Windows_64-6.1.1\jre\bin\server\jvm.dll
0x00007ffdea530000 - 0x00007ffdea539000 	C:\Windows\SYSTEM32\WSOCK32.dll
0x00007ffdea290000 - 0x00007ffdea2b2000 	C:\Windows\SYSTEM32\WINMM.dll
0x00007ffdecd40000 - 0x00007ffdecd4a000 	C:\Windows\SYSTEM32\VERSION.dll
0x00007ffdf6250000 - 0x00007ffdf6257000 	C:\Windows\system32\PSAPI.DLL
0x00007ffdf3d80000 - 0x00007ffdf3dda000 	C:\Windows\system32\WS2_32.dll
0x00007ffdea260000 - 0x00007ffdea28a000 	C:\Windows\SYSTEM32\WINMMBASE.dll
0x00007ffdf6260000 - 0x00007ffdf6269000 	C:\Windows\system32\NSI.dll
0x00007ffdf37a0000 - 0x00007ffdf37ef000 	C:\Windows\SYSTEM32\cfgmgr32.dll
0x00007ffdf2460000 - 0x00007ffdf2488000 	C:\Windows\SYSTEM32\DEVOBJ.dll
0x000000006bf30000 - 0x000000006bf3f000 	F:\Katalon_Studio_Windows_64-6.1.1\jre\bin\verify.dll
0x000000006bf00000 - 0x000000006bf29000 	F:\Katalon_Studio_Windows_64-6.1.1\jre\bin\java.dll
0x000000006bee0000 - 0x000000006bef6000 	F:\Katalon_Studio_Windows_64-6.1.1\jre\bin\zip.dll
0x000000006bec0000 - 0x000000006beda000 	F:\Katalon_Studio_Windows_64-6.1.1\jre\bin\net.dll
0x00007ffdf2e70000 - 0x00007ffdf2ec9000 	C:\Windows\system32\mswsock.dll
0x000000006bea0000 - 0x000000006beb1000 	F:\Katalon_Studio_Windows_64-6.1.1\jre\bin\nio.dll
0x00007ffdf2c70000 - 0x00007ffdf2d14000 	C:\Windows\SYSTEM32\DNSAPI.dll
0x00007ffdeac90000 - 0x00007ffdeac9a000 	C:\Windows\System32\rasadhlp.dll
0x00007ffdee020000 - 0x00007ffdee08b000 	C:\Windows\System32\fwpuclnt.dll
0x000000006be70000 - 0x000000006be94000 	F:\Katalon_Studio_Windows_64-6.1.1\jre\bin\sunec.dll
0x00007ffdee440000 - 0x00007ffdee46a000 	C:\Windows\SYSTEM32\IPHLPAPI.DLL
0x00007ffdee430000 - 0x00007ffdee43a000 	C:\Windows\SYSTEM32\WINNSI.DLL
0x00007ffdedf00000 - 0x00007ffdedf16000 	C:\Windows\SYSTEM32\dhcpcsvc6.DLL
0x00007ffdee100000 - 0x00007ffdee11a000 	C:\Windows\SYSTEM32\dhcpcsvc.DLL
0x00007ffdf2ed0000 - 0x00007ffdf2ef0000 	C:\Windows\SYSTEM32\CRYPTSP.dll
0x00007ffdf2af0000 - 0x00007ffdf2b26000 	C:\Windows\system32\rsaenh.dll
0x00007ffdf3120000 - 0x00007ffdf3146000 	C:\Windows\SYSTEM32\bcrypt.dll
0x00007ffdf3440000 - 0x00007ffdf34a3000 	C:\Windows\system32\bcryptprimitives.dll
0x00007ffdf34b0000 - 0x00007ffdf34bb000 	C:\Windows\SYSTEM32\CRYPTBASE.dll
0x00007ffde9c50000 - 0x00007ffde9c65000 	C:\Windows\system32\napinsp.dll
0x00007ffde9c70000 - 0x00007ffde9c8a000 	C:\Windows\system32\pnrpnsp.dll
0x00007ffdf01f0000 - 0x00007ffdf020b000 	C:\Windows\system32\NLAapi.dll
0x00007ffde9d20000 - 0x00007ffde9d2d000 	C:\Windows\System32\winrnr.dll

VM Arguments:
jvm_args: -Dgroovy.home=/F:/Katalon_Studio_Windows_64-6.1.1/plugins/org.codehaus.groovy_2.4.7.xx-201611170128-e46/ -Xmx1820m -Dfile.encoding=UTF-8 
java_command: org.codehaus.groovy.tools.GroovyStarter --classpath C:\Users\user\Documents\testautomation\KatalonProjects\Include\scripts\groovy;C:\Users\user\Documents\testautomation\KatalonProjects\Keywords;C:\Users\user\Documents\testautomation\KatalonProjects\Libs;C:\Users\user\Documents\testautomation\KatalonProjects\Test Listeners;C:\Users\user\Documents\testautomation\KatalonProjects\Drivers\ashot-1.5.4.jar;C:\Users\user\Documents\testautomation\KatalonProjects\Drivers\javafaker-0.14.jar;F:\Katalon_Studio_Windows_64-6.1.1\configuration\resources\lib\bcpkix-jdk15on-1.58.jar;F:\Katalon_Studio_Windows_64-6.1.1\configuration\resources\lib\bcprov-jdk15on-1.58.jar;F:\Katalon_Studio_Windows_64-6.1.1\configuration\resources\lib\browsermob-core-2.1.5.jar;F:\Katalon_Studio_Windows_64-6.1.1\configuration\resources\lib\dnsjava-2.1.8.jar;F:\Katalon_Studio_Windows_64-6.1.1\configuration\resources\lib\java-client-5.0.4.jar;F:\Katalon_Studio_Windows_64-6.1.1\configuration\resources\lib\jna-4.1.0.jar;F:\Katalon_Studio_Windows_64-6.1.1\configuration\resources\lib\jna-platform-4.1.0.jar;F:\Katalon_Studio_Windows_64-6.1.1\configuration\resources\lib\jzlib-1.1.3.jar;F:\Katalon_Studio_Windows_64-6.1.1\configuration\resources\lib\kat-server.jar;F:\Katalon_Studio_Windows_64-6.1.1\configuration\resources\lib\littleproxy-1.1.0-beta-bmp-17.jar;F:\Katalon_Studio_Windows_64-6.1.1\configuration\resources\lib\mitm-2.1.5.jar;F:\Katalon_Studio_Windows_64-6.1.1\configuration\resources\lib\netty-all-4.0.51.Final.jar;F:\Katalon_Studio_Windows_64-6.1.1\configuration\resources\lib\repackaged-guava-19.0.jar;F:\Katalon_Studio_Windows_64-6.1.1\configuration\resources\lib\repackaged-sikuli-api-1.0.2-standalone.jar;F:\Katalon_Studio_Windows_64-6.1.1\configuration\resources\lib\selenium-leg-rc-3.7.0.jar;F:\Katalon_Studio_Windows_64-6.1.1\configuration\resources\lib\selenium-server-standalone-3.7.1.jar;F:\Katalon_Studio_Windows_64-6.1.1\configuration\resources\lib\testng-6.11.jar;F:\Katalon_Studio_Wind
java_class_path (initial): C:\Users\user\Documents\testautomation\KatalonProjects\bin\keyword;C:\Users\user\Documents\testautomation\KatalonProjects\bin\listener;C:\Users\user\Documents\testautomation\KatalonProjects\bin\lib;C:\Users\user\Documents\testautomation\KatalonProjects\bin\groovy;C:\Users\user\Documents\testautomation\KatalonProjects\bin;F:\Katalon_Studio_Windows_64-6.1.1\plugins\com.kms.katalon.core_1.0.0.201904051842.jar;F:\Katalon_Studio_Windows_64-6.1.1\configuration\resources\lib\bcpkix-jdk15on-1.58.jar;F:\Katalon_Studio_Windows_64-6.1.1\configuration\resources\lib\bcprov-jdk15on-1.58.jar;F:\Katalon_Studio_Windows_64-6.1.1\configuration\resources\lib\browsermob-core-2.1.5.jar;F:\Katalon_Studio_Windows_64-6.1.1\configuration\resources\lib\dnsjava-2.1.8.jar;F:\Katalon_Studio_Windows_64-6.1.1\configuration\resources\lib\java-client-5.0.4.jar;F:\Katalon_Studio_Windows_64-6.1.1\configuration\resources\lib\jna-4.1.0.jar;F:\Katalon_Studio_Windows_64-6.1.1\configuration\resources\lib\jna-platform-4.1.0.jar;F:\Katalon_Studio_Windows_64-6.1.1\configuration\resources\lib\jzlib-1.1.3.jar;F:\Katalon_Studio_Windows_64-6.1.1\configuration\resources\lib\kat-server.jar;F:\Katalon_Studio_Windows_64-6.1.1\configuration\resources\lib\littleproxy-1.1.0-beta-bmp-17.jar;F:\Katalon_Studio_Windows_64-6.1.1\configuration\resources\lib\mitm-2.1.5.jar;F:\Katalon_Studio_Windows_64-6.1.1\configuration\resources\lib\netty-all-4.0.51.Final.jar;F:\Katalon_Studio_Windows_64-6.1.1\configuration\resources\lib\repackaged-guava-19.0.jar;F:\Katalon_Studio_Windows_64-6.1.1\configuration\resources\lib\repackaged-sikuli-api-1.0.2-standalone.jar;F:\Katalon_Studio_Windows_64-6.1.1\configuration\resources\lib\selenium-leg-rc-3.7.0.jar;F:\Katalon_Studio_Windows_64-6.1.1\configuration\resources\lib\selenium-server-standalone-3.7.1.jar;F:\Katalon_Studio_Windows_64-6.1.1\configuration\resources\lib\testng-6.11.jar;F:\Katalon_Studio_Windows_64-6.1.1\plugins\net.sf.supercsv.super-csv_2.1.0.jar;F:\Ka
Launcher Type: SUN_STANDARD

Environment Variables:
JAVA_HOME=C:\Program Files\Java\jdk-11.0.2
PATH=F:/Katalon_Studio_Windows_64-6.1.1/jre/bin/server;F:/Katalon_Studio_Windows_64-6.1.1/jre/bin;F:/Katalon_Studio_Windows_64-6.1.1/jre/lib/amd64;C:\Program Files\Java\jdk-11.0.2\bin; C:\Users\user\AppData\Local\Android\Sdk\tools; C:\Users\user\AppData\Local\Android\Sdk\platform-tools;C:\Program Files\Git\cmd;F:\Katalon_Studio_Windows_64-6.1.1;
USERNAME=user
OS=Windows_NT
PROCESSOR_IDENTIFIER=Intel64 Family 6 Model 58 Stepping 9, GenuineIntel



---------------  S Y S T E M  ---------------

OS: Windows 8.1 , 64 bit Build 9600 (6.3.9600.19358)

CPU:total 4 (initial active 4) (2 cores per cpu, 2 threads per core) family 6 model 58 stepping 9, cmov, cx8, fxsr, mmx, sse, sse2, sse3, ssse3, sse4.1, sse4.2, popcnt, avx, aes, clmul, erms, ht, tsc, tscinvbit, tscinv

Memory: 4k page, physical 8269944k(1045180k free), swap 11415672k(5240k free)

vm_info: Java HotSpot(TM) 64-Bit Server VM (25.181-b13) for windows-amd64 JRE (1.8.0_181-b13), built on Jul  7 2018 04:01:33 by "java_re" with MS VC++ 10.0 (VS2010)

time: Mon Aug 26 19:46:22 2019
elapsed time: 128 seconds (0d 0h 2m 8s)

