<?xml version="1.0" encoding="UTF-8" standalone="no"?>
<!DOCTYPE log SYSTEM "logger.dtd">
<log>
<record>
  <date>2019-11-25T18:20:02</date>
  <millis>1574686202436</millis>
  <sequence>0</sequence>
  <level>START</level>
  <class>com.kms.katalon.core.logging.XmlKeywordLogger</class>
  <method>startSuite</method>
  <thread>1</thread>
  <message>Start Test Suite : Test Suites/AddContacts</message>
  <nestedLevel>0</nestedLevel>
  <property name="name">AddContacts</property>
  <property name="description"></property>
  <property name="id">Test Suites/AddContacts</property>
</record>
<record>
  <date>2019-11-25T18:20:02</date>
  <millis>1574686202478</millis>
  <sequence>1</sequence>
  <level>RUN_DATA</level>
  <class>com.kms.katalon.core.logging.XmlKeywordLogger</class>
  <method>logMessage</method>
  <thread>1</thread>
  <message>hostName = user - 10.0.102.44</message>
  <nestedLevel>0</nestedLevel>
  <property name="hostName">user - 10.0.102.44</property>
</record>
<record>
  <date>2019-11-25T18:20:02</date>
  <millis>1574686202480</millis>
  <sequence>2</sequence>
  <level>RUN_DATA</level>
  <class>com.kms.katalon.core.logging.XmlKeywordLogger</class>
  <method>logMessage</method>
  <thread>1</thread>
  <message>os = Windows 8.1 64bit</message>
  <nestedLevel>0</nestedLevel>
  <property name="os">Windows 8.1 64bit</property>
</record>
<record>
  <date>2019-11-25T18:20:02</date>
  <millis>1574686202482</millis>
  <sequence>3</sequence>
  <level>RUN_DATA</level>
  <class>com.kms.katalon.core.logging.XmlKeywordLogger</class>
  <method>logMessage</method>
  <thread>1</thread>
  <message>hostAddress = 10.0.102.44</message>
  <nestedLevel>0</nestedLevel>
  <property name="hostAddress">10.0.102.44</property>
</record>
<record>
  <date>2019-11-25T18:20:02</date>
  <millis>1574686202498</millis>
  <sequence>4</sequence>
  <level>RUN_DATA</level>
  <class>com.kms.katalon.core.logging.XmlKeywordLogger</class>
  <method>logMessage</method>
  <thread>1</thread>
  <message>katalonVersion = 6.1.1.1</message>
  <nestedLevel>0</nestedLevel>
  <property name="katalonVersion">6.1.1.1</property>
</record>
<record>
  <date>2019-11-25T18:20:03</date>
  <millis>1574686203054</millis>
  <sequence>5</sequence>
  <level>START</level>
  <class>com.kms.katalon.core.logging.XmlKeywordLogger</class>
  <method>startTest</method>
  <thread>1</thread>
  <message>Start Test Case : Test Cases/TestCaseUtilities/createContactBO</message>
  <nestedLevel>1</nestedLevel>
  <property name="name">Test Cases/TestCaseUtilities/createContactBO</property>
  <property name="description"></property>
  <property name="id">Test Cases/TestCaseUtilities/createContactBO</property>
  <property name="source">C:\\Users\\user\\Documents\\testautomation\\KatalonProjects\\Test Cases\\TestCaseUtilities\\createContactBO.tc</property>
  <property name="isOptional">false</property>
</record>
<record>
  <date>2019-11-25T18:20:03</date>
  <millis>1574686203313</millis>
  <sequence>7</sequence>
  <level>INFO</level>
  <class>com.kms.katalon.core.logging.XmlKeywordLogger</class>
  <method>logMessage</method>
  <thread>1</thread>
  <message>(Default) firstName = </message>
  <nestedLevel>1</nestedLevel>
</record>
<record>
  <date>2019-11-25T18:20:03</date>
  <millis>1574686203336</millis>
  <sequence>8</sequence>
  <level>INFO</level>
  <class>com.kms.katalon.core.logging.XmlKeywordLogger</class>
  <method>logMessage</method>
  <thread>1</thread>
  <message>(Default) lastName = </message>
  <nestedLevel>1</nestedLevel>
</record>
<record>
  <date>2019-11-25T18:20:03</date>
  <millis>1574686203361</millis>
  <sequence>9</sequence>
  <level>INFO</level>
  <class>com.kms.katalon.core.logging.XmlKeywordLogger</class>
  <method>logMessage</method>
  <thread>1</thread>
  <message>(Default) email = </message>
  <nestedLevel>1</nestedLevel>
</record>
<record>
  <date>2019-11-25T18:20:03</date>
  <millis>1574686203394</millis>
  <sequence>10</sequence>
  <level>INFO</level>
  <class>com.kms.katalon.core.logging.XmlKeywordLogger</class>
  <method>logMessage</method>
  <thread>1</thread>
  <message>(Default) address1 = </message>
  <nestedLevel>1</nestedLevel>
</record>
<record>
  <date>2019-11-25T18:20:03</date>
  <millis>1574686203427</millis>
  <sequence>11</sequence>
  <level>INFO</level>
  <class>com.kms.katalon.core.logging.XmlKeywordLogger</class>
  <method>logMessage</method>
  <thread>1</thread>
  <message>(Default) city = </message>
  <nestedLevel>1</nestedLevel>
</record>
<record>
  <date>2019-11-25T18:20:03</date>
  <millis>1574686203444</millis>
  <sequence>12</sequence>
  <level>INFO</level>
  <class>com.kms.katalon.core.logging.XmlKeywordLogger</class>
  <method>logMessage</method>
  <thread>1</thread>
  <message>(Default) state = </message>
  <nestedLevel>1</nestedLevel>
</record>
<record>
  <date>2019-11-25T18:20:03</date>
  <millis>1574686203483</millis>
  <sequence>13</sequence>
  <level>INFO</level>
  <class>com.kms.katalon.core.logging.XmlKeywordLogger</class>
  <method>logMessage</method>
  <thread>1</thread>
  <message>(Default) zip = </message>
  <nestedLevel>1</nestedLevel>
</record>
<record>
  <date>2019-11-25T18:20:03</date>
  <millis>1574686203503</millis>
  <sequence>14</sequence>
  <level>START</level>
  <class>com.kms.katalon.core.logging.XmlKeywordLogger</class>
  <method>startKeyword</method>
  <thread>1</thread>
  <message>Start listener action : sampleBeforeTestCase</message>
  <nestedLevel>1</nestedLevel>
</record>
<record>
  <date>2019-11-25T18:20:03</date>
  <millis>1574686203651</millis>
  <sequence>16</sequence>
  <level>START</level>
  <class>com.kms.katalon.core.logging.XmlKeywordLogger</class>
  <method>startKeyword</method>
  <thread>1</thread>
  <message>Start action : println(testCaseContext.getTestCaseId())</message>
  <nestedLevel>1</nestedLevel>
  <property name="startLine">32</property>
  <property name="stepIndex">1</property>
</record>
<record>
  <date>2019-11-25T18:20:03</date>
  <millis>1574686203672</millis>
  <sequence>17</sequence>
  <level>END</level>
  <class>com.kms.katalon.core.logging.XmlKeywordLogger</class>
  <method>endKeyword</method>
  <thread>1</thread>
  <message>End action : println(testCaseContext.getTestCaseId())</message>
  <nestedLevel>1</nestedLevel>
</record>
<record>
  <date>2019-11-25T18:20:03</date>
  <millis>1574686203673</millis>
  <sequence>18</sequence>
  <level>START</level>
  <class>com.kms.katalon.core.logging.XmlKeywordLogger</class>
  <method>startKeyword</method>
  <thread>1</thread>
  <message>Start action : println(testCaseContext.getTestCaseVariables())</message>
  <nestedLevel>1</nestedLevel>
  <property name="startLine">33</property>
  <property name="stepIndex">2</property>
</record>
<record>
  <date>2019-11-25T18:20:03</date>
  <millis>1574686203678</millis>
  <sequence>20</sequence>
  <level>END</level>
  <class>com.kms.katalon.core.logging.XmlKeywordLogger</class>
  <method>endKeyword</method>
  <thread>1</thread>
  <message>End action : println(testCaseContext.getTestCaseVariables())</message>
  <nestedLevel>1</nestedLevel>
</record>
<record>
  <date>2019-11-25T18:20:03</date>
  <millis>1574686203678</millis>
  <sequence>21</sequence>
  <level>END</level>
  <class>com.kms.katalon.core.logging.XmlKeywordLogger</class>
  <method>endKeyword</method>
  <thread>1</thread>
  <message>End listener action : sampleBeforeTestCase</message>
  <nestedLevel>1</nestedLevel>
</record>
<record>
  <date>2019-11-25T18:20:04</date>
  <millis>1574686204327</millis>
  <sequence>22</sequence>
  <level>START</level>
  <class>com.kms.katalon.core.logging.XmlKeywordLogger</class>
  <method>startKeyword</method>
  <thread>1</thread>
  <message>Start action : openBrowser(\&amp;quot;\&amp;quot;)</message>
  <nestedLevel>1</nestedLevel>
  <property name="startLine">14</property>
  <property name="stepIndex">1</property>
</record>
<record>
  <date>2019-11-25T18:20:05</date>
  <millis>1574686205061</millis>
  <sequence>24</sequence>
  <level>INFO</level>
  <class>com.kms.katalon.core.logging.XmlKeywordLogger</class>
  <method>logMessage</method>
  <thread>1</thread>
  <message>Starting &amp;apos;Chrome&amp;apos; driver</message>
  <nestedLevel>1</nestedLevel>
</record>
<record>
  <date>2019-11-25T18:20:05</date>
  <millis>1574686205111</millis>
  <sequence>25</sequence>
  <level>INFO</level>
  <class>com.kms.katalon.core.logging.XmlKeywordLogger</class>
  <method>logMessage</method>
  <thread>1</thread>
  <message>User set preference: [&amp;apos;args&amp;apos;, &amp;apos;[--use-fake-ui-for-media-stream, --start-maximized]&amp;apos;]</message>
  <nestedLevel>1</nestedLevel>
</record>
<record>
  <date>2019-11-25T18:20:05</date>
  <millis>1574686205188</millis>
  <sequence>26</sequence>
  <level>INFO</level>
  <class>com.kms.katalon.core.logging.XmlKeywordLogger</class>
  <method>logMessage</method>
  <thread>1</thread>
  <message>Action delay is set to 0 seconds</message>
  <nestedLevel>1</nestedLevel>
</record>
<record>
  <date>2019-11-25T18:20:09</date>
  <millis>1574686209696</millis>
  <sequence>28</sequence>
  <level>RUN_DATA</level>
  <class>com.kms.katalon.core.logging.XmlKeywordLogger</class>
  <method>logMessage</method>
  <thread>1</thread>
  <message>sessionId = fa37a6b0e965fda10b130ff191922614</message>
  <nestedLevel>1</nestedLevel>
  <property name="sessionId">fa37a6b0e965fda10b130ff191922614</property>
</record>
<record>
  <date>2019-11-25T18:20:09</date>
  <millis>1574686209732</millis>
  <sequence>29</sequence>
  <level>RUN_DATA</level>
  <class>com.kms.katalon.core.logging.XmlKeywordLogger</class>
  <method>logMessage</method>
  <thread>1</thread>
  <message>browser = Chrome 78.0.3904.108</message>
  <nestedLevel>1</nestedLevel>
  <property name="browser">Chrome 78.0.3904.108</property>
</record>
<record>
  <date>2019-11-25T18:20:09</date>
  <millis>1574686209733</millis>
  <sequence>30</sequence>
  <level>RUN_DATA</level>
  <class>com.kms.katalon.core.logging.XmlKeywordLogger</class>
  <method>logMessage</method>
  <thread>1</thread>
  <message>platform = Windows 8.1</message>
  <nestedLevel>1</nestedLevel>
  <property name="platform">Windows 8.1</property>
</record>
<record>
  <date>2019-11-25T18:20:09</date>
  <millis>1574686209739</millis>
  <sequence>31</sequence>
  <level>RUN_DATA</level>
  <class>com.kms.katalon.core.logging.XmlKeywordLogger</class>
  <method>logMessage</method>
  <thread>1</thread>
  <message>seleniumVersion = 3.7.1</message>
  <nestedLevel>1</nestedLevel>
  <property name="seleniumVersion">3.7.1</property>
</record>
<record>
  <date>2019-11-25T18:20:09</date>
  <millis>1574686209740</millis>
  <sequence>32</sequence>
  <level>RUN_DATA</level>
  <class>com.kms.katalon.core.logging.XmlKeywordLogger</class>
  <method>logMessage</method>
  <thread>1</thread>
  <message>proxyInformation = ProxyInformation{proxyOption=NO_PROXY, proxyServerType=HTTP, password=, proxyServerAddress=, proxyServerPort=0}</message>
  <nestedLevel>1</nestedLevel>
  <property name="proxyInformation">ProxyInformation{proxyOption=NO_PROXY, proxyServerType=HTTP, password=, proxyServerAddress=, proxyServerPort=0}</property>
</record>
<record>
  <date>2019-11-25T18:20:09</date>
  <millis>1574686209742</millis>
  <sequence>33</sequence>
  <level>PASSED</level>
  <class>com.kms.katalon.core.logging.XmlKeywordLogger</class>
  <method>logMessage</method>
  <thread>1</thread>
  <message>Browser is opened with url: &amp;apos;&amp;apos;</message>
  <nestedLevel>1</nestedLevel>
</record>
<record>
  <date>2019-11-25T18:20:09</date>
  <millis>1574686209743</millis>
  <sequence>34</sequence>
  <level>END</level>
  <class>com.kms.katalon.core.logging.XmlKeywordLogger</class>
  <method>endKeyword</method>
  <thread>1</thread>
  <message>End action : openBrowser(\&amp;quot;\&amp;quot;)</message>
  <nestedLevel>1</nestedLevel>
</record>
<record>
  <date>2019-11-25T18:20:09</date>
  <millis>1574686209744</millis>
  <sequence>35</sequence>
  <level>START</level>
  <class>com.kms.katalon.core.logging.XmlKeywordLogger</class>
  <method>startKeyword</method>
  <thread>1</thread>
  <message>Start action : callTestCase(findTestCase(\&amp;quot;TestCaseUtilities/backOfficeLogin\&amp;quot;), [\&amp;quot;BOURL\&amp;quot;:\&amp;quot;\&amp;quot;, \&amp;quot;BOuser\&amp;quot;:\&amp;quot;\&amp;quot;, \&amp;quot;BOpass\&amp;quot;:\&amp;quot;\&amp;quot;], STOP_ON_FAILURE)</message>
  <nestedLevel>1</nestedLevel>
  <property name="startLine">16</property>
  <property name="stepIndex">2</property>
</record>
<record>
  <date>2019-11-25T18:20:09</date>
  <millis>1574686209895</millis>
  <sequence>38</sequence>
  <level>START</level>
  <class>com.kms.katalon.core.logging.XmlKeywordLogger</class>
  <method>startTest</method>
  <thread>1</thread>
  <message>Start Test Case : Test Cases/TestCaseUtilities/backOfficeLogin</message>
  <nestedLevel>2</nestedLevel>
  <property name="name">Test Cases/TestCaseUtilities/backOfficeLogin</property>
  <property name="description"></property>
  <property name="id">Test Cases/TestCaseUtilities/backOfficeLogin</property>
  <property name="source">C:\\Users\\user\\Documents\\testautomation\\KatalonProjects\\Test Cases\\TestCaseUtilities\\backOfficeLogin.tc</property>
  <property name="isOptional">false</property>
</record>
<record>
  <date>2019-11-25T18:20:09</date>
  <millis>1574686209914</millis>
  <sequence>40</sequence>
  <level>INFO</level>
  <class>com.kms.katalon.core.logging.XmlKeywordLogger</class>
  <method>logMessage</method>
  <thread>1</thread>
  <message>BOURL = </message>
  <nestedLevel>2</nestedLevel>
</record>
<record>
  <date>2019-11-25T18:20:09</date>
  <millis>1574686209914</millis>
  <sequence>41</sequence>
  <level>INFO</level>
  <class>com.kms.katalon.core.logging.XmlKeywordLogger</class>
  <method>logMessage</method>
  <thread>1</thread>
  <message>BOuser = </message>
  <nestedLevel>2</nestedLevel>
</record>
<record>
  <date>2019-11-25T18:20:09</date>
  <millis>1574686209915</millis>
  <sequence>42</sequence>
  <level>INFO</level>
  <class>com.kms.katalon.core.logging.XmlKeywordLogger</class>
  <method>logMessage</method>
  <thread>1</thread>
  <message>BOpass = </message>
  <nestedLevel>2</nestedLevel>
</record>
<record>
  <date>2019-11-25T18:20:10</date>
  <millis>1574686210337</millis>
  <sequence>43</sequence>
  <level>START</level>
  <class>com.kms.katalon.core.logging.XmlKeywordLogger</class>
  <method>startKeyword</method>
  <thread>1</thread>
  <message>Start action : BOURL = findTestData(\&amp;quot;envtData\&amp;quot;).getValue(\&amp;quot;BOURL\&amp;quot;, 1)</message>
  <nestedLevel>1</nestedLevel>
  <property name="startLine">14</property>
  <property name="stepIndex">1</property>
</record>
<record>
  <date>2019-11-25T18:20:12</date>
  <millis>1574686212082</millis>
  <sequence>48</sequence>
  <level>END</level>
  <class>com.kms.katalon.core.logging.XmlKeywordLogger</class>
  <method>endKeyword</method>
  <thread>1</thread>
  <message>End action : BOURL = findTestData(\&amp;quot;envtData\&amp;quot;).getValue(\&amp;quot;BOURL\&amp;quot;, 1)</message>
  <nestedLevel>1</nestedLevel>
</record>
<record>
  <date>2019-11-25T18:20:12</date>
  <millis>1574686212083</millis>
  <sequence>49</sequence>
  <level>START</level>
  <class>com.kms.katalon.core.logging.XmlKeywordLogger</class>
  <method>startKeyword</method>
  <thread>1</thread>
  <message>Start action : BOuser = findTestData(\&amp;quot;credData\&amp;quot;).getValue(\&amp;quot;BOuser\&amp;quot;, 1)</message>
  <nestedLevel>1</nestedLevel>
  <property name="startLine">15</property>
  <property name="stepIndex">2</property>
</record>
<record>
  <date>2019-11-25T18:20:12</date>
  <millis>1574686212188</millis>
  <sequence>54</sequence>
  <level>END</level>
  <class>com.kms.katalon.core.logging.XmlKeywordLogger</class>
  <method>endKeyword</method>
  <thread>1</thread>
  <message>End action : BOuser = findTestData(\&amp;quot;credData\&amp;quot;).getValue(\&amp;quot;BOuser\&amp;quot;, 1)</message>
  <nestedLevel>1</nestedLevel>
</record>
<record>
  <date>2019-11-25T18:20:12</date>
  <millis>1574686212189</millis>
  <sequence>55</sequence>
  <level>START</level>
  <class>com.kms.katalon.core.logging.XmlKeywordLogger</class>
  <method>startKeyword</method>
  <thread>1</thread>
  <message>Start action : BOpass = findTestData(\&amp;quot;credData\&amp;quot;).getValue(\&amp;quot;BOpass\&amp;quot;, 1)</message>
  <nestedLevel>1</nestedLevel>
  <property name="startLine">16</property>
  <property name="stepIndex">3</property>
</record>
<record>
  <date>2019-11-25T18:20:12</date>
  <millis>1574686212256</millis>
  <sequence>60</sequence>
  <level>END</level>
  <class>com.kms.katalon.core.logging.XmlKeywordLogger</class>
  <method>endKeyword</method>
  <thread>1</thread>
  <message>End action : BOpass = findTestData(\&amp;quot;credData\&amp;quot;).getValue(\&amp;quot;BOpass\&amp;quot;, 1)</message>
  <nestedLevel>1</nestedLevel>
</record>
<record>
  <date>2019-11-25T18:20:12</date>
  <millis>1574686212257</millis>
  <sequence>61</sequence>
  <level>START</level>
  <class>com.kms.katalon.core.logging.XmlKeywordLogger</class>
  <method>startKeyword</method>
  <thread>1</thread>
  <message>Start action : openBrowser(\&amp;quot;\&amp;quot;)</message>
  <nestedLevel>1</nestedLevel>
  <property name="startLine">18</property>
  <property name="stepIndex">4</property>
</record>
<record>
  <date>2019-11-25T18:20:12</date>
  <millis>1574686212267</millis>
  <sequence>63</sequence>
  <level>WARNING</level>
  <class>com.kms.katalon.core.logging.XmlKeywordLogger</class>
  <method>logMessage</method>
  <thread>1</thread>
  <message>A browser is already opened. Closing browser and opening a new one</message>
  <nestedLevel>2</nestedLevel>
</record>
<record>
  <date>2019-11-25T18:20:13</date>
  <millis>1574686213164</millis>
  <sequence>64</sequence>
  <level>INFO</level>
  <class>com.kms.katalon.core.logging.XmlKeywordLogger</class>
  <method>logMessage</method>
  <thread>1</thread>
  <message>Starting &amp;apos;Chrome&amp;apos; driver</message>
  <nestedLevel>2</nestedLevel>
</record>
<record>
  <date>2019-11-25T18:20:13</date>
  <millis>1574686213166</millis>
  <sequence>65</sequence>
  <level>INFO</level>
  <class>com.kms.katalon.core.logging.XmlKeywordLogger</class>
  <method>logMessage</method>
  <thread>1</thread>
  <message>User set preference: [&amp;apos;args&amp;apos;, &amp;apos;[--use-fake-ui-for-media-stream, --start-maximized]&amp;apos;]</message>
  <nestedLevel>2</nestedLevel>
</record>
<record>
  <date>2019-11-25T18:20:15</date>
  <millis>1574686215392</millis>
  <sequence>67</sequence>
  <level>RUN_DATA</level>
  <class>com.kms.katalon.core.logging.XmlKeywordLogger</class>
  <method>logMessage</method>
  <thread>1</thread>
  <message>sessionId = 228e5d940546bbd6fb45a24c44b8c3b4</message>
  <nestedLevel>2</nestedLevel>
  <property name="sessionId">228e5d940546bbd6fb45a24c44b8c3b4</property>
</record>
<record>
  <date>2019-11-25T18:20:15</date>
  <millis>1574686215410</millis>
  <sequence>68</sequence>
  <level>RUN_DATA</level>
  <class>com.kms.katalon.core.logging.XmlKeywordLogger</class>
  <method>logMessage</method>
  <thread>1</thread>
  <message>browser = Chrome 78.0.3904.108</message>
  <nestedLevel>2</nestedLevel>
  <property name="browser">Chrome 78.0.3904.108</property>
</record>
<record>
  <date>2019-11-25T18:20:15</date>
  <millis>1574686215412</millis>
  <sequence>69</sequence>
  <level>RUN_DATA</level>
  <class>com.kms.katalon.core.logging.XmlKeywordLogger</class>
  <method>logMessage</method>
  <thread>1</thread>
  <message>platform = Windows 8.1</message>
  <nestedLevel>2</nestedLevel>
  <property name="platform">Windows 8.1</property>
</record>
<record>
  <date>2019-11-25T18:20:15</date>
  <millis>1574686215413</millis>
  <sequence>70</sequence>
  <level>RUN_DATA</level>
  <class>com.kms.katalon.core.logging.XmlKeywordLogger</class>
  <method>logMessage</method>
  <thread>1</thread>
  <message>seleniumVersion = 3.7.1</message>
  <nestedLevel>2</nestedLevel>
  <property name="seleniumVersion">3.7.1</property>
</record>
<record>
  <date>2019-11-25T18:20:15</date>
  <millis>1574686215415</millis>
  <sequence>71</sequence>
  <level>RUN_DATA</level>
  <class>com.kms.katalon.core.logging.XmlKeywordLogger</class>
  <method>logMessage</method>
  <thread>1</thread>
  <message>proxyInformation = ProxyInformation{proxyOption=NO_PROXY, proxyServerType=HTTP, password=, proxyServerAddress=, proxyServerPort=0}</message>
  <nestedLevel>2</nestedLevel>
  <property name="proxyInformation">ProxyInformation{proxyOption=NO_PROXY, proxyServerType=HTTP, password=, proxyServerAddress=, proxyServerPort=0}</property>
</record>
<record>
  <date>2019-11-25T18:20:15</date>
  <millis>1574686215416</millis>
  <sequence>72</sequence>
  <level>PASSED</level>
  <class>com.kms.katalon.core.logging.XmlKeywordLogger</class>
  <method>logMessage</method>
  <thread>1</thread>
  <message>Browser is opened with url: &amp;apos;&amp;apos;</message>
  <nestedLevel>2</nestedLevel>
</record>
<record>
  <date>2019-11-25T18:20:15</date>
  <millis>1574686215417</millis>
  <sequence>73</sequence>
  <level>END</level>
  <class>com.kms.katalon.core.logging.XmlKeywordLogger</class>
  <method>endKeyword</method>
  <thread>1</thread>
  <message>End action : openBrowser(\&amp;quot;\&amp;quot;)</message>
  <nestedLevel>1</nestedLevel>
</record>
<record>
  <date>2019-11-25T18:20:15</date>
  <millis>1574686215417</millis>
  <sequence>74</sequence>
  <level>START</level>
  <class>com.kms.katalon.core.logging.XmlKeywordLogger</class>
  <method>startKeyword</method>
  <thread>1</thread>
  <message>Start action : navigateToUrl(BOURL)</message>
  <nestedLevel>1</nestedLevel>
  <property name="startLine">22</property>
  <property name="stepIndex">5</property>
</record>
<record>
  <date>2019-11-25T18:20:23</date>
  <millis>1574686223154</millis>
  <sequence>77</sequence>
  <level>PASSED</level>
  <class>com.kms.katalon.core.logging.XmlKeywordLogger</class>
  <method>logMessage</method>
  <thread>1</thread>
  <message>Navigate to &amp;apos;https://test18.cliotest.com/backoffice/control/main&amp;apos; successfully</message>
  <nestedLevel>2</nestedLevel>
</record>
<record>
  <date>2019-11-25T18:20:23</date>
  <millis>1574686223158</millis>
  <sequence>78</sequence>
  <level>END</level>
  <class>com.kms.katalon.core.logging.XmlKeywordLogger</class>
  <method>endKeyword</method>
  <thread>1</thread>
  <message>End action : navigateToUrl(BOURL)</message>
  <nestedLevel>1</nestedLevel>
</record>
<record>
  <date>2019-11-25T18:20:23</date>
  <millis>1574686223158</millis>
  <sequence>79</sequence>
  <level>START</level>
  <class>com.kms.katalon.core.logging.XmlKeywordLogger</class>
  <method>startKeyword</method>
  <thread>1</thread>
  <message>Start action : logOut = findWebElements(findTestObject(\&amp;quot;Object Repository/Page_cabi Home/log_out\&amp;quot;), 1)</message>
  <nestedLevel>1</nestedLevel>
  <property name="startLine">24</property>
  <property name="stepIndex">6</property>
</record>
<record>
  <date>2019-11-25T18:20:24</date>
  <millis>1574686224265</millis>
  <sequence>83</sequence>
  <level>INFO</level>
  <class>com.kms.katalon.core.logging.XmlKeywordLogger</class>
  <method>logMessage</method>
  <thread>1</thread>
  <message>Unable to find the element located by &amp;apos;By.xpath: //a[contains(text(),&amp;apos;Log Out&amp;apos;)]&amp;apos;. Please recheck the objects properties to make sure the desired element is located. </message>
  <nestedLevel>2</nestedLevel>
</record>
<record>
  <date>2019-11-25T18:20:24</date>
  <millis>1574686224269</millis>
  <sequence>84</sequence>
  <level>END</level>
  <class>com.kms.katalon.core.logging.XmlKeywordLogger</class>
  <method>endKeyword</method>
  <thread>1</thread>
  <message>End action : logOut = findWebElements(findTestObject(\&amp;quot;Object Repository/Page_cabi Home/log_out\&amp;quot;), 1)</message>
  <nestedLevel>1</nestedLevel>
</record>
<record>
  <date>2019-11-25T18:20:24</date>
  <millis>1574686224269</millis>
  <sequence>85</sequence>
  <level>START</level>
  <class>com.kms.katalon.core.logging.XmlKeywordLogger</class>
  <method>startKeyword</method>
  <thread>1</thread>
  <message>Start action : if (logOut.size() == 0)</message>
  <nestedLevel>1</nestedLevel>
  <property name="startLine">27</property>
  <property name="stepIndex">7</property>
</record>
<record>
  <date>2019-11-25T18:20:24</date>
  <millis>1574686224281</millis>
  <sequence>86</sequence>
  <level>START</level>
  <class>com.kms.katalon.core.logging.XmlKeywordLogger</class>
  <method>startKeyword</method>
  <thread>1</thread>
  <message>Start action : setText(findTestObject(\&amp;quot;Page_cabi/input_Welcome to_USERNAME\&amp;quot;), BOuser)</message>
  <nestedLevel>2</nestedLevel>
  <property name="startLine">31</property>
  <property name="stepIndex">1</property>
</record>
<record>
  <date>2019-11-25T18:20:24</date>
  <millis>1574686224551</millis>
  <sequence>95</sequence>
  <level>PASSED</level>
  <class>com.kms.katalon.core.logging.XmlKeywordLogger</class>
  <method>logMessage</method>
  <thread>1</thread>
  <message>Text &amp;apos;400000002&amp;apos; is set on object &amp;apos;Object Repository/Page_cabi/input_Welcome to_USERNAME&amp;apos;</message>
  <nestedLevel>2</nestedLevel>
</record>
<record>
  <date>2019-11-25T18:20:24</date>
  <millis>1574686224551</millis>
  <sequence>96</sequence>
  <level>END</level>
  <class>com.kms.katalon.core.logging.XmlKeywordLogger</class>
  <method>endKeyword</method>
  <thread>1</thread>
  <message>End action : setText(findTestObject(\&amp;quot;Page_cabi/input_Welcome to_USERNAME\&amp;quot;), BOuser)</message>
  <nestedLevel>2</nestedLevel>
</record>
<record>
  <date>2019-11-25T18:20:24</date>
  <millis>1574686224552</millis>
  <sequence>97</sequence>
  <level>START</level>
  <class>com.kms.katalon.core.logging.XmlKeywordLogger</class>
  <method>startKeyword</method>
  <thread>1</thread>
  <message>Start action : setText(findTestObject(\&amp;quot;Object Repository/Page_cabi/input_Welcome to_PASSWORD\&amp;quot;), BOpass)</message>
  <nestedLevel>2</nestedLevel>
  <property name="startLine">33</property>
  <property name="stepIndex">2</property>
</record>
<record>
  <date>2019-11-25T18:20:24</date>
  <millis>1574686224844</millis>
  <sequence>106</sequence>
  <level>PASSED</level>
  <class>com.kms.katalon.core.logging.XmlKeywordLogger</class>
  <method>logMessage</method>
  <thread>1</thread>
  <message>Text &amp;apos;blackdress19&amp;apos; is set on object &amp;apos;Object Repository/Page_cabi/input_Welcome to_PASSWORD&amp;apos;</message>
  <nestedLevel>2</nestedLevel>
</record>
<record>
  <date>2019-11-25T18:20:24</date>
  <millis>1574686224845</millis>
  <sequence>107</sequence>
  <level>END</level>
  <class>com.kms.katalon.core.logging.XmlKeywordLogger</class>
  <method>endKeyword</method>
  <thread>1</thread>
  <message>End action : setText(findTestObject(\&amp;quot;Object Repository/Page_cabi/input_Welcome to_PASSWORD\&amp;quot;), BOpass)</message>
  <nestedLevel>2</nestedLevel>
</record>
<record>
  <date>2019-11-25T18:20:24</date>
  <millis>1574686224846</millis>
  <sequence>108</sequence>
  <level>START</level>
  <class>com.kms.katalon.core.logging.XmlKeywordLogger</class>
  <method>startKeyword</method>
  <thread>1</thread>
  <message>Start action : click(findTestObject(\&amp;quot;Object Repository/Page_cabi/input_Welcome to_consultantLogin\&amp;quot;))</message>
  <nestedLevel>2</nestedLevel>
  <property name="startLine">35</property>
  <property name="stepIndex">3</property>
</record>
<record>
  <date>2019-11-25T18:20:34</date>
  <millis>1574686234443</millis>
  <sequence>115</sequence>
  <level>PASSED</level>
  <class>com.kms.katalon.core.logging.XmlKeywordLogger</class>
  <method>logMessage</method>
  <thread>1</thread>
  <message>Object: &amp;apos;Object Repository/Page_cabi/input_Welcome to_consultantLogin&amp;apos; is clicked on</message>
  <nestedLevel>2</nestedLevel>
</record>
<record>
  <date>2019-11-25T18:20:34</date>
  <millis>1574686234444</millis>
  <sequence>116</sequence>
  <level>END</level>
  <class>com.kms.katalon.core.logging.XmlKeywordLogger</class>
  <method>endKeyword</method>
  <thread>1</thread>
  <message>End action : click(findTestObject(\&amp;quot;Object Repository/Page_cabi/input_Welcome to_consultantLogin\&amp;quot;))</message>
  <nestedLevel>2</nestedLevel>
</record>
<record>
  <date>2019-11-25T18:20:34</date>
  <millis>1574686234445</millis>
  <sequence>117</sequence>
  <level>END</level>
  <class>com.kms.katalon.core.logging.XmlKeywordLogger</class>
  <method>endKeyword</method>
  <thread>1</thread>
  <message>End action : if (logOut.size() == 0)</message>
  <nestedLevel>1</nestedLevel>
</record>
<record>
  <date>2019-11-25T18:20:34</date>
  <millis>1574686234445</millis>
  <sequence>118</sequence>
  <level>START</level>
  <class>com.kms.katalon.core.logging.XmlKeywordLogger</class>
  <method>startKeyword</method>
  <thread>1</thread>
  <message>Start action : delay(3)</message>
  <nestedLevel>1</nestedLevel>
  <property name="startLine">41</property>
  <property name="stepIndex">8</property>
</record>
<record>
  <date>2019-11-25T18:20:37</date>
  <millis>1574686237458</millis>
  <sequence>120</sequence>
  <level>PASSED</level>
  <class>com.kms.katalon.core.logging.XmlKeywordLogger</class>
  <method>logMessage</method>
  <thread>1</thread>
  <message>Delayed 3 second(s)</message>
  <nestedLevel>2</nestedLevel>
</record>
<record>
  <date>2019-11-25T18:20:37</date>
  <millis>1574686237459</millis>
  <sequence>121</sequence>
  <level>END</level>
  <class>com.kms.katalon.core.logging.XmlKeywordLogger</class>
  <method>endKeyword</method>
  <thread>1</thread>
  <message>End action : delay(3)</message>
  <nestedLevel>1</nestedLevel>
</record>
<record>
  <date>2019-11-25T18:20:37</date>
  <millis>1574686237460</millis>
  <sequence>122</sequence>
  <level>PASSED</level>
  <class>com.kms.katalon.core.logging.XmlKeywordLogger</class>
  <method>logMessage</method>
  <thread>1</thread>
  <message>Test Cases/TestCaseUtilities/backOfficeLogin</message>
  <nestedLevel>2</nestedLevel>
</record>
<record>
  <date>2019-11-25T18:20:37</date>
  <millis>1574686237460</millis>
  <sequence>123</sequence>
  <level>END</level>
  <class>com.kms.katalon.core.logging.XmlKeywordLogger</class>
  <method>endTest</method>
  <thread>1</thread>
  <message>End Test Case : Test Cases/TestCaseUtilities/backOfficeLogin</message>
  <nestedLevel>1</nestedLevel>
</record>
<record>
  <date>2019-11-25T18:20:37</date>
  <millis>1574686237470</millis>
  <sequence>124</sequence>
  <level>PASSED</level>
  <class>com.kms.katalon.core.logging.XmlKeywordLogger</class>
  <method>logMessage</method>
  <thread>1</thread>
  <message>Call Test Case &amp;apos;Test Cases/TestCaseUtilities/backOfficeLogin&amp;apos; successfully</message>
  <nestedLevel>1</nestedLevel>
</record>
<record>
  <date>2019-11-25T18:20:37</date>
  <millis>1574686237471</millis>
  <sequence>125</sequence>
  <level>END</level>
  <class>com.kms.katalon.core.logging.XmlKeywordLogger</class>
  <method>endKeyword</method>
  <thread>1</thread>
  <message>End action : callTestCase(findTestCase(\&amp;quot;TestCaseUtilities/backOfficeLogin\&amp;quot;), [\&amp;quot;BOURL\&amp;quot;:\&amp;quot;\&amp;quot;, \&amp;quot;BOuser\&amp;quot;:\&amp;quot;\&amp;quot;, \&amp;quot;BOpass\&amp;quot;:\&amp;quot;\&amp;quot;], STOP_ON_FAILURE)</message>
  <nestedLevel>1</nestedLevel>
</record>
<record>
  <date>2019-11-25T18:20:37</date>
  <millis>1574686237472</millis>
  <sequence>126</sequence>
  <level>START</level>
  <class>com.kms.katalon.core.logging.XmlKeywordLogger</class>
  <method>startKeyword</method>
  <thread>1</thread>
  <message>Start action : noOfContacts = findTestData(\&amp;quot;contactData\&amp;quot;).getRowNumbers()</message>
  <nestedLevel>1</nestedLevel>
  <property name="startLine">17</property>
  <property name="stepIndex">3</property>
</record>
<record>
  <date>2019-11-25T18:20:37</date>
  <millis>1574686237544</millis>
  <sequence>131</sequence>
  <level>END</level>
  <class>com.kms.katalon.core.logging.XmlKeywordLogger</class>
  <method>endKeyword</method>
  <thread>1</thread>
  <message>End action : noOfContacts = findTestData(\&amp;quot;contactData\&amp;quot;).getRowNumbers()</message>
  <nestedLevel>1</nestedLevel>
</record>
<record>
  <date>2019-11-25T18:20:37</date>
  <millis>1574686237544</millis>
  <sequence>132</sequence>
  <level>START</level>
  <class>com.kms.katalon.core.logging.XmlKeywordLogger</class>
  <method>startKeyword</method>
  <thread>1</thread>
  <message>Start action : for ([row = 1, row &amp;lt;= noOfContacts, (row++)])</message>
  <nestedLevel>1</nestedLevel>
  <property name="startLine">18</property>
  <property name="stepIndex">4</property>
</record>
<record>
  <date>2019-11-25T18:20:37</date>
  <millis>1574686237546</millis>
  <sequence>133</sequence>
  <level>START</level>
  <class>com.kms.katalon.core.logging.XmlKeywordLogger</class>
  <method>startKeyword</method>
  <thread>1</thread>
  <message>Start action : println(noOfContacts)</message>
  <nestedLevel>2</nestedLevel>
  <property name="startLine">19</property>
  <property name="stepIndex">1</property>
</record>
<record>
  <date>2019-11-25T18:20:37</date>
  <millis>1574686237550</millis>
  <sequence>134</sequence>
  <level>END</level>
  <class>com.kms.katalon.core.logging.XmlKeywordLogger</class>
  <method>endKeyword</method>
  <thread>1</thread>
  <message>End action : println(noOfContacts)</message>
  <nestedLevel>2</nestedLevel>
</record>
<record>
  <date>2019-11-25T18:20:37</date>
  <millis>1574686237551</millis>
  <sequence>135</sequence>
  <level>START</level>
  <class>com.kms.katalon.core.logging.XmlKeywordLogger</class>
  <method>startKeyword</method>
  <thread>1</thread>
  <message>Start action : firstName = findTestData(\&amp;quot;contactData\&amp;quot;).getValue(\&amp;quot;firstName\&amp;quot;, row)</message>
  <nestedLevel>2</nestedLevel>
  <property name="startLine">21</property>
  <property name="stepIndex">2</property>
</record>
<record>
  <date>2019-11-25T18:20:37</date>
  <millis>1574686237642</millis>
  <sequence>140</sequence>
  <level>END</level>
  <class>com.kms.katalon.core.logging.XmlKeywordLogger</class>
  <method>endKeyword</method>
  <thread>1</thread>
  <message>End action : firstName = findTestData(\&amp;quot;contactData\&amp;quot;).getValue(\&amp;quot;firstName\&amp;quot;, row)</message>
  <nestedLevel>2</nestedLevel>
</record>
<record>
  <date>2019-11-25T18:20:37</date>
  <millis>1574686237649</millis>
  <sequence>141</sequence>
  <level>START</level>
  <class>com.kms.katalon.core.logging.XmlKeywordLogger</class>
  <method>startKeyword</method>
  <thread>1</thread>
  <message>Start action : lastName = findTestData(\&amp;quot;contactData\&amp;quot;).getValue(\&amp;quot;lastName\&amp;quot;, row)</message>
  <nestedLevel>2</nestedLevel>
  <property name="startLine">23</property>
  <property name="stepIndex">3</property>
</record>
<record>
  <date>2019-11-25T18:20:37</date>
  <millis>1574686237718</millis>
  <sequence>146</sequence>
  <level>END</level>
  <class>com.kms.katalon.core.logging.XmlKeywordLogger</class>
  <method>endKeyword</method>
  <thread>1</thread>
  <message>End action : lastName = findTestData(\&amp;quot;contactData\&amp;quot;).getValue(\&amp;quot;lastName\&amp;quot;, row)</message>
  <nestedLevel>2</nestedLevel>
</record>
<record>
  <date>2019-11-25T18:20:37</date>
  <millis>1574686237718</millis>
  <sequence>147</sequence>
  <level>START</level>
  <class>com.kms.katalon.core.logging.XmlKeywordLogger</class>
  <method>startKeyword</method>
  <thread>1</thread>
  <message>Start action : email = findTestData(\&amp;quot;contactData\&amp;quot;).getValue(\&amp;quot;email\&amp;quot;, row)</message>
  <nestedLevel>2</nestedLevel>
  <property name="startLine">25</property>
  <property name="stepIndex">4</property>
</record>
<record>
  <date>2019-11-25T18:20:37</date>
  <millis>1574686237841</millis>
  <sequence>152</sequence>
  <level>END</level>
  <class>com.kms.katalon.core.logging.XmlKeywordLogger</class>
  <method>endKeyword</method>
  <thread>1</thread>
  <message>End action : email = findTestData(\&amp;quot;contactData\&amp;quot;).getValue(\&amp;quot;email\&amp;quot;, row)</message>
  <nestedLevel>2</nestedLevel>
</record>
<record>
  <date>2019-11-25T18:20:37</date>
  <millis>1574686237842</millis>
  <sequence>153</sequence>
  <level>START</level>
  <class>com.kms.katalon.core.logging.XmlKeywordLogger</class>
  <method>startKeyword</method>
  <thread>1</thread>
  <message>Start action : address1 = findTestData(\&amp;quot;contactData\&amp;quot;).getValue(\&amp;quot;address1\&amp;quot;, row)</message>
  <nestedLevel>2</nestedLevel>
  <property name="startLine">27</property>
  <property name="stepIndex">5</property>
</record>
<record>
  <date>2019-11-25T18:20:37</date>
  <millis>1574686237993</millis>
  <sequence>158</sequence>
  <level>END</level>
  <class>com.kms.katalon.core.logging.XmlKeywordLogger</class>
  <method>endKeyword</method>
  <thread>1</thread>
  <message>End action : address1 = findTestData(\&amp;quot;contactData\&amp;quot;).getValue(\&amp;quot;address1\&amp;quot;, row)</message>
  <nestedLevel>2</nestedLevel>
</record>
<record>
  <date>2019-11-25T18:20:37</date>
  <millis>1574686237993</millis>
  <sequence>159</sequence>
  <level>START</level>
  <class>com.kms.katalon.core.logging.XmlKeywordLogger</class>
  <method>startKeyword</method>
  <thread>1</thread>
  <message>Start action : city = findTestData(\&amp;quot;contactData\&amp;quot;).getValue(\&amp;quot;city\&amp;quot;, row)</message>
  <nestedLevel>2</nestedLevel>
  <property name="startLine">29</property>
  <property name="stepIndex">6</property>
</record>
<record>
  <date>2019-11-25T18:20:38</date>
  <millis>1574686238068</millis>
  <sequence>164</sequence>
  <level>END</level>
  <class>com.kms.katalon.core.logging.XmlKeywordLogger</class>
  <method>endKeyword</method>
  <thread>1</thread>
  <message>End action : city = findTestData(\&amp;quot;contactData\&amp;quot;).getValue(\&amp;quot;city\&amp;quot;, row)</message>
  <nestedLevel>2</nestedLevel>
</record>
<record>
  <date>2019-11-25T18:20:38</date>
  <millis>1574686238069</millis>
  <sequence>165</sequence>
  <level>START</level>
  <class>com.kms.katalon.core.logging.XmlKeywordLogger</class>
  <method>startKeyword</method>
  <thread>1</thread>
  <message>Start action : state = findTestData(\&amp;quot;contactData\&amp;quot;).getValue(\&amp;quot;state\&amp;quot;, row)</message>
  <nestedLevel>2</nestedLevel>
  <property name="startLine">31</property>
  <property name="stepIndex">7</property>
</record>
<record>
  <date>2019-11-25T18:20:38</date>
  <millis>1574686238114</millis>
  <sequence>170</sequence>
  <level>END</level>
  <class>com.kms.katalon.core.logging.XmlKeywordLogger</class>
  <method>endKeyword</method>
  <thread>1</thread>
  <message>End action : state = findTestData(\&amp;quot;contactData\&amp;quot;).getValue(\&amp;quot;state\&amp;quot;, row)</message>
  <nestedLevel>2</nestedLevel>
</record>
<record>
  <date>2019-11-25T18:20:38</date>
  <millis>1574686238114</millis>
  <sequence>171</sequence>
  <level>START</level>
  <class>com.kms.katalon.core.logging.XmlKeywordLogger</class>
  <method>startKeyword</method>
  <thread>1</thread>
  <message>Start action : zip = findTestData(\&amp;quot;contactData\&amp;quot;).getValue(\&amp;quot;zip\&amp;quot;, row)</message>
  <nestedLevel>2</nestedLevel>
  <property name="startLine">33</property>
  <property name="stepIndex">8</property>
</record>
<record>
  <date>2019-11-25T18:20:38</date>
  <millis>1574686238169</millis>
  <sequence>176</sequence>
  <level>END</level>
  <class>com.kms.katalon.core.logging.XmlKeywordLogger</class>
  <method>endKeyword</method>
  <thread>1</thread>
  <message>End action : zip = findTestData(\&amp;quot;contactData\&amp;quot;).getValue(\&amp;quot;zip\&amp;quot;, row)</message>
  <nestedLevel>2</nestedLevel>
</record>
<record>
  <date>2019-11-25T18:20:38</date>
  <millis>1574686238169</millis>
  <sequence>177</sequence>
  <level>START</level>
  <class>com.kms.katalon.core.logging.XmlKeywordLogger</class>
  <method>startKeyword</method>
  <thread>1</thread>
  <message>Start action : driver = getWebDriver()</message>
  <nestedLevel>2</nestedLevel>
  <property name="startLine">35</property>
  <property name="stepIndex">9</property>
</record>
<record>
  <date>2019-11-25T18:20:38</date>
  <millis>1574686238187</millis>
  <sequence>178</sequence>
  <level>END</level>
  <class>com.kms.katalon.core.logging.XmlKeywordLogger</class>
  <method>endKeyword</method>
  <thread>1</thread>
  <message>End action : driver = getWebDriver()</message>
  <nestedLevel>2</nestedLevel>
</record>
<record>
  <date>2019-11-25T18:20:38</date>
  <millis>1574686238188</millis>
  <sequence>179</sequence>
  <level>START</level>
  <class>com.kms.katalon.core.logging.XmlKeywordLogger</class>
  <method>startKeyword</method>
  <thread>1</thread>
  <message>Start action : executor = driver</message>
  <nestedLevel>2</nestedLevel>
  <property name="startLine">36</property>
  <property name="stepIndex">10</property>
</record>
<record>
  <date>2019-11-25T18:20:38</date>
  <millis>1574686238241</millis>
  <sequence>180</sequence>
  <level>END</level>
  <class>com.kms.katalon.core.logging.XmlKeywordLogger</class>
  <method>endKeyword</method>
  <thread>1</thread>
  <message>End action : executor = driver</message>
  <nestedLevel>2</nestedLevel>
</record>
<record>
  <date>2019-11-25T18:20:38</date>
  <millis>1574686238242</millis>
  <sequence>181</sequence>
  <level>START</level>
  <class>com.kms.katalon.core.logging.XmlKeywordLogger</class>
  <method>startKeyword</method>
  <thread>1</thread>
  <message>Start action : executor.executeScript(\&amp;quot;arguments[0].click();\&amp;quot;, findWebElement(findTestObject(\&amp;quot;Page_cabi Home/a_Contact Manager\&amp;quot;), 5))</message>
  <nestedLevel>2</nestedLevel>
  <property name="startLine">37</property>
  <property name="stepIndex">11</property>
</record>
<record>
  <date>2019-11-25T18:20:44</date>
  <millis>1574686244259</millis>
  <sequence>186</sequence>
  <level>END</level>
  <class>com.kms.katalon.core.logging.XmlKeywordLogger</class>
  <method>endKeyword</method>
  <thread>1</thread>
  <message>End action : executor.executeScript(\&amp;quot;arguments[0].click();\&amp;quot;, findWebElement(findTestObject(\&amp;quot;Page_cabi Home/a_Contact Manager\&amp;quot;), 5))</message>
  <nestedLevel>2</nestedLevel>
</record>
<record>
  <date>2019-11-25T18:20:44</date>
  <millis>1574686244260</millis>
  <sequence>187</sequence>
  <level>START</level>
  <class>com.kms.katalon.core.logging.XmlKeywordLogger</class>
  <method>startKeyword</method>
  <thread>1</thread>
  <message>Start action : space = \&amp;quot; \&amp;quot;</message>
  <nestedLevel>2</nestedLevel>
  <property name="startLine">39</property>
  <property name="stepIndex">12</property>
</record>
<record>
  <date>2019-11-25T18:20:44</date>
  <millis>1574686244260</millis>
  <sequence>188</sequence>
  <level>END</level>
  <class>com.kms.katalon.core.logging.XmlKeywordLogger</class>
  <method>endKeyword</method>
  <thread>1</thread>
  <message>End action : space = \&amp;quot; \&amp;quot;</message>
  <nestedLevel>2</nestedLevel>
</record>
<record>
  <date>2019-11-25T18:20:44</date>
  <millis>1574686244261</millis>
  <sequence>189</sequence>
  <level>START</level>
  <class>com.kms.katalon.core.logging.XmlKeywordLogger</class>
  <method>startKeyword</method>
  <thread>1</thread>
  <message>Start action : fNameLName = $firstName$space$lastName</message>
  <nestedLevel>2</nestedLevel>
  <property name="startLine">41</property>
  <property name="stepIndex">13</property>
</record>
<record>
  <date>2019-11-25T18:20:44</date>
  <millis>1574686244283</millis>
  <sequence>190</sequence>
  <level>END</level>
  <class>com.kms.katalon.core.logging.XmlKeywordLogger</class>
  <method>endKeyword</method>
  <thread>1</thread>
  <message>End action : fNameLName = $firstName$space$lastName</message>
  <nestedLevel>2</nestedLevel>
</record>
<record>
  <date>2019-11-25T18:20:44</date>
  <millis>1574686244283</millis>
  <sequence>191</sequence>
  <level>START</level>
  <class>com.kms.katalon.core.logging.XmlKeywordLogger</class>
  <method>startKeyword</method>
  <thread>1</thread>
  <message>Start action : setText(findTestObject(\&amp;quot;Page_cabi Edit Customer Profile/input_check_contact\&amp;quot;), fNameLName)</message>
  <nestedLevel>2</nestedLevel>
  <property name="startLine">43</property>
  <property name="stepIndex">14</property>
</record>
<record>
  <date>2019-11-25T18:20:45</date>
  <millis>1574686245952</millis>
  <sequence>200</sequence>
  <level>PASSED</level>
  <class>com.kms.katalon.core.logging.XmlKeywordLogger</class>
  <method>logMessage</method>
  <thread>1</thread>
  <message>Text &amp;apos;ahostess-test abc&amp;apos; is set on object &amp;apos;Object Repository/Page_cabi Edit Customer Profile/input_check_contact&amp;apos;</message>
  <nestedLevel>1</nestedLevel>
</record>
<record>
  <date>2019-11-25T18:20:45</date>
  <millis>1574686245953</millis>
  <sequence>201</sequence>
  <level>END</level>
  <class>com.kms.katalon.core.logging.XmlKeywordLogger</class>
  <method>endKeyword</method>
  <thread>1</thread>
  <message>End action : setText(findTestObject(\&amp;quot;Page_cabi Edit Customer Profile/input_check_contact\&amp;quot;), fNameLName)</message>
  <nestedLevel>2</nestedLevel>
</record>
<record>
  <date>2019-11-25T18:20:45</date>
  <millis>1574686245953</millis>
  <sequence>202</sequence>
  <level>START</level>
  <class>com.kms.katalon.core.logging.XmlKeywordLogger</class>
  <method>startKeyword</method>
  <thread>1</thread>
  <message>Start action : delay(2)</message>
  <nestedLevel>2</nestedLevel>
  <property name="startLine">45</property>
  <property name="stepIndex">15</property>
</record>
<record>
  <date>2019-11-25T18:20:47</date>
  <millis>1574686247958</millis>
  <sequence>204</sequence>
  <level>PASSED</level>
  <class>com.kms.katalon.core.logging.XmlKeywordLogger</class>
  <method>logMessage</method>
  <thread>1</thread>
  <message>Delayed 2 second(s)</message>
  <nestedLevel>1</nestedLevel>
</record>
<record>
  <date>2019-11-25T18:20:47</date>
  <millis>1574686247958</millis>
  <sequence>205</sequence>
  <level>END</level>
  <class>com.kms.katalon.core.logging.XmlKeywordLogger</class>
  <method>endKeyword</method>
  <thread>1</thread>
  <message>End action : delay(2)</message>
  <nestedLevel>2</nestedLevel>
</record>
<record>
  <date>2019-11-25T18:20:47</date>
  <millis>1574686247959</millis>
  <sequence>206</sequence>
  <level>START</level>
  <class>com.kms.katalon.core.logging.XmlKeywordLogger</class>
  <method>startKeyword</method>
  <thread>1</thread>
  <message>Start action : contactNotFound = findWebElements(findTestObject(\&amp;quot;Page_cabi/div_contact_not_found\&amp;quot;), 5)</message>
  <nestedLevel>2</nestedLevel>
  <property name="startLine">47</property>
  <property name="stepIndex">16</property>
</record>
<record>
  <date>2019-11-25T18:20:53</date>
  <millis>1574686253140</millis>
  <sequence>210</sequence>
  <level>INFO</level>
  <class>com.kms.katalon.core.logging.XmlKeywordLogger</class>
  <method>logMessage</method>
  <thread>1</thread>
  <message>Unable to find the element located by &amp;apos;By.xpath: //div[@id=&amp;apos;primary-content&amp;apos;]/div[4]/div/div[3]/div[2]/div[2]/div&amp;apos;. Please recheck the objects properties to make sure the desired element is located. </message>
  <nestedLevel>1</nestedLevel>
</record>
<record>
  <date>2019-11-25T18:20:53</date>
  <millis>1574686253142</millis>
  <sequence>211</sequence>
  <level>END</level>
  <class>com.kms.katalon.core.logging.XmlKeywordLogger</class>
  <method>endKeyword</method>
  <thread>1</thread>
  <message>End action : contactNotFound = findWebElements(findTestObject(\&amp;quot;Page_cabi/div_contact_not_found\&amp;quot;), 5)</message>
  <nestedLevel>2</nestedLevel>
</record>
<record>
  <date>2019-11-25T18:20:53</date>
  <millis>1574686253143</millis>
  <sequence>212</sequence>
  <level>START</level>
  <class>com.kms.katalon.core.logging.XmlKeywordLogger</class>
  <method>startKeyword</method>
  <thread>1</thread>
  <message>Start action : if (contactNotFound.size() &amp;gt; 0)</message>
  <nestedLevel>2</nestedLevel>
  <property name="startLine">50</property>
  <property name="stepIndex">17</property>
</record>
<record>
  <date>2019-11-25T18:20:53</date>
  <millis>1574686253147</millis>
  <sequence>213</sequence>
  <level>END</level>
  <class>com.kms.katalon.core.logging.XmlKeywordLogger</class>
  <method>endKeyword</method>
  <thread>1</thread>
  <message>End action : if (contactNotFound.size() &amp;gt; 0)</message>
  <nestedLevel>2</nestedLevel>
</record>
<record>
  <date>2019-11-25T18:20:53</date>
  <millis>1574686253147</millis>
  <sequence>214</sequence>
  <level>START</level>
  <class>com.kms.katalon.core.logging.XmlKeywordLogger</class>
  <method>startKeyword</method>
  <thread>1</thread>
  <message>Start action : else</message>
  <nestedLevel>2</nestedLevel>
  <property name="startLine">100</property>
  <property name="stepIndex">18</property>
</record>
<record>
  <date>2019-11-25T18:20:53</date>
  <millis>1574686253149</millis>
  <sequence>215</sequence>
  <level>START</level>
  <class>com.kms.katalon.core.logging.XmlKeywordLogger</class>
  <method>startKeyword</method>
  <thread>1</thread>
  <message>Start action : println(\&amp;quot;Contact already present.\&amp;quot;)</message>
  <nestedLevel>3</nestedLevel>
  <property name="startLine">101</property>
  <property name="stepIndex">1</property>
</record>
<record>
  <date>2019-11-25T18:20:53</date>
  <millis>1574686253150</millis>
  <sequence>216</sequence>
  <level>END</level>
  <class>com.kms.katalon.core.logging.XmlKeywordLogger</class>
  <method>endKeyword</method>
  <thread>1</thread>
  <message>End action : println(\&amp;quot;Contact already present.\&amp;quot;)</message>
  <nestedLevel>3</nestedLevel>
</record>
<record>
  <date>2019-11-25T18:20:53</date>
  <millis>1574686253151</millis>
  <sequence>217</sequence>
  <level>END</level>
  <class>com.kms.katalon.core.logging.XmlKeywordLogger</class>
  <method>endKeyword</method>
  <thread>1</thread>
  <message>End action : else</message>
  <nestedLevel>2</nestedLevel>
</record>
<record>
  <date>2019-11-25T18:20:53</date>
  <millis>1574686253151</millis>
  <sequence>218</sequence>
  <level>START</level>
  <class>com.kms.katalon.core.logging.XmlKeywordLogger</class>
  <method>startKeyword</method>
  <thread>1</thread>
  <message>Start action : println(noOfContacts)</message>
  <nestedLevel>2</nestedLevel>
  <property name="startLine">19</property>
  <property name="stepIndex">1</property>
</record>
<record>
  <date>2019-11-25T18:20:53</date>
  <millis>1574686253152</millis>
  <sequence>219</sequence>
  <level>END</level>
  <class>com.kms.katalon.core.logging.XmlKeywordLogger</class>
  <method>endKeyword</method>
  <thread>1</thread>
  <message>End action : println(noOfContacts)</message>
  <nestedLevel>2</nestedLevel>
</record>
<record>
  <date>2019-11-25T18:20:53</date>
  <millis>1574686253152</millis>
  <sequence>220</sequence>
  <level>START</level>
  <class>com.kms.katalon.core.logging.XmlKeywordLogger</class>
  <method>startKeyword</method>
  <thread>1</thread>
  <message>Start action : firstName = findTestData(\&amp;quot;contactData\&amp;quot;).getValue(\&amp;quot;firstName\&amp;quot;, row)</message>
  <nestedLevel>2</nestedLevel>
  <property name="startLine">21</property>
  <property name="stepIndex">2</property>
</record>
<record>
  <date>2019-11-25T18:20:53</date>
  <millis>1574686253215</millis>
  <sequence>225</sequence>
  <level>END</level>
  <class>com.kms.katalon.core.logging.XmlKeywordLogger</class>
  <method>endKeyword</method>
  <thread>1</thread>
  <message>End action : firstName = findTestData(\&amp;quot;contactData\&amp;quot;).getValue(\&amp;quot;firstName\&amp;quot;, row)</message>
  <nestedLevel>2</nestedLevel>
</record>
<record>
  <date>2019-11-25T18:20:53</date>
  <millis>1574686253215</millis>
  <sequence>226</sequence>
  <level>START</level>
  <class>com.kms.katalon.core.logging.XmlKeywordLogger</class>
  <method>startKeyword</method>
  <thread>1</thread>
  <message>Start action : lastName = findTestData(\&amp;quot;contactData\&amp;quot;).getValue(\&amp;quot;lastName\&amp;quot;, row)</message>
  <nestedLevel>2</nestedLevel>
  <property name="startLine">23</property>
  <property name="stepIndex">3</property>
</record>
<record>
  <date>2019-11-25T18:20:53</date>
  <millis>1574686253294</millis>
  <sequence>231</sequence>
  <level>END</level>
  <class>com.kms.katalon.core.logging.XmlKeywordLogger</class>
  <method>endKeyword</method>
  <thread>1</thread>
  <message>End action : lastName = findTestData(\&amp;quot;contactData\&amp;quot;).getValue(\&amp;quot;lastName\&amp;quot;, row)</message>
  <nestedLevel>2</nestedLevel>
</record>
<record>
  <date>2019-11-25T18:20:53</date>
  <millis>1574686253294</millis>
  <sequence>232</sequence>
  <level>START</level>
  <class>com.kms.katalon.core.logging.XmlKeywordLogger</class>
  <method>startKeyword</method>
  <thread>1</thread>
  <message>Start action : email = findTestData(\&amp;quot;contactData\&amp;quot;).getValue(\&amp;quot;email\&amp;quot;, row)</message>
  <nestedLevel>2</nestedLevel>
  <property name="startLine">25</property>
  <property name="stepIndex">4</property>
</record>
<record>
  <date>2019-11-25T18:20:53</date>
  <millis>1574686253353</millis>
  <sequence>237</sequence>
  <level>END</level>
  <class>com.kms.katalon.core.logging.XmlKeywordLogger</class>
  <method>endKeyword</method>
  <thread>1</thread>
  <message>End action : email = findTestData(\&amp;quot;contactData\&amp;quot;).getValue(\&amp;quot;email\&amp;quot;, row)</message>
  <nestedLevel>2</nestedLevel>
</record>
<record>
  <date>2019-11-25T18:20:53</date>
  <millis>1574686253354</millis>
  <sequence>238</sequence>
  <level>START</level>
  <class>com.kms.katalon.core.logging.XmlKeywordLogger</class>
  <method>startKeyword</method>
  <thread>1</thread>
  <message>Start action : address1 = findTestData(\&amp;quot;contactData\&amp;quot;).getValue(\&amp;quot;address1\&amp;quot;, row)</message>
  <nestedLevel>2</nestedLevel>
  <property name="startLine">27</property>
  <property name="stepIndex">5</property>
</record>
<record>
  <date>2019-11-25T18:20:53</date>
  <millis>1574686253400</millis>
  <sequence>243</sequence>
  <level>END</level>
  <class>com.kms.katalon.core.logging.XmlKeywordLogger</class>
  <method>endKeyword</method>
  <thread>1</thread>
  <message>End action : address1 = findTestData(\&amp;quot;contactData\&amp;quot;).getValue(\&amp;quot;address1\&amp;quot;, row)</message>
  <nestedLevel>2</nestedLevel>
</record>
<record>
  <date>2019-11-25T18:20:53</date>
  <millis>1574686253401</millis>
  <sequence>244</sequence>
  <level>START</level>
  <class>com.kms.katalon.core.logging.XmlKeywordLogger</class>
  <method>startKeyword</method>
  <thread>1</thread>
  <message>Start action : city = findTestData(\&amp;quot;contactData\&amp;quot;).getValue(\&amp;quot;city\&amp;quot;, row)</message>
  <nestedLevel>2</nestedLevel>
  <property name="startLine">29</property>
  <property name="stepIndex">6</property>
</record>
<record>
  <date>2019-11-25T18:20:53</date>
  <millis>1574686253632</millis>
  <sequence>249</sequence>
  <level>END</level>
  <class>com.kms.katalon.core.logging.XmlKeywordLogger</class>
  <method>endKeyword</method>
  <thread>1</thread>
  <message>End action : city = findTestData(\&amp;quot;contactData\&amp;quot;).getValue(\&amp;quot;city\&amp;quot;, row)</message>
  <nestedLevel>2</nestedLevel>
</record>
<record>
  <date>2019-11-25T18:20:53</date>
  <millis>1574686253633</millis>
  <sequence>250</sequence>
  <level>START</level>
  <class>com.kms.katalon.core.logging.XmlKeywordLogger</class>
  <method>startKeyword</method>
  <thread>1</thread>
  <message>Start action : state = findTestData(\&amp;quot;contactData\&amp;quot;).getValue(\&amp;quot;state\&amp;quot;, row)</message>
  <nestedLevel>2</nestedLevel>
  <property name="startLine">31</property>
  <property name="stepIndex">7</property>
</record>
<record>
  <date>2019-11-25T18:20:53</date>
  <millis>1574686253680</millis>
  <sequence>255</sequence>
  <level>END</level>
  <class>com.kms.katalon.core.logging.XmlKeywordLogger</class>
  <method>endKeyword</method>
  <thread>1</thread>
  <message>End action : state = findTestData(\&amp;quot;contactData\&amp;quot;).getValue(\&amp;quot;state\&amp;quot;, row)</message>
  <nestedLevel>2</nestedLevel>
</record>
<record>
  <date>2019-11-25T18:20:53</date>
  <millis>1574686253681</millis>
  <sequence>256</sequence>
  <level>START</level>
  <class>com.kms.katalon.core.logging.XmlKeywordLogger</class>
  <method>startKeyword</method>
  <thread>1</thread>
  <message>Start action : zip = findTestData(\&amp;quot;contactData\&amp;quot;).getValue(\&amp;quot;zip\&amp;quot;, row)</message>
  <nestedLevel>2</nestedLevel>
  <property name="startLine">33</property>
  <property name="stepIndex">8</property>
</record>
<record>
  <date>2019-11-25T18:20:53</date>
  <millis>1574686253719</millis>
  <sequence>261</sequence>
  <level>END</level>
  <class>com.kms.katalon.core.logging.XmlKeywordLogger</class>
  <method>endKeyword</method>
  <thread>1</thread>
  <message>End action : zip = findTestData(\&amp;quot;contactData\&amp;quot;).getValue(\&amp;quot;zip\&amp;quot;, row)</message>
  <nestedLevel>2</nestedLevel>
</record>
<record>
  <date>2019-11-25T18:20:53</date>
  <millis>1574686253719</millis>
  <sequence>262</sequence>
  <level>START</level>
  <class>com.kms.katalon.core.logging.XmlKeywordLogger</class>
  <method>startKeyword</method>
  <thread>1</thread>
  <message>Start action : driver = getWebDriver()</message>
  <nestedLevel>2</nestedLevel>
  <property name="startLine">35</property>
  <property name="stepIndex">9</property>
</record>
<record>
  <date>2019-11-25T18:20:53</date>
  <millis>1574686253720</millis>
  <sequence>263</sequence>
  <level>END</level>
  <class>com.kms.katalon.core.logging.XmlKeywordLogger</class>
  <method>endKeyword</method>
  <thread>1</thread>
  <message>End action : driver = getWebDriver()</message>
  <nestedLevel>2</nestedLevel>
</record>
<record>
  <date>2019-11-25T18:20:53</date>
  <millis>1574686253722</millis>
  <sequence>264</sequence>
  <level>START</level>
  <class>com.kms.katalon.core.logging.XmlKeywordLogger</class>
  <method>startKeyword</method>
  <thread>1</thread>
  <message>Start action : executor = driver</message>
  <nestedLevel>2</nestedLevel>
  <property name="startLine">36</property>
  <property name="stepIndex">10</property>
</record>
<record>
  <date>2019-11-25T18:20:53</date>
  <millis>1574686253724</millis>
  <sequence>265</sequence>
  <level>END</level>
  <class>com.kms.katalon.core.logging.XmlKeywordLogger</class>
  <method>endKeyword</method>
  <thread>1</thread>
  <message>End action : executor = driver</message>
  <nestedLevel>2</nestedLevel>
</record>
<record>
  <date>2019-11-25T18:20:53</date>
  <millis>1574686253724</millis>
  <sequence>266</sequence>
  <level>START</level>
  <class>com.kms.katalon.core.logging.XmlKeywordLogger</class>
  <method>startKeyword</method>
  <thread>1</thread>
  <message>Start action : executor.executeScript(\&amp;quot;arguments[0].click();\&amp;quot;, findWebElement(findTestObject(\&amp;quot;Page_cabi Home/a_Contact Manager\&amp;quot;), 5))</message>
  <nestedLevel>2</nestedLevel>
  <property name="startLine">37</property>
  <property name="stepIndex">11</property>
</record>
<record>
  <date>2019-11-25T18:20:58</date>
  <millis>1574686258702</millis>
  <sequence>271</sequence>
  <level>END</level>
  <class>com.kms.katalon.core.logging.XmlKeywordLogger</class>
  <method>endKeyword</method>
  <thread>1</thread>
  <message>End action : executor.executeScript(\&amp;quot;arguments[0].click();\&amp;quot;, findWebElement(findTestObject(\&amp;quot;Page_cabi Home/a_Contact Manager\&amp;quot;), 5))</message>
  <nestedLevel>2</nestedLevel>
</record>
<record>
  <date>2019-11-25T18:20:58</date>
  <millis>1574686258702</millis>
  <sequence>272</sequence>
  <level>START</level>
  <class>com.kms.katalon.core.logging.XmlKeywordLogger</class>
  <method>startKeyword</method>
  <thread>1</thread>
  <message>Start action : space = \&amp;quot; \&amp;quot;</message>
  <nestedLevel>2</nestedLevel>
  <property name="startLine">39</property>
  <property name="stepIndex">12</property>
</record>
<record>
  <date>2019-11-25T18:20:58</date>
  <millis>1574686258704</millis>
  <sequence>273</sequence>
  <level>END</level>
  <class>com.kms.katalon.core.logging.XmlKeywordLogger</class>
  <method>endKeyword</method>
  <thread>1</thread>
  <message>End action : space = \&amp;quot; \&amp;quot;</message>
  <nestedLevel>2</nestedLevel>
</record>
<record>
  <date>2019-11-25T18:20:58</date>
  <millis>1574686258706</millis>
  <sequence>274</sequence>
  <level>START</level>
  <class>com.kms.katalon.core.logging.XmlKeywordLogger</class>
  <method>startKeyword</method>
  <thread>1</thread>
  <message>Start action : fNameLName = $firstName$space$lastName</message>
  <nestedLevel>2</nestedLevel>
  <property name="startLine">41</property>
  <property name="stepIndex">13</property>
</record>
<record>
  <date>2019-11-25T18:20:58</date>
  <millis>1574686258707</millis>
  <sequence>275</sequence>
  <level>END</level>
  <class>com.kms.katalon.core.logging.XmlKeywordLogger</class>
  <method>endKeyword</method>
  <thread>1</thread>
  <message>End action : fNameLName = $firstName$space$lastName</message>
  <nestedLevel>2</nestedLevel>
</record>
<record>
  <date>2019-11-25T18:20:58</date>
  <millis>1574686258707</millis>
  <sequence>276</sequence>
  <level>START</level>
  <class>com.kms.katalon.core.logging.XmlKeywordLogger</class>
  <method>startKeyword</method>
  <thread>1</thread>
  <message>Start action : setText(findTestObject(\&amp;quot;Page_cabi Edit Customer Profile/input_check_contact\&amp;quot;), fNameLName)</message>
  <nestedLevel>2</nestedLevel>
  <property name="startLine">43</property>
  <property name="stepIndex">14</property>
</record>
<record>
  <date>2019-11-25T18:21:00</date>
  <millis>1574686260431</millis>
  <sequence>285</sequence>
  <level>PASSED</level>
  <class>com.kms.katalon.core.logging.XmlKeywordLogger</class>
  <method>logMessage</method>
  <thread>1</thread>
  <message>Text &amp;apos;bcohost-test abc&amp;apos; is set on object &amp;apos;Object Repository/Page_cabi Edit Customer Profile/input_check_contact&amp;apos;</message>
  <nestedLevel>1</nestedLevel>
</record>
<record>
  <date>2019-11-25T18:21:00</date>
  <millis>1574686260432</millis>
  <sequence>286</sequence>
  <level>END</level>
  <class>com.kms.katalon.core.logging.XmlKeywordLogger</class>
  <method>endKeyword</method>
  <thread>1</thread>
  <message>End action : setText(findTestObject(\&amp;quot;Page_cabi Edit Customer Profile/input_check_contact\&amp;quot;), fNameLName)</message>
  <nestedLevel>2</nestedLevel>
</record>
<record>
  <date>2019-11-25T18:21:00</date>
  <millis>1574686260432</millis>
  <sequence>287</sequence>
  <level>START</level>
  <class>com.kms.katalon.core.logging.XmlKeywordLogger</class>
  <method>startKeyword</method>
  <thread>1</thread>
  <message>Start action : delay(2)</message>
  <nestedLevel>2</nestedLevel>
  <property name="startLine">45</property>
  <property name="stepIndex">15</property>
</record>
<record>
  <date>2019-11-25T18:21:02</date>
  <millis>1574686262435</millis>
  <sequence>289</sequence>
  <level>PASSED</level>
  <class>com.kms.katalon.core.logging.XmlKeywordLogger</class>
  <method>logMessage</method>
  <thread>1</thread>
  <message>Delayed 2 second(s)</message>
  <nestedLevel>1</nestedLevel>
</record>
<record>
  <date>2019-11-25T18:21:02</date>
  <millis>1574686262436</millis>
  <sequence>290</sequence>
  <level>END</level>
  <class>com.kms.katalon.core.logging.XmlKeywordLogger</class>
  <method>endKeyword</method>
  <thread>1</thread>
  <message>End action : delay(2)</message>
  <nestedLevel>2</nestedLevel>
</record>
<record>
  <date>2019-11-25T18:21:02</date>
  <millis>1574686262437</millis>
  <sequence>291</sequence>
  <level>START</level>
  <class>com.kms.katalon.core.logging.XmlKeywordLogger</class>
  <method>startKeyword</method>
  <thread>1</thread>
  <message>Start action : contactNotFound = findWebElements(findTestObject(\&amp;quot;Page_cabi/div_contact_not_found\&amp;quot;), 5)</message>
  <nestedLevel>2</nestedLevel>
  <property name="startLine">47</property>
  <property name="stepIndex">16</property>
</record>
<record>
  <date>2019-11-25T18:21:07</date>
  <millis>1574686267636</millis>
  <sequence>295</sequence>
  <level>INFO</level>
  <class>com.kms.katalon.core.logging.XmlKeywordLogger</class>
  <method>logMessage</method>
  <thread>1</thread>
  <message>Unable to find the element located by &amp;apos;By.xpath: //div[@id=&amp;apos;primary-content&amp;apos;]/div[4]/div/div[3]/div[2]/div[2]/div&amp;apos;. Please recheck the objects properties to make sure the desired element is located. </message>
  <nestedLevel>1</nestedLevel>
</record>
<record>
  <date>2019-11-25T18:21:07</date>
  <millis>1574686267637</millis>
  <sequence>296</sequence>
  <level>END</level>
  <class>com.kms.katalon.core.logging.XmlKeywordLogger</class>
  <method>endKeyword</method>
  <thread>1</thread>
  <message>End action : contactNotFound = findWebElements(findTestObject(\&amp;quot;Page_cabi/div_contact_not_found\&amp;quot;), 5)</message>
  <nestedLevel>2</nestedLevel>
</record>
<record>
  <date>2019-11-25T18:21:07</date>
  <millis>1574686267638</millis>
  <sequence>297</sequence>
  <level>START</level>
  <class>com.kms.katalon.core.logging.XmlKeywordLogger</class>
  <method>startKeyword</method>
  <thread>1</thread>
  <message>Start action : if (contactNotFound.size() &amp;gt; 0)</message>
  <nestedLevel>2</nestedLevel>
  <property name="startLine">50</property>
  <property name="stepIndex">17</property>
</record>
<record>
  <date>2019-11-25T18:21:07</date>
  <millis>1574686267640</millis>
  <sequence>298</sequence>
  <level>END</level>
  <class>com.kms.katalon.core.logging.XmlKeywordLogger</class>
  <method>endKeyword</method>
  <thread>1</thread>
  <message>End action : if (contactNotFound.size() &amp;gt; 0)</message>
  <nestedLevel>2</nestedLevel>
</record>
<record>
  <date>2019-11-25T18:21:07</date>
  <millis>1574686267640</millis>
  <sequence>299</sequence>
  <level>START</level>
  <class>com.kms.katalon.core.logging.XmlKeywordLogger</class>
  <method>startKeyword</method>
  <thread>1</thread>
  <message>Start action : else</message>
  <nestedLevel>2</nestedLevel>
  <property name="startLine">100</property>
  <property name="stepIndex">18</property>
</record>
<record>
  <date>2019-11-25T18:21:07</date>
  <millis>1574686267641</millis>
  <sequence>300</sequence>
  <level>START</level>
  <class>com.kms.katalon.core.logging.XmlKeywordLogger</class>
  <method>startKeyword</method>
  <thread>1</thread>
  <message>Start action : println(\&amp;quot;Contact already present.\&amp;quot;)</message>
  <nestedLevel>3</nestedLevel>
  <property name="startLine">101</property>
  <property name="stepIndex">1</property>
</record>
<record>
  <date>2019-11-25T18:21:07</date>
  <millis>1574686267642</millis>
  <sequence>301</sequence>
  <level>END</level>
  <class>com.kms.katalon.core.logging.XmlKeywordLogger</class>
  <method>endKeyword</method>
  <thread>1</thread>
  <message>End action : println(\&amp;quot;Contact already present.\&amp;quot;)</message>
  <nestedLevel>3</nestedLevel>
</record>
<record>
  <date>2019-11-25T18:21:07</date>
  <millis>1574686267643</millis>
  <sequence>302</sequence>
  <level>END</level>
  <class>com.kms.katalon.core.logging.XmlKeywordLogger</class>
  <method>endKeyword</method>
  <thread>1</thread>
  <message>End action : else</message>
  <nestedLevel>2</nestedLevel>
</record>
<record>
  <date>2019-11-25T18:21:07</date>
  <millis>1574686267643</millis>
  <sequence>303</sequence>
  <level>START</level>
  <class>com.kms.katalon.core.logging.XmlKeywordLogger</class>
  <method>startKeyword</method>
  <thread>1</thread>
  <message>Start action : println(noOfContacts)</message>
  <nestedLevel>2</nestedLevel>
  <property name="startLine">19</property>
  <property name="stepIndex">1</property>
</record>
<record>
  <date>2019-11-25T18:21:07</date>
  <millis>1574686267644</millis>
  <sequence>304</sequence>
  <level>END</level>
  <class>com.kms.katalon.core.logging.XmlKeywordLogger</class>
  <method>endKeyword</method>
  <thread>1</thread>
  <message>End action : println(noOfContacts)</message>
  <nestedLevel>2</nestedLevel>
</record>
<record>
  <date>2019-11-25T18:21:07</date>
  <millis>1574686267645</millis>
  <sequence>305</sequence>
  <level>START</level>
  <class>com.kms.katalon.core.logging.XmlKeywordLogger</class>
  <method>startKeyword</method>
  <thread>1</thread>
  <message>Start action : firstName = findTestData(\&amp;quot;contactData\&amp;quot;).getValue(\&amp;quot;firstName\&amp;quot;, row)</message>
  <nestedLevel>2</nestedLevel>
  <property name="startLine">21</property>
  <property name="stepIndex">2</property>
</record>
<record>
  <date>2019-11-25T18:21:07</date>
  <millis>1574686267695</millis>
  <sequence>310</sequence>
  <level>END</level>
  <class>com.kms.katalon.core.logging.XmlKeywordLogger</class>
  <method>endKeyword</method>
  <thread>1</thread>
  <message>End action : firstName = findTestData(\&amp;quot;contactData\&amp;quot;).getValue(\&amp;quot;firstName\&amp;quot;, row)</message>
  <nestedLevel>2</nestedLevel>
</record>
<record>
  <date>2019-11-25T18:21:07</date>
  <millis>1574686267696</millis>
  <sequence>311</sequence>
  <level>START</level>
  <class>com.kms.katalon.core.logging.XmlKeywordLogger</class>
  <method>startKeyword</method>
  <thread>1</thread>
  <message>Start action : lastName = findTestData(\&amp;quot;contactData\&amp;quot;).getValue(\&amp;quot;lastName\&amp;quot;, row)</message>
  <nestedLevel>2</nestedLevel>
  <property name="startLine">23</property>
  <property name="stepIndex">3</property>
</record>
<record>
  <date>2019-11-25T18:21:07</date>
  <millis>1574686267745</millis>
  <sequence>316</sequence>
  <level>END</level>
  <class>com.kms.katalon.core.logging.XmlKeywordLogger</class>
  <method>endKeyword</method>
  <thread>1</thread>
  <message>End action : lastName = findTestData(\&amp;quot;contactData\&amp;quot;).getValue(\&amp;quot;lastName\&amp;quot;, row)</message>
  <nestedLevel>2</nestedLevel>
</record>
<record>
  <date>2019-11-25T18:21:07</date>
  <millis>1574686267746</millis>
  <sequence>317</sequence>
  <level>START</level>
  <class>com.kms.katalon.core.logging.XmlKeywordLogger</class>
  <method>startKeyword</method>
  <thread>1</thread>
  <message>Start action : email = findTestData(\&amp;quot;contactData\&amp;quot;).getValue(\&amp;quot;email\&amp;quot;, row)</message>
  <nestedLevel>2</nestedLevel>
  <property name="startLine">25</property>
  <property name="stepIndex">4</property>
</record>
<record>
  <date>2019-11-25T18:21:07</date>
  <millis>1574686267794</millis>
  <sequence>322</sequence>
  <level>END</level>
  <class>com.kms.katalon.core.logging.XmlKeywordLogger</class>
  <method>endKeyword</method>
  <thread>1</thread>
  <message>End action : email = findTestData(\&amp;quot;contactData\&amp;quot;).getValue(\&amp;quot;email\&amp;quot;, row)</message>
  <nestedLevel>2</nestedLevel>
</record>
<record>
  <date>2019-11-25T18:21:07</date>
  <millis>1574686267794</millis>
  <sequence>323</sequence>
  <level>START</level>
  <class>com.kms.katalon.core.logging.XmlKeywordLogger</class>
  <method>startKeyword</method>
  <thread>1</thread>
  <message>Start action : address1 = findTestData(\&amp;quot;contactData\&amp;quot;).getValue(\&amp;quot;address1\&amp;quot;, row)</message>
  <nestedLevel>2</nestedLevel>
  <property name="startLine">27</property>
  <property name="stepIndex">5</property>
</record>
<record>
  <date>2019-11-25T18:21:07</date>
  <millis>1574686267842</millis>
  <sequence>328</sequence>
  <level>END</level>
  <class>com.kms.katalon.core.logging.XmlKeywordLogger</class>
  <method>endKeyword</method>
  <thread>1</thread>
  <message>End action : address1 = findTestData(\&amp;quot;contactData\&amp;quot;).getValue(\&amp;quot;address1\&amp;quot;, row)</message>
  <nestedLevel>2</nestedLevel>
</record>
<record>
  <date>2019-11-25T18:21:07</date>
  <millis>1574686267842</millis>
  <sequence>329</sequence>
  <level>START</level>
  <class>com.kms.katalon.core.logging.XmlKeywordLogger</class>
  <method>startKeyword</method>
  <thread>1</thread>
  <message>Start action : city = findTestData(\&amp;quot;contactData\&amp;quot;).getValue(\&amp;quot;city\&amp;quot;, row)</message>
  <nestedLevel>2</nestedLevel>
  <property name="startLine">29</property>
  <property name="stepIndex">6</property>
</record>
<record>
  <date>2019-11-25T18:21:07</date>
  <millis>1574686267898</millis>
  <sequence>334</sequence>
  <level>END</level>
  <class>com.kms.katalon.core.logging.XmlKeywordLogger</class>
  <method>endKeyword</method>
  <thread>1</thread>
  <message>End action : city = findTestData(\&amp;quot;contactData\&amp;quot;).getValue(\&amp;quot;city\&amp;quot;, row)</message>
  <nestedLevel>2</nestedLevel>
</record>
<record>
  <date>2019-11-25T18:21:07</date>
  <millis>1574686267898</millis>
  <sequence>335</sequence>
  <level>START</level>
  <class>com.kms.katalon.core.logging.XmlKeywordLogger</class>
  <method>startKeyword</method>
  <thread>1</thread>
  <message>Start action : state = findTestData(\&amp;quot;contactData\&amp;quot;).getValue(\&amp;quot;state\&amp;quot;, row)</message>
  <nestedLevel>2</nestedLevel>
  <property name="startLine">31</property>
  <property name="stepIndex">7</property>
</record>
<record>
  <date>2019-11-25T18:21:07</date>
  <millis>1574686267940</millis>
  <sequence>340</sequence>
  <level>END</level>
  <class>com.kms.katalon.core.logging.XmlKeywordLogger</class>
  <method>endKeyword</method>
  <thread>1</thread>
  <message>End action : state = findTestData(\&amp;quot;contactData\&amp;quot;).getValue(\&amp;quot;state\&amp;quot;, row)</message>
  <nestedLevel>2</nestedLevel>
</record>
<record>
  <date>2019-11-25T18:21:07</date>
  <millis>1574686267940</millis>
  <sequence>341</sequence>
  <level>START</level>
  <class>com.kms.katalon.core.logging.XmlKeywordLogger</class>
  <method>startKeyword</method>
  <thread>1</thread>
  <message>Start action : zip = findTestData(\&amp;quot;contactData\&amp;quot;).getValue(\&amp;quot;zip\&amp;quot;, row)</message>
  <nestedLevel>2</nestedLevel>
  <property name="startLine">33</property>
  <property name="stepIndex">8</property>
</record>
<record>
  <date>2019-11-25T18:21:07</date>
  <millis>1574686267990</millis>
  <sequence>346</sequence>
  <level>END</level>
  <class>com.kms.katalon.core.logging.XmlKeywordLogger</class>
  <method>endKeyword</method>
  <thread>1</thread>
  <message>End action : zip = findTestData(\&amp;quot;contactData\&amp;quot;).getValue(\&amp;quot;zip\&amp;quot;, row)</message>
  <nestedLevel>2</nestedLevel>
</record>
<record>
  <date>2019-11-25T18:21:07</date>
  <millis>1574686267990</millis>
  <sequence>347</sequence>
  <level>START</level>
  <class>com.kms.katalon.core.logging.XmlKeywordLogger</class>
  <method>startKeyword</method>
  <thread>1</thread>
  <message>Start action : driver = getWebDriver()</message>
  <nestedLevel>2</nestedLevel>
  <property name="startLine">35</property>
  <property name="stepIndex">9</property>
</record>
<record>
  <date>2019-11-25T18:21:07</date>
  <millis>1574686267991</millis>
  <sequence>348</sequence>
  <level>END</level>
  <class>com.kms.katalon.core.logging.XmlKeywordLogger</class>
  <method>endKeyword</method>
  <thread>1</thread>
  <message>End action : driver = getWebDriver()</message>
  <nestedLevel>2</nestedLevel>
</record>
<record>
  <date>2019-11-25T18:21:07</date>
  <millis>1574686267991</millis>
  <sequence>349</sequence>
  <level>START</level>
  <class>com.kms.katalon.core.logging.XmlKeywordLogger</class>
  <method>startKeyword</method>
  <thread>1</thread>
  <message>Start action : executor = driver</message>
  <nestedLevel>2</nestedLevel>
  <property name="startLine">36</property>
  <property name="stepIndex">10</property>
</record>
<record>
  <date>2019-11-25T18:21:07</date>
  <millis>1574686267992</millis>
  <sequence>350</sequence>
  <level>END</level>
  <class>com.kms.katalon.core.logging.XmlKeywordLogger</class>
  <method>endKeyword</method>
  <thread>1</thread>
  <message>End action : executor = driver</message>
  <nestedLevel>2</nestedLevel>
</record>
<record>
  <date>2019-11-25T18:21:07</date>
  <millis>1574686267992</millis>
  <sequence>351</sequence>
  <level>START</level>
  <class>com.kms.katalon.core.logging.XmlKeywordLogger</class>
  <method>startKeyword</method>
  <thread>1</thread>
  <message>Start action : executor.executeScript(\&amp;quot;arguments[0].click();\&amp;quot;, findWebElement(findTestObject(\&amp;quot;Page_cabi Home/a_Contact Manager\&amp;quot;), 5))</message>
  <nestedLevel>2</nestedLevel>
  <property name="startLine">37</property>
  <property name="stepIndex">11</property>
</record>
<record>
  <date>2019-11-25T18:21:12</date>
  <millis>1574686272631</millis>
  <sequence>356</sequence>
  <level>END</level>
  <class>com.kms.katalon.core.logging.XmlKeywordLogger</class>
  <method>endKeyword</method>
  <thread>1</thread>
  <message>End action : executor.executeScript(\&amp;quot;arguments[0].click();\&amp;quot;, findWebElement(findTestObject(\&amp;quot;Page_cabi Home/a_Contact Manager\&amp;quot;), 5))</message>
  <nestedLevel>2</nestedLevel>
</record>
<record>
  <date>2019-11-25T18:21:12</date>
  <millis>1574686272632</millis>
  <sequence>357</sequence>
  <level>START</level>
  <class>com.kms.katalon.core.logging.XmlKeywordLogger</class>
  <method>startKeyword</method>
  <thread>1</thread>
  <message>Start action : space = \&amp;quot; \&amp;quot;</message>
  <nestedLevel>2</nestedLevel>
  <property name="startLine">39</property>
  <property name="stepIndex">12</property>
</record>
<record>
  <date>2019-11-25T18:21:12</date>
  <millis>1574686272633</millis>
  <sequence>358</sequence>
  <level>END</level>
  <class>com.kms.katalon.core.logging.XmlKeywordLogger</class>
  <method>endKeyword</method>
  <thread>1</thread>
  <message>End action : space = \&amp;quot; \&amp;quot;</message>
  <nestedLevel>2</nestedLevel>
</record>
<record>
  <date>2019-11-25T18:21:12</date>
  <millis>1574686272634</millis>
  <sequence>359</sequence>
  <level>START</level>
  <class>com.kms.katalon.core.logging.XmlKeywordLogger</class>
  <method>startKeyword</method>
  <thread>1</thread>
  <message>Start action : fNameLName = $firstName$space$lastName</message>
  <nestedLevel>2</nestedLevel>
  <property name="startLine">41</property>
  <property name="stepIndex">13</property>
</record>
<record>
  <date>2019-11-25T18:21:12</date>
  <millis>1574686272634</millis>
  <sequence>360</sequence>
  <level>END</level>
  <class>com.kms.katalon.core.logging.XmlKeywordLogger</class>
  <method>endKeyword</method>
  <thread>1</thread>
  <message>End action : fNameLName = $firstName$space$lastName</message>
  <nestedLevel>2</nestedLevel>
</record>
<record>
  <date>2019-11-25T18:21:12</date>
  <millis>1574686272635</millis>
  <sequence>361</sequence>
  <level>START</level>
  <class>com.kms.katalon.core.logging.XmlKeywordLogger</class>
  <method>startKeyword</method>
  <thread>1</thread>
  <message>Start action : setText(findTestObject(\&amp;quot;Page_cabi Edit Customer Profile/input_check_contact\&amp;quot;), fNameLName)</message>
  <nestedLevel>2</nestedLevel>
  <property name="startLine">43</property>
  <property name="stepIndex">14</property>
</record>
